{"C:\\Users\\Schulx\\HubMercurius\\.claude\\worktrees\\intelligent-lovelace\\src\\App.jsx": {"path":"C:\\Users\\Schulx\\HubMercurius\\.claude\\worktrees\\intelligent-lovelace\\src\\App.jsx","statementMap":{"0":{"start":{"line":17,"column":26},"end":{"line":17,"column":40}},"1":{"start":{"line":18,"column":40},"end":{"line":18,"column":54}},"2":{"start":{"line":20,"column":2},"end":{"line":29,"column":9}},"3":{"start":{"line":22,"column":24},"end":{"line":25,"column":6}},"4":{"start":{"line":23,"column":6},"end":{"line":23,"column":27}},"5":{"start":{"line":24,"column":6},"end":{"line":24,"column":28}},"6":{"start":{"line":28,"column":4},"end":{"line":28,"column":31}},"7":{"start":{"line":28,"column":17},"end":{"line":28,"column":30}},"8":{"start":{"line":32,"column":2},"end":{"line":39,"column":3}},"9":{"start":{"line":33,"column":4},"end":{"line":38,"column":6}},"10":{"start":{"line":41,"column":2},"end":{"line":64,"column":4}},"11":{"start":{"line":68,"column":2},"end":{"line":85,"column":4}}},"fnMap":{"0":{"name":"AppContent","decl":{"start":{"line":16,"column":9},"end":{"line":16,"column":19}},"loc":{"start":{"line":16,"column":22},"end":{"line":65,"column":1}},"line":16},"1":{"name":"(anonymous_1)","decl":{"start":{"line":20,"column":12},"end":{"line":20,"column":13}},"loc":{"start":{"line":20,"column":18},"end":{"line":29,"column":3}},"line":20},"2":{"name":"(anonymous_2)","decl":{"start":{"line":22,"column":49},"end":{"line":22,"column":50}},"loc":{"start":{"line":22,"column":66},"end":{"line":25,"column":5}},"line":22},"3":{"name":"(anonymous_3)","decl":{"start":{"line":28,"column":11},"end":{"line":28,"column":12}},"loc":{"start":{"line":28,"column":17},"end":{"line":28,"column":30}},"line":28},"4":{"name":"App","decl":{"start":{"line":67,"column":24},"end":{"line":67,"column":27}},"loc":{"start":{"line":67,"column":30},"end":{"line":86,"column":1}},"line":67}},"branchMap":{"0":{"loc":{"start":{"line":32,"column":2},"end":{"line":39,"column":3}},"type":"if","locations":[{"start":{"line":32,"column":2},"end":{"line":39,"column":3}},{"start":{},"end":{}}],"line":32},"1":{"loc":{"start":{"line":48,"column":7},"end":{"line":59,"column":7}},"type":"cond-expr","locations":[{"start":{"line":49,"column":8},"end":{"line":56,"column":10}},{"start":{"line":58,"column":8},"end":{"line":58,"column":80}}],"line":48},"2":{"loc":{"start":{"line":62,"column":31},"end":{"line":62,"column":104}},"type":"cond-expr","locations":[{"start":{"line":62,"column":38},"end":{"line":62,"column":74}},{"start":{"line":62,"column":77},"end":{"line":62,"column":104}}],"line":62}},"s":{"0":0,"1":0,"2":0,"3":0,"4":0,"5":0,"6":0,"7":0,"8":0,"9":0,"10":0,"11":0},"f":{"0":0,"1":0,"2":0,"3":0,"4":0},"b":{"0":[0,0],"1":[0,0],"2":[0,0]}}
,"C:\\Users\\Schulx\\HubMercurius\\.claude\\worktrees\\intelligent-lovelace\\src\\components\\admin\\AdminAgendaTab.jsx": {"path":"C:\\Users\\Schulx\\HubMercurius\\.claude\\worktrees\\intelligent-lovelace\\src\\components\\admin\\AdminAgendaTab.jsx","statementMap":{"0":{"start":{"line":8,"column":21},"end":{"line":8,"column":79}},"1":{"start":{"line":10,"column":19},"end":{"line":10,"column":77}},"2":{"start":{"line":21,"column":46},"end":{"line":21,"column":58}},"3":{"start":{"line":22,"column":36},"end":{"line":22,"column":56}},"4":{"start":{"line":23,"column":44},"end":{"line":23,"column":59}},"5":{"start":{"line":25,"column":2},"end":{"line":37,"column":9}},"6":{"start":{"line":26,"column":22},"end":{"line":26,"column":60}},"7":{"start":{"line":27,"column":18},"end":{"line":35,"column":5}},"8":{"start":{"line":30,"column":8},"end":{"line":32,"column":9}},"9":{"start":{"line":31,"column":10},"end":{"line":31,"column":54}},"10":{"start":{"line":36,"column":4},"end":{"line":36,"column":25}},"11":{"start":{"line":36,"column":17},"end":{"line":36,"column":24}},"12":{"start":{"line":39,"column":25},"end":{"line":62,"column":3}},"13":{"start":{"line":40,"column":4},"end":{"line":40,"column":23}},"14":{"start":{"line":41,"column":4},"end":{"line":41,"column":52}},"15":{"start":{"line":41,"column":45},"end":{"line":41,"column":52}},"16":{"start":{"line":42,"column":4},"end":{"line":42,"column":27}},"17":{"start":{"line":43,"column":4},"end":{"line":61,"column":5}},"18":{"start":{"line":44,"column":23},"end":{"line":51,"column":7}},"19":{"start":{"line":52,"column":22},"end":{"line":52,"column":51}},"20":{"start":{"line":53,"column":24},"end":{"line":53,"column":62}},"21":{"start":{"line":54,"column":6},"end":{"line":54,"column":51}},"22":{"start":{"line":55,"column":6},"end":{"line":55,"column":31}},"23":{"start":{"line":57,"column":6},"end":{"line":57,"column":53}},"24":{"start":{"line":58,"column":6},"end":{"line":58,"column":50}},"25":{"start":{"line":60,"column":6},"end":{"line":60,"column":30}},"26":{"start":{"line":64,"column":28},"end":{"line":73,"column":3}},"27":{"start":{"line":65,"column":4},"end":{"line":72,"column":5}},"28":{"start":{"line":66,"column":22},"end":{"line":66,"column":68}},"29":{"start":{"line":66,"column":51},"end":{"line":66,"column":67}},"30":{"start":{"line":67,"column":24},"end":{"line":67,"column":62}},"31":{"start":{"line":68,"column":6},"end":{"line":68,"column":51}},"32":{"start":{"line":70,"column":6},"end":{"line":70,"column":54}},"33":{"start":{"line":71,"column":6},"end":{"line":71,"column":41}},"34":{"start":{"line":75,"column":2},"end":{"line":202,"column":4}},"35":{"start":{"line":91,"column":33},"end":{"line":91,"column":86}},"36":{"start":{"line":102,"column":33},"end":{"line":102,"column":85}},"37":{"start":{"line":112,"column":33},"end":{"line":112,"column":85}},"38":{"start":{"line":128,"column":18},"end":{"line":128,"column":82}},"39":{"start":{"line":165,"column":30},"end":{"line":165,"column":58}},"40":{"start":{"line":167,"column":16},"end":{"line":196,"column":22}},"41":{"start":{"line":190,"column":35},"end":{"line":190,"column":60}}},"fnMap":{"0":{"name":"AdminAgendaTab","decl":{"start":{"line":20,"column":24},"end":{"line":20,"column":38}},"loc":{"start":{"line":20,"column":52},"end":{"line":203,"column":1}},"line":20},"1":{"name":"(anonymous_1)","decl":{"start":{"line":25,"column":12},"end":{"line":25,"column":13}},"loc":{"start":{"line":25,"column":18},"end":{"line":37,"column":3}},"line":25},"2":{"name":"(anonymous_2)","decl":{"start":{"line":29,"column":6},"end":{"line":29,"column":7}},"loc":{"start":{"line":29,"column":16},"end":{"line":33,"column":7}},"line":29},"3":{"name":"(anonymous_3)","decl":{"start":{"line":34,"column":6},"end":{"line":34,"column":7}},"loc":{"start":{"line":34,"column":12},"end":{"line":34,"column":14}},"line":34},"4":{"name":"(anonymous_4)","decl":{"start":{"line":36,"column":11},"end":{"line":36,"column":12}},"loc":{"start":{"line":36,"column":17},"end":{"line":36,"column":24}},"line":36},"5":{"name":"(anonymous_5)","decl":{"start":{"line":39,"column":25},"end":{"line":39,"column":26}},"loc":{"start":{"line":39,"column":38},"end":{"line":62,"column":3}},"line":39},"6":{"name":"(anonymous_6)","decl":{"start":{"line":64,"column":28},"end":{"line":64,"column":29}},"loc":{"start":{"line":64,"column":47},"end":{"line":73,"column":3}},"line":64},"7":{"name":"(anonymous_7)","decl":{"start":{"line":66,"column":44},"end":{"line":66,"column":45}},"loc":{"start":{"line":66,"column":51},"end":{"line":66,"column":67}},"line":66},"8":{"name":"(anonymous_8)","decl":{"start":{"line":91,"column":26},"end":{"line":91,"column":27}},"loc":{"start":{"line":91,"column":33},"end":{"line":91,"column":86}},"line":91},"9":{"name":"(anonymous_9)","decl":{"start":{"line":102,"column":26},"end":{"line":102,"column":27}},"loc":{"start":{"line":102,"column":33},"end":{"line":102,"column":85}},"line":102},"10":{"name":"(anonymous_10)","decl":{"start":{"line":112,"column":26},"end":{"line":112,"column":27}},"loc":{"start":{"line":112,"column":33},"end":{"line":112,"column":85}},"line":112},"11":{"name":"(anonymous_11)","decl":{"start":{"line":127,"column":26},"end":{"line":127,"column":27}},"loc":{"start":{"line":128,"column":18},"end":{"line":128,"column":82}},"line":128},"12":{"name":"(anonymous_12)","decl":{"start":{"line":165,"column":20},"end":{"line":165,"column":21}},"loc":{"start":{"line":165,"column":30},"end":{"line":165,"column":58}},"line":165},"13":{"name":"(anonymous_13)","decl":{"start":{"line":166,"column":19},"end":{"line":166,"column":20}},"loc":{"start":{"line":167,"column":16},"end":{"line":196,"column":22}},"line":167},"14":{"name":"(anonymous_14)","decl":{"start":{"line":190,"column":29},"end":{"line":190,"column":30}},"loc":{"start":{"line":190,"column":35},"end":{"line":190,"column":60}},"line":190}},"branchMap":{"0":{"loc":{"start":{"line":30,"column":8},"end":{"line":32,"column":9}},"type":"if","locations":[{"start":{"line":30,"column":8},"end":{"line":32,"column":9}},{"start":{},"end":{}}],"line":30},"1":{"loc":{"start":{"line":31,"column":28},"end":{"line":31,"column":52}},"type":"binary-expr","locations":[{"start":{"line":31,"column":28},"end":{"line":31,"column":46}},{"start":{"line":31,"column":50},"end":{"line":31,"column":52}}],"line":31},"2":{"loc":{"start":{"line":41,"column":4},"end":{"line":41,"column":52}},"type":"if","locations":[{"start":{"line":41,"column":4},"end":{"line":41,"column":52}},{"start":{},"end":{}}],"line":41},"3":{"loc":{"start":{"line":41,"column":8},"end":{"line":41,"column":43}},"type":"binary-expr","locations":[{"start":{"line":41,"column":8},"end":{"line":41,"column":24}},{"start":{"line":41,"column":28},"end":{"line":41,"column":43}}],"line":41},"4":{"loc":{"start":{"line":49,"column":26},"end":{"line":49,"column":60}},"type":"binary-expr","locations":[{"start":{"line":49,"column":26},"end":{"line":49,"column":52}},{"start":{"line":49,"column":56},"end":{"line":49,"column":60}}],"line":49},"5":{"loc":{"start":{"line":50,"column":15},"end":{"line":50,"column":56}},"type":"binary-expr","locations":[{"start":{"line":50,"column":15},"end":{"line":50,"column":43}},{"start":{"line":50,"column":47},"end":{"line":50,"column":56}}],"line":50},"6":{"loc":{"start":{"line":140,"column":13},"end":{"line":144,"column":13}},"type":"cond-expr","locations":[{"start":{"line":141,"column":14},"end":{"line":141,"column":58}},{"start":{"line":143,"column":14},"end":{"line":143,"column":42}}],"line":140},"7":{"loc":{"start":{"line":158,"column":11},"end":{"line":198,"column":11}},"type":"cond-expr","locations":[{"start":{"line":159,"column":12},"end":{"line":162,"column":18}},{"start":{"line":164,"column":12},"end":{"line":197,"column":16}}],"line":158},"8":{"loc":{"start":{"line":185,"column":25},"end":{"line":185,"column":86}},"type":"cond-expr","locations":[{"start":{"line":185,"column":48},"end":{"line":185,"column":81}},{"start":{"line":185,"column":84},"end":{"line":185,"column":86}}],"line":185}},"s":{"0":0,"1":0,"2":0,"3":0,"4":0,"5":0,"6":0,"7":0,"8":0,"9":0,"10":0,"11":0,"12":0,"13":0,"14":0,"15":0,"16":0,"17":0,"18":0,"19":0,"20":0,"21":0,"22":0,"23":0,"24":0,"25":0,"26":0,"27":0,"28":0,"29":0,"30":0,"31":0,"32":0,"33":0,"34":0,"35":0,"36":0,"37":0,"38":0,"39":0,"40":0,"41":0},"f":{"0":0,"1":0,"2":0,"3":0,"4":0,"5":0,"6":0,"7":0,"8":0,"9":0,"10":0,"11":0,"12":0,"13":0,"14":0},"b":{"0":[0,0],"1":[0,0],"2":[0,0],"3":[0,0],"4":[0,0],"5":[0,0],"6":[0,0],"7":[0,0],"8":[0,0]}}
,"C:\\Users\\Schulx\\HubMercurius\\.claude\\worktrees\\intelligent-lovelace\\src\\components\\admin\\AdminContentTab.jsx": {"path":"C:\\Users\\Schulx\\HubMercurius\\.claude\\worktrees\\intelligent-lovelace\\src\\components\\admin\\AdminContentTab.jsx","statementMap":{"0":{"start":{"line":7,"column":27},"end":{"line":19,"column":1}},"1":{"start":{"line":30,"column":34},"end":{"line":30,"column":46}},"2":{"start":{"line":31,"column":48},"end":{"line":31,"column":62}},"3":{"start":{"line":32,"column":40},"end":{"line":32,"column":68}},"4":{"start":{"line":33,"column":52},"end":{"line":33,"column":66}},"5":{"start":{"line":34,"column":48},"end":{"line":34,"column":63}},"6":{"start":{"line":36,"column":2},"end":{"line":54,"column":9}},"7":{"start":{"line":37,"column":25},"end":{"line":37,"column":51}},"8":{"start":{"line":38,"column":24},"end":{"line":52,"column":5}},"9":{"start":{"line":41,"column":29},"end":{"line":41,"column":31}},"10":{"start":{"line":42,"column":8},"end":{"line":44,"column":11}},"11":{"start":{"line":43,"column":10},"end":{"line":43,"column":68}},"12":{"start":{"line":45,"column":8},"end":{"line":45,"column":34}},"13":{"start":{"line":46,"column":8},"end":{"line":46,"column":34}},"14":{"start":{"line":49,"column":8},"end":{"line":49,"column":59}},"15":{"start":{"line":50,"column":8},"end":{"line":50,"column":34}},"16":{"start":{"line":53,"column":4},"end":{"line":53,"column":31}},"17":{"start":{"line":53,"column":17},"end":{"line":53,"column":30}},"18":{"start":{"line":56,"column":30},"end":{"line":71,"column":3}},"19":{"start":{"line":57,"column":4},"end":{"line":57,"column":46}},"20":{"start":{"line":58,"column":4},"end":{"line":70,"column":7}},"21":{"start":{"line":73,"column":33},"end":{"line":76,"column":3}},"22":{"start":{"line":74,"column":4},"end":{"line":74,"column":31}},"23":{"start":{"line":75,"column":4},"end":{"line":75,"column":39}},"24":{"start":{"line":78,"column":35},"end":{"line":84,"column":3}},"25":{"start":{"line":79,"column":17},"end":{"line":79,"column":36}},"26":{"start":{"line":80,"column":4},"end":{"line":83,"column":5}},"27":{"start":{"line":81,"column":22},"end":{"line":81,"column":47}},"28":{"start":{"line":82,"column":6},"end":{"line":82,"column":82}},"29":{"start":{"line":82,"column":32},"end":{"line":82,"column":79}},"30":{"start":{"line":86,"column":25},"end":{"line":94,"column":3}},"31":{"start":{"line":87,"column":4},"end":{"line":93,"column":8}},"32":{"start":{"line":87,"column":30},"end":{"line":93,"column":5}},"33":{"start":{"line":96,"column":28},"end":{"line":101,"column":3}},"34":{"start":{"line":97,"column":4},"end":{"line":100,"column":8}},"35":{"start":{"line":97,"column":30},"end":{"line":100,"column":5}},"36":{"start":{"line":99,"column":40},"end":{"line":99,"column":56}},"37":{"start":{"line":103,"column":28},"end":{"line":110,"column":3}},"38":{"start":{"line":104,"column":4},"end":{"line":109,"column":8}},"39":{"start":{"line":104,"column":30},"end":{"line":109,"column":5}},"40":{"start":{"line":107,"column":8},"end":{"line":107,"column":55}},"41":{"start":{"line":112,"column":31},"end":{"line":127,"column":3}},"42":{"start":{"line":113,"column":4},"end":{"line":126,"column":8}},"43":{"start":{"line":113,"column":30},"end":{"line":126,"column":5}},"44":{"start":{"line":116,"column":8},"end":{"line":124,"column":13}},"45":{"start":{"line":129,"column":36},"end":{"line":138,"column":3}},"46":{"start":{"line":130,"column":4},"end":{"line":137,"column":8}},"47":{"start":{"line":130,"column":30},"end":{"line":137,"column":5}},"48":{"start":{"line":133,"column":8},"end":{"line":135,"column":13}},"49":{"start":{"line":134,"column":49},"end":{"line":134,"column":64}},"50":{"start":{"line":140,"column":27},"end":{"line":154,"column":3}},"51":{"start":{"line":141,"column":4},"end":{"line":153,"column":8}},"52":{"start":{"line":141,"column":30},"end":{"line":153,"column":5}},"53":{"start":{"line":144,"column":8},"end":{"line":151,"column":13}},"54":{"start":{"line":148,"column":16},"end":{"line":148,"column":62}},"55":{"start":{"line":156,"column":28},"end":{"line":199,"column":3}},"56":{"start":{"line":157,"column":4},"end":{"line":157,"column":23}},"57":{"start":{"line":158,"column":4},"end":{"line":161,"column":5}},"58":{"start":{"line":159,"column":6},"end":{"line":159,"column":61}},"59":{"start":{"line":160,"column":6},"end":{"line":160,"column":13}},"60":{"start":{"line":163,"column":4},"end":{"line":163,"column":29}},"61":{"start":{"line":165,"column":4},"end":{"line":198,"column":5}},"62":{"start":{"line":166,"column":21},"end":{"line":166,"column":41}},"63":{"start":{"line":167,"column":24},"end":{"line":167,"column":80}},"64":{"start":{"line":169,"column":6},"end":{"line":174,"column":7}},"65":{"start":{"line":170,"column":8},"end":{"line":172,"column":9}},"66":{"start":{"line":171,"column":10},"end":{"line":171,"column":57}},"67":{"start":{"line":173,"column":8},"end":{"line":173,"column":74}},"68":{"start":{"line":176,"column":25},"end":{"line":176,"column":55}},"69":{"start":{"line":177,"column":6},"end":{"line":190,"column":9}},"70":{"start":{"line":192,"column":6},"end":{"line":192,"column":31}},"71":{"start":{"line":194,"column":6},"end":{"line":194,"column":54}},"72":{"start":{"line":195,"column":6},"end":{"line":195,"column":50}},"73":{"start":{"line":197,"column":6},"end":{"line":197,"column":32}},"74":{"start":{"line":201,"column":30},"end":{"line":218,"column":3}},"75":{"start":{"line":202,"column":4},"end":{"line":202,"column":95}},"76":{"start":{"line":202,"column":88},"end":{"line":202,"column":95}},"77":{"start":{"line":204,"column":4},"end":{"line":217,"column":5}},"78":{"start":{"line":205,"column":6},"end":{"line":207,"column":7}},"79":{"start":{"line":206,"column":8},"end":{"line":206,"column":51}},"80":{"start":{"line":208,"column":25},"end":{"line":208,"column":65}},"81":{"start":{"line":209,"column":6},"end":{"line":209,"column":34}},"82":{"start":{"line":211,"column":6},"end":{"line":213,"column":7}},"83":{"start":{"line":212,"column":8},"end":{"line":212,"column":33}},"84":{"start":{"line":215,"column":6},"end":{"line":215,"column":55}},"85":{"start":{"line":216,"column":6},"end":{"line":216,"column":51}},"86":{"start":{"line":220,"column":2},"end":{"line":550,"column":4}},"87":{"start":{"line":243,"column":33},"end":{"line":243,"column":89}},"88":{"start":{"line":254,"column":33},"end":{"line":254,"column":89}},"89":{"start":{"line":269,"column":33},"end":{"line":269,"column":89}},"90":{"start":{"line":281,"column":33},"end":{"line":281,"column":89}},"91":{"start":{"line":294,"column":35},"end":{"line":294,"column":93}},"92":{"start":{"line":300,"column":35},"end":{"line":300,"column":93}},"93":{"start":{"line":312,"column":31},"end":{"line":312,"column":94}},"94":{"start":{"line":326,"column":31},"end":{"line":326,"column":91}},"95":{"start":{"line":375,"column":16},"end":{"line":463,"column":22}},"96":{"start":{"line":385,"column":26},"end":{"line":385,"column":78}},"97":{"start":{"line":393,"column":26},"end":{"line":393,"column":84}},"98":{"start":{"line":402,"column":37},"end":{"line":402,"column":64}},"99":{"start":{"line":415,"column":22},"end":{"line":453,"column":28}},"100":{"start":{"line":423,"column":28},"end":{"line":423,"column":88}},"101":{"start":{"line":431,"column":28},"end":{"line":431,"column":87}},"102":{"start":{"line":441,"column":28},"end":{"line":441,"column":87}},"103":{"start":{"line":448,"column":41},"end":{"line":448,"column":85}},"104":{"start":{"line":457,"column":37},"end":{"line":457,"column":67}},"105":{"start":{"line":513,"column":14},"end":{"line":544,"column":20}},"106":{"start":{"line":531,"column":37},"end":{"line":531,"column":65}},"107":{"start":{"line":537,"column":37},"end":{"line":537,"column":65}}},"fnMap":{"0":{"name":"AdminContentTab","decl":{"start":{"line":29,"column":24},"end":{"line":29,"column":39}},"loc":{"start":{"line":29,"column":53},"end":{"line":551,"column":1}},"line":29},"1":{"name":"(anonymous_1)","decl":{"start":{"line":36,"column":12},"end":{"line":36,"column":13}},"loc":{"start":{"line":36,"column":18},"end":{"line":54,"column":3}},"line":36},"2":{"name":"(anonymous_2)","decl":{"start":{"line":40,"column":6},"end":{"line":40,"column":7}},"loc":{"start":{"line":40,"column":20},"end":{"line":47,"column":7}},"line":40},"3":{"name":"(anonymous_3)","decl":{"start":{"line":42,"column":25},"end":{"line":42,"column":26}},"loc":{"start":{"line":42,"column":34},"end":{"line":44,"column":9}},"line":42},"4":{"name":"(anonymous_4)","decl":{"start":{"line":48,"column":6},"end":{"line":48,"column":7}},"loc":{"start":{"line":48,"column":17},"end":{"line":51,"column":7}},"line":48},"5":{"name":"(anonymous_5)","decl":{"start":{"line":53,"column":11},"end":{"line":53,"column":12}},"loc":{"start":{"line":53,"column":17},"end":{"line":53,"column":30}},"line":53},"6":{"name":"(anonymous_6)","decl":{"start":{"line":56,"column":30},"end":{"line":56,"column":31}},"loc":{"start":{"line":56,"column":43},"end":{"line":71,"column":3}},"line":56},"7":{"name":"(anonymous_7)","decl":{"start":{"line":73,"column":33},"end":{"line":73,"column":34}},"loc":{"start":{"line":73,"column":39},"end":{"line":76,"column":3}},"line":73},"8":{"name":"(anonymous_8)","decl":{"start":{"line":78,"column":35},"end":{"line":78,"column":36}},"loc":{"start":{"line":78,"column":42},"end":{"line":84,"column":3}},"line":78},"9":{"name":"(anonymous_9)","decl":{"start":{"line":82,"column":21},"end":{"line":82,"column":22}},"loc":{"start":{"line":82,"column":32},"end":{"line":82,"column":79}},"line":82},"10":{"name":"(anonymous_10)","decl":{"start":{"line":86,"column":25},"end":{"line":86,"column":26}},"loc":{"start":{"line":86,"column":31},"end":{"line":94,"column":3}},"line":86},"11":{"name":"(anonymous_11)","decl":{"start":{"line":87,"column":19},"end":{"line":87,"column":20}},"loc":{"start":{"line":87,"column":30},"end":{"line":93,"column":5}},"line":87},"12":{"name":"(anonymous_12)","decl":{"start":{"line":96,"column":28},"end":{"line":96,"column":29}},"loc":{"start":{"line":96,"column":41},"end":{"line":101,"column":3}},"line":96},"13":{"name":"(anonymous_13)","decl":{"start":{"line":97,"column":19},"end":{"line":97,"column":20}},"loc":{"start":{"line":97,"column":30},"end":{"line":100,"column":5}},"line":97},"14":{"name":"(anonymous_14)","decl":{"start":{"line":99,"column":33},"end":{"line":99,"column":34}},"loc":{"start":{"line":99,"column":40},"end":{"line":99,"column":56}},"line":99},"15":{"name":"(anonymous_15)","decl":{"start":{"line":103,"column":28},"end":{"line":103,"column":29}},"loc":{"start":{"line":103,"column":55},"end":{"line":110,"column":3}},"line":103},"16":{"name":"(anonymous_16)","decl":{"start":{"line":104,"column":19},"end":{"line":104,"column":20}},"loc":{"start":{"line":104,"column":30},"end":{"line":109,"column":5}},"line":104},"17":{"name":"(anonymous_17)","decl":{"start":{"line":106,"column":30},"end":{"line":106,"column":31}},"loc":{"start":{"line":107,"column":8},"end":{"line":107,"column":55}},"line":107},"18":{"name":"(anonymous_18)","decl":{"start":{"line":112,"column":31},"end":{"line":112,"column":32}},"loc":{"start":{"line":112,"column":44},"end":{"line":127,"column":3}},"line":112},"19":{"name":"(anonymous_19)","decl":{"start":{"line":113,"column":19},"end":{"line":113,"column":20}},"loc":{"start":{"line":113,"column":30},"end":{"line":126,"column":5}},"line":113},"20":{"name":"(anonymous_20)","decl":{"start":{"line":115,"column":30},"end":{"line":115,"column":31}},"loc":{"start":{"line":116,"column":8},"end":{"line":124,"column":13}},"line":116},"21":{"name":"(anonymous_21)","decl":{"start":{"line":129,"column":36},"end":{"line":129,"column":37}},"loc":{"start":{"line":129,"column":57},"end":{"line":138,"column":3}},"line":129},"22":{"name":"(anonymous_22)","decl":{"start":{"line":130,"column":19},"end":{"line":130,"column":20}},"loc":{"start":{"line":130,"column":30},"end":{"line":137,"column":5}},"line":130},"23":{"name":"(anonymous_23)","decl":{"start":{"line":132,"column":30},"end":{"line":132,"column":31}},"loc":{"start":{"line":133,"column":8},"end":{"line":135,"column":13}},"line":133},"24":{"name":"(anonymous_24)","decl":{"start":{"line":134,"column":42},"end":{"line":134,"column":43}},"loc":{"start":{"line":134,"column":49},"end":{"line":134,"column":64}},"line":134},"25":{"name":"(anonymous_25)","decl":{"start":{"line":140,"column":27},"end":{"line":140,"column":28}},"loc":{"start":{"line":140,"column":62},"end":{"line":154,"column":3}},"line":140},"26":{"name":"(anonymous_26)","decl":{"start":{"line":141,"column":19},"end":{"line":141,"column":20}},"loc":{"start":{"line":141,"column":30},"end":{"line":153,"column":5}},"line":141},"27":{"name":"(anonymous_27)","decl":{"start":{"line":143,"column":30},"end":{"line":143,"column":31}},"loc":{"start":{"line":144,"column":8},"end":{"line":151,"column":13}},"line":144},"28":{"name":"(anonymous_28)","decl":{"start":{"line":147,"column":33},"end":{"line":147,"column":34}},"loc":{"start":{"line":148,"column":16},"end":{"line":148,"column":62}},"line":148},"29":{"name":"(anonymous_29)","decl":{"start":{"line":156,"column":28},"end":{"line":156,"column":29}},"loc":{"start":{"line":156,"column":41},"end":{"line":199,"column":3}},"line":156},"30":{"name":"(anonymous_30)","decl":{"start":{"line":201,"column":30},"end":{"line":201,"column":31}},"loc":{"start":{"line":201,"column":49},"end":{"line":218,"column":3}},"line":201},"31":{"name":"(anonymous_31)","decl":{"start":{"line":243,"column":26},"end":{"line":243,"column":27}},"loc":{"start":{"line":243,"column":33},"end":{"line":243,"column":89}},"line":243},"32":{"name":"(anonymous_32)","decl":{"start":{"line":254,"column":26},"end":{"line":254,"column":27}},"loc":{"start":{"line":254,"column":33},"end":{"line":254,"column":89}},"line":254},"33":{"name":"(anonymous_33)","decl":{"start":{"line":269,"column":26},"end":{"line":269,"column":27}},"loc":{"start":{"line":269,"column":33},"end":{"line":269,"column":89}},"line":269},"34":{"name":"(anonymous_34)","decl":{"start":{"line":281,"column":26},"end":{"line":281,"column":27}},"loc":{"start":{"line":281,"column":33},"end":{"line":281,"column":89}},"line":281},"35":{"name":"(anonymous_35)","decl":{"start":{"line":294,"column":28},"end":{"line":294,"column":29}},"loc":{"start":{"line":294,"column":35},"end":{"line":294,"column":93}},"line":294},"36":{"name":"(anonymous_36)","decl":{"start":{"line":300,"column":28},"end":{"line":300,"column":29}},"loc":{"start":{"line":300,"column":35},"end":{"line":300,"column":93}},"line":300},"37":{"name":"(anonymous_37)","decl":{"start":{"line":312,"column":24},"end":{"line":312,"column":25}},"loc":{"start":{"line":312,"column":31},"end":{"line":312,"column":94}},"line":312},"38":{"name":"(anonymous_38)","decl":{"start":{"line":326,"column":24},"end":{"line":326,"column":25}},"loc":{"start":{"line":326,"column":31},"end":{"line":326,"column":91}},"line":326},"39":{"name":"(anonymous_39)","decl":{"start":{"line":374,"column":38},"end":{"line":374,"column":39}},"loc":{"start":{"line":375,"column":16},"end":{"line":463,"column":22}},"line":375},"40":{"name":"(anonymous_40)","decl":{"start":{"line":384,"column":34},"end":{"line":384,"column":35}},"loc":{"start":{"line":385,"column":26},"end":{"line":385,"column":78}},"line":385},"41":{"name":"(anonymous_41)","decl":{"start":{"line":392,"column":34},"end":{"line":392,"column":35}},"loc":{"start":{"line":393,"column":26},"end":{"line":393,"column":84}},"line":393},"42":{"name":"(anonymous_42)","decl":{"start":{"line":402,"column":31},"end":{"line":402,"column":32}},"loc":{"start":{"line":402,"column":37},"end":{"line":402,"column":64}},"line":402},"43":{"name":"(anonymous_43)","decl":{"start":{"line":414,"column":38},"end":{"line":414,"column":39}},"loc":{"start":{"line":415,"column":22},"end":{"line":453,"column":28}},"line":415},"44":{"name":"(anonymous_44)","decl":{"start":{"line":422,"column":36},"end":{"line":422,"column":37}},"loc":{"start":{"line":423,"column":28},"end":{"line":423,"column":88}},"line":423},"45":{"name":"(anonymous_45)","decl":{"start":{"line":430,"column":36},"end":{"line":430,"column":37}},"loc":{"start":{"line":431,"column":28},"end":{"line":431,"column":87}},"line":431},"46":{"name":"(anonymous_46)","decl":{"start":{"line":440,"column":36},"end":{"line":440,"column":37}},"loc":{"start":{"line":441,"column":28},"end":{"line":441,"column":87}},"line":441},"47":{"name":"(anonymous_47)","decl":{"start":{"line":448,"column":35},"end":{"line":448,"column":36}},"loc":{"start":{"line":448,"column":41},"end":{"line":448,"column":85}},"line":448},"48":{"name":"(anonymous_48)","decl":{"start":{"line":457,"column":31},"end":{"line":457,"column":32}},"loc":{"start":{"line":457,"column":37},"end":{"line":457,"column":67}},"line":457},"49":{"name":"(anonymous_49)","decl":{"start":{"line":512,"column":25},"end":{"line":512,"column":26}},"loc":{"start":{"line":513,"column":14},"end":{"line":544,"column":20}},"line":513},"50":{"name":"(anonymous_50)","decl":{"start":{"line":531,"column":31},"end":{"line":531,"column":32}},"loc":{"start":{"line":531,"column":37},"end":{"line":531,"column":65}},"line":531},"51":{"name":"(anonymous_51)","decl":{"start":{"line":537,"column":31},"end":{"line":537,"column":32}},"loc":{"start":{"line":537,"column":37},"end":{"line":537,"column":65}},"line":537}},"branchMap":{"0":{"loc":{"start":{"line":65,"column":16},"end":{"line":65,"column":38}},"type":"binary-expr","locations":[{"start":{"line":65,"column":16},"end":{"line":65,"column":32}},{"start":{"line":65,"column":36},"end":{"line":65,"column":38}}],"line":65},"1":{"loc":{"start":{"line":67,"column":20},"end":{"line":67,"column":44}},"type":"binary-expr","locations":[{"start":{"line":67,"column":20},"end":{"line":67,"column":36}},{"start":{"line":67,"column":40},"end":{"line":67,"column":44}}],"line":67},"2":{"loc":{"start":{"line":68,"column":16},"end":{"line":68,"column":38}},"type":"binary-expr","locations":[{"start":{"line":68,"column":16},"end":{"line":68,"column":32}},{"start":{"line":68,"column":36},"end":{"line":68,"column":38}}],"line":68},"3":{"loc":{"start":{"line":69,"column":14},"end":{"line":69,"column":34}},"type":"binary-expr","locations":[{"start":{"line":69,"column":14},"end":{"line":69,"column":28}},{"start":{"line":69,"column":32},"end":{"line":69,"column":34}}],"line":69},"4":{"loc":{"start":{"line":80,"column":4},"end":{"line":83,"column":5}},"type":"if","locations":[{"start":{"line":80,"column":4},"end":{"line":83,"column":5}},{"start":{},"end":{}}],"line":80},"5":{"loc":{"start":{"line":107,"column":8},"end":{"line":107,"column":55}},"type":"cond-expr","locations":[{"start":{"line":107,"column":27},"end":{"line":107,"column":51}},{"start":{"line":107,"column":54},"end":{"line":107,"column":55}}],"line":107},"6":{"loc":{"start":{"line":116,"column":8},"end":{"line":124,"column":13}},"type":"cond-expr","locations":[{"start":{"line":117,"column":12},"end":{"line":123,"column":13}},{"start":{"line":124,"column":12},"end":{"line":124,"column":13}}],"line":116},"7":{"loc":{"start":{"line":133,"column":8},"end":{"line":135,"column":13}},"type":"cond-expr","locations":[{"start":{"line":134,"column":12},"end":{"line":134,"column":67}},{"start":{"line":135,"column":12},"end":{"line":135,"column":13}}],"line":133},"8":{"loc":{"start":{"line":144,"column":8},"end":{"line":151,"column":13}},"type":"cond-expr","locations":[{"start":{"line":145,"column":12},"end":{"line":150,"column":13}},{"start":{"line":151,"column":12},"end":{"line":151,"column":13}}],"line":144},"9":{"loc":{"start":{"line":148,"column":16},"end":{"line":148,"column":62}},"type":"cond-expr","locations":[{"start":{"line":148,"column":34},"end":{"line":148,"column":58}},{"start":{"line":148,"column":61},"end":{"line":148,"column":62}}],"line":148},"10":{"loc":{"start":{"line":158,"column":4},"end":{"line":161,"column":5}},"type":"if","locations":[{"start":{"line":158,"column":4},"end":{"line":161,"column":5}},{"start":{},"end":{}}],"line":158},"11":{"loc":{"start":{"line":158,"column":8},"end":{"line":158,"column":46}},"type":"binary-expr","locations":[{"start":{"line":158,"column":8},"end":{"line":158,"column":25}},{"start":{"line":158,"column":29},"end":{"line":158,"column":46}}],"line":158},"12":{"loc":{"start":{"line":167,"column":24},"end":{"line":167,"column":80}},"type":"binary-expr","locations":[{"start":{"line":167,"column":24},"end":{"line":167,"column":41}},{"start":{"line":167,"column":45},"end":{"line":167,"column":80}}],"line":167},"13":{"loc":{"start":{"line":169,"column":6},"end":{"line":174,"column":7}},"type":"if","locations":[{"start":{"line":169,"column":6},"end":{"line":174,"column":7}},{"start":{},"end":{}}],"line":169},"14":{"loc":{"start":{"line":170,"column":8},"end":{"line":172,"column":9}},"type":"if","locations":[{"start":{"line":170,"column":8},"end":{"line":172,"column":9}},{"start":{},"end":{}}],"line":170},"15":{"loc":{"start":{"line":202,"column":4},"end":{"line":202,"column":95}},"type":"if","locations":[{"start":{"line":202,"column":4},"end":{"line":202,"column":95}},{"start":{},"end":{}}],"line":202},"16":{"loc":{"start":{"line":205,"column":6},"end":{"line":207,"column":7}},"type":"if","locations":[{"start":{"line":205,"column":6},"end":{"line":207,"column":7}},{"start":{},"end":{}}],"line":205},"17":{"loc":{"start":{"line":211,"column":6},"end":{"line":213,"column":7}},"type":"if","locations":[{"start":{"line":211,"column":6},"end":{"line":213,"column":7}},{"start":{},"end":{}}],"line":211},"18":{"loc":{"start":{"line":227,"column":13},"end":{"line":227,"column":88}},"type":"cond-expr","locations":[{"start":{"line":227,"column":33},"end":{"line":227,"column":57}},{"start":{"line":227,"column":60},"end":{"line":227,"column":88}}],"line":227},"19":{"loc":{"start":{"line":346,"column":15},"end":{"line":354,"column":15}},"type":"binary-expr","locations":[{"start":{"line":346,"column":15},"end":{"line":346,"column":39}},{"start":{"line":347,"column":16},"end":{"line":353,"column":22}}],"line":346},"20":{"loc":{"start":{"line":391,"column":31},"end":{"line":391,"column":54}},"type":"binary-expr","locations":[{"start":{"line":391,"column":31},"end":{"line":391,"column":48}},{"start":{"line":391,"column":52},"end":{"line":391,"column":54}}],"line":391},"21":{"loc":{"start":{"line":412,"column":32},"end":{"line":412,"column":56}},"type":"binary-expr","locations":[{"start":{"line":412,"column":32},"end":{"line":412,"column":51}},{"start":{"line":412,"column":55},"end":{"line":412,"column":56}}],"line":412},"22":{"loc":{"start":{"line":439,"column":33},"end":{"line":439,"column":48}},"type":"binary-expr","locations":[{"start":{"line":439,"column":33},"end":{"line":439,"column":42}},{"start":{"line":439,"column":46},"end":{"line":439,"column":48}}],"line":439},"23":{"loc":{"start":{"line":475,"column":15},"end":{"line":479,"column":15}},"type":"cond-expr","locations":[{"start":{"line":476,"column":16},"end":{"line":476,"column":60}},{"start":{"line":478,"column":16},"end":{"line":478,"column":44}}],"line":475},"24":{"loc":{"start":{"line":480,"column":15},"end":{"line":480,"column":66}},"type":"cond-expr","locations":[{"start":{"line":480,"column":35},"end":{"line":480,"column":51}},{"start":{"line":480,"column":54},"end":{"line":480,"column":66}}],"line":480},"25":{"loc":{"start":{"line":482,"column":13},"end":{"line":490,"column":13}},"type":"binary-expr","locations":[{"start":{"line":482,"column":13},"end":{"line":482,"column":30}},{"start":{"line":483,"column":14},"end":{"line":489,"column":23}}],"line":482},"26":{"loc":{"start":{"line":501,"column":11},"end":{"line":546,"column":11}},"type":"cond-expr","locations":[{"start":{"line":502,"column":12},"end":{"line":505,"column":18}},{"start":{"line":506,"column":14},"end":{"line":546,"column":11}}],"line":501},"27":{"loc":{"start":{"line":506,"column":14},"end":{"line":546,"column":11}},"type":"cond-expr","locations":[{"start":{"line":507,"column":12},"end":{"line":510,"column":18}},{"start":{"line":512,"column":12},"end":{"line":545,"column":14}}],"line":506},"28":{"loc":{"start":{"line":525,"column":32},"end":{"line":525,"column":59}},"type":"binary-expr","locations":[{"start":{"line":525,"column":32},"end":{"line":525,"column":54}},{"start":{"line":525,"column":58},"end":{"line":525,"column":59}}],"line":525}},"s":{"0":0,"1":0,"2":0,"3":0,"4":0,"5":0,"6":0,"7":0,"8":0,"9":0,"10":0,"11":0,"12":0,"13":0,"14":0,"15":0,"16":0,"17":0,"18":0,"19":0,"20":0,"21":0,"22":0,"23":0,"24":0,"25":0,"26":0,"27":0,"28":0,"29":0,"30":0,"31":0,"32":0,"33":0,"34":0,"35":0,"36":0,"37":0,"38":0,"39":0,"40":0,"41":0,"42":0,"43":0,"44":0,"45":0,"46":0,"47":0,"48":0,"49":0,"50":0,"51":0,"52":0,"53":0,"54":0,"55":0,"56":0,"57":0,"58":0,"59":0,"60":0,"61":0,"62":0,"63":0,"64":0,"65":0,"66":0,"67":0,"68":0,"69":0,"70":0,"71":0,"72":0,"73":0,"74":0,"75":0,"76":0,"77":0,"78":0,"79":0,"80":0,"81":0,"82":0,"83":0,"84":0,"85":0,"86":0,"87":0,"88":0,"89":0,"90":0,"91":0,"92":0,"93":0,"94":0,"95":0,"96":0,"97":0,"98":0,"99":0,"100":0,"101":0,"102":0,"103":0,"104":0,"105":0,"106":0,"107":0},"f":{"0":0,"1":0,"2":0,"3":0,"4":0,"5":0,"6":0,"7":0,"8":0,"9":0,"10":0,"11":0,"12":0,"13":0,"14":0,"15":0,"16":0,"17":0,"18":0,"19":0,"20":0,"21":0,"22":0,"23":0,"24":0,"25":0,"26":0,"27":0,"28":0,"29":0,"30":0,"31":0,"32":0,"33":0,"34":0,"35":0,"36":0,"37":0,"38":0,"39":0,"40":0,"41":0,"42":0,"43":0,"44":0,"45":0,"46":0,"47":0,"48":0,"49":0,"50":0,"51":0},"b":{"0":[0,0],"1":[0,0],"2":[0,0],"3":[0,0],"4":[0,0],"5":[0,0],"6":[0,0],"7":[0,0],"8":[0,0],"9":[0,0],"10":[0,0],"11":[0,0],"12":[0,0],"13":[0,0],"14":[0,0],"15":[0,0],"16":[0,0],"17":[0,0],"18":[0,0],"19":[0,0],"20":[0,0],"21":[0,0],"22":[0,0],"23":[0,0],"24":[0,0],"25":[0,0],"26":[0,0],"27":[0,0],"28":[0,0]}}
,"C:\\Users\\Schulx\\HubMercurius\\.claude\\worktrees\\intelligent-lovelace\\src\\components\\admin\\AdminHeader.jsx": {"path":"C:\\Users\\Schulx\\HubMercurius\\.claude\\worktrees\\intelligent-lovelace\\src\\components\\admin\\AdminHeader.jsx","statementMap":{"0":{"start":{"line":14,"column":15},"end":{"line":18,"column":3}},"1":{"start":{"line":21,"column":30},"end":{"line":21,"column":53}},"2":{"start":{"line":22,"column":18},"end":{"line":22,"column":45}},"3":{"start":{"line":24,"column":2},"end":{"line":64,"column":4}},"4":{"start":{"line":46,"column":32},"end":{"line":46,"column":49}},"5":{"start":{"line":47,"column":10},"end":{"line":60,"column":12}},"6":{"start":{"line":50,"column":29},"end":{"line":50,"column":48}}},"fnMap":{"0":{"name":"AdminHeader","decl":{"start":{"line":13,"column":24},"end":{"line":13,"column":35}},"loc":{"start":{"line":13,"column":78},"end":{"line":65,"column":1}},"line":13},"1":{"name":"(anonymous_1)","decl":{"start":{"line":45,"column":18},"end":{"line":45,"column":19}},"loc":{"start":{"line":45,"column":27},"end":{"line":61,"column":9}},"line":45},"2":{"name":"(anonymous_2)","decl":{"start":{"line":50,"column":23},"end":{"line":50,"column":24}},"loc":{"start":{"line":50,"column":29},"end":{"line":50,"column":48}},"line":50}},"branchMap":{"0":{"loc":{"start":{"line":36,"column":7},"end":{"line":41,"column":7}},"type":"binary-expr","locations":[{"start":{"line":36,"column":7},"end":{"line":36,"column":19}},{"start":{"line":37,"column":8},"end":{"line":40,"column":14}}],"line":36},"1":{"loc":{"start":{"line":52,"column":16},"end":{"line":54,"column":55}},"type":"cond-expr","locations":[{"start":{"line":53,"column":20},"end":{"line":53,"column":62}},{"start":{"line":54,"column":20},"end":{"line":54,"column":55}}],"line":52}},"s":{"0":0,"1":0,"2":0,"3":0,"4":0,"5":0,"6":0},"f":{"0":0,"1":0,"2":0},"b":{"0":[0,0],"1":[0,0]}}
,"C:\\Users\\Schulx\\HubMercurius\\.claude\\worktrees\\intelligent-lovelace\\src\\components\\admin\\AdminPermissionsTab.jsx": {"path":"C:\\Users\\Schulx\\HubMercurius\\.claude\\worktrees\\intelligent-lovelace\\src\\components\\admin\\AdminPermissionsTab.jsx","statementMap":{"0":{"start":{"line":16,"column":40},"end":{"line":21,"column":4}},"1":{"start":{"line":22,"column":44},"end":{"line":22,"column":59}},"2":{"start":{"line":23,"column":40},"end":{"line":23,"column":55}},"3":{"start":{"line":25,"column":2},"end":{"line":33,"column":9}},"4":{"start":{"line":26,"column":21},"end":{"line":26,"column":55}},"5":{"start":{"line":27,"column":24},"end":{"line":31,"column":6}},"6":{"start":{"line":28,"column":6},"end":{"line":30,"column":7}},"7":{"start":{"line":29,"column":8},"end":{"line":29,"column":39}},"8":{"start":{"line":32,"column":4},"end":{"line":32,"column":31}},"9":{"start":{"line":32,"column":17},"end":{"line":32,"column":30}},"10":{"start":{"line":35,"column":32},"end":{"line":49,"column":3}},"11":{"start":{"line":36,"column":4},"end":{"line":36,"column":27}},"12":{"start":{"line":37,"column":4},"end":{"line":37,"column":26}},"13":{"start":{"line":38,"column":4},"end":{"line":48,"column":5}},"14":{"start":{"line":39,"column":23},"end":{"line":39,"column":57}},"15":{"start":{"line":40,"column":6},"end":{"line":40,"column":42}},"16":{"start":{"line":41,"column":6},"end":{"line":41,"column":27}},"17":{"start":{"line":42,"column":6},"end":{"line":42,"column":52}},"18":{"start":{"line":42,"column":23},"end":{"line":42,"column":44}},"19":{"start":{"line":44,"column":6},"end":{"line":44,"column":57}},"20":{"start":{"line":45,"column":6},"end":{"line":45,"column":49}},"21":{"start":{"line":47,"column":6},"end":{"line":47,"column":30}},"22":{"start":{"line":51,"column":18},"end":{"line":56,"column":3}},"23":{"start":{"line":58,"column":2},"end":{"line":121,"column":4}},"24":{"start":{"line":69,"column":10},"end":{"line":88,"column":16}},"25":{"start":{"line":80,"column":16},"end":{"line":80,"column":76}}},"fnMap":{"0":{"name":"AdminPermissionsTab","decl":{"start":{"line":15,"column":24},"end":{"line":15,"column":43}},"loc":{"start":{"line":15,"column":57},"end":{"line":122,"column":1}},"line":15},"1":{"name":"(anonymous_1)","decl":{"start":{"line":25,"column":12},"end":{"line":25,"column":13}},"loc":{"start":{"line":25,"column":18},"end":{"line":33,"column":3}},"line":25},"2":{"name":"(anonymous_2)","decl":{"start":{"line":27,"column":45},"end":{"line":27,"column":46}},"loc":{"start":{"line":27,"column":58},"end":{"line":31,"column":5}},"line":27},"3":{"name":"(anonymous_3)","decl":{"start":{"line":32,"column":11},"end":{"line":32,"column":12}},"loc":{"start":{"line":32,"column":17},"end":{"line":32,"column":30}},"line":32},"4":{"name":"(anonymous_4)","decl":{"start":{"line":35,"column":32},"end":{"line":35,"column":33}},"loc":{"start":{"line":35,"column":44},"end":{"line":49,"column":3}},"line":35},"5":{"name":"(anonymous_5)","decl":{"start":{"line":42,"column":17},"end":{"line":42,"column":18}},"loc":{"start":{"line":42,"column":23},"end":{"line":42,"column":44}},"line":42},"6":{"name":"(anonymous_6)","decl":{"start":{"line":68,"column":21},"end":{"line":68,"column":22}},"loc":{"start":{"line":69,"column":10},"end":{"line":88,"column":16}},"line":69},"7":{"name":"(anonymous_7)","decl":{"start":{"line":79,"column":24},"end":{"line":79,"column":25}},"loc":{"start":{"line":80,"column":16},"end":{"line":80,"column":76}},"line":80}},"branchMap":{"0":{"loc":{"start":{"line":28,"column":6},"end":{"line":30,"column":7}},"type":"if","locations":[{"start":{"line":28,"column":6},"end":{"line":30,"column":7}},{"start":{},"end":{}}],"line":28},"1":{"loc":{"start":{"line":98,"column":11},"end":{"line":102,"column":11}},"type":"cond-expr","locations":[{"start":{"line":99,"column":12},"end":{"line":99,"column":56}},{"start":{"line":101,"column":12},"end":{"line":101,"column":40}}],"line":98},"2":{"loc":{"start":{"line":105,"column":9},"end":{"line":109,"column":9}},"type":"binary-expr","locations":[{"start":{"line":105,"column":9},"end":{"line":105,"column":20}},{"start":{"line":106,"column":10},"end":{"line":108,"column":17}}],"line":105}},"s":{"0":0,"1":0,"2":0,"3":0,"4":0,"5":0,"6":0,"7":0,"8":0,"9":0,"10":0,"11":0,"12":0,"13":0,"14":0,"15":0,"16":0,"17":0,"18":0,"19":0,"20":0,"21":0,"22":0,"23":0,"24":0,"25":0},"f":{"0":0,"1":0,"2":0,"3":0,"4":0,"5":0,"6":0,"7":0},"b":{"0":[0,0],"1":[0,0],"2":[0,0]}}
,"C:\\Users\\Schulx\\HubMercurius\\.claude\\worktrees\\intelligent-lovelace\\src\\components\\admin\\AdminUsersTab.jsx": {"path":"C:\\Users\\Schulx\\HubMercurius\\.claude\\worktrees\\intelligent-lovelace\\src\\components\\admin\\AdminUsersTab.jsx","statementMap":{"0":{"start":{"line":15,"column":28},"end":{"line":15,"column":40}},"1":{"start":{"line":16,"column":42},"end":{"line":16,"column":56}},"2":{"start":{"line":17,"column":38},"end":{"line":17,"column":50}},"3":{"start":{"line":19,"column":2},"end":{"line":31,"column":9}},"4":{"start":{"line":20,"column":21},"end":{"line":20,"column":44}},"5":{"start":{"line":21,"column":24},"end":{"line":28,"column":6}},"6":{"start":{"line":22,"column":24},"end":{"line":22,"column":26}},"7":{"start":{"line":23,"column":6},"end":{"line":25,"column":9}},"8":{"start":{"line":24,"column":8},"end":{"line":24,"column":54}},"9":{"start":{"line":26,"column":6},"end":{"line":26,"column":26}},"10":{"start":{"line":27,"column":6},"end":{"line":27,"column":29}},"11":{"start":{"line":30,"column":4},"end":{"line":30,"column":31}},"12":{"start":{"line":30,"column":17},"end":{"line":30,"column":30}},"13":{"start":{"line":33,"column":27},"end":{"line":44,"column":3}},"14":{"start":{"line":34,"column":4},"end":{"line":43,"column":5}},"15":{"start":{"line":35,"column":22},"end":{"line":35,"column":46}},"16":{"start":{"line":36,"column":6},"end":{"line":36,"column":50}},"17":{"start":{"line":37,"column":6},"end":{"line":39,"column":8}},"18":{"start":{"line":38,"column":8},"end":{"line":38,"column":72}},"19":{"start":{"line":38,"column":25},"end":{"line":38,"column":70}},"20":{"start":{"line":41,"column":6},"end":{"line":41,"column":57}},"21":{"start":{"line":42,"column":6},"end":{"line":42,"column":53}},"22":{"start":{"line":46,"column":24},"end":{"line":48,"column":3}},"23":{"start":{"line":47,"column":4},"end":{"line":47,"column":61}},"24":{"start":{"line":50,"column":2},"end":{"line":132,"column":4}},"25":{"start":{"line":59,"column":29},"end":{"line":59,"column":58}},"26":{"start":{"line":93,"column":16},"end":{"line":125,"column":21}},"27":{"start":{"line":108,"column":39},"end":{"line":108,"column":80}}},"fnMap":{"0":{"name":"AdminUsersTab","decl":{"start":{"line":14,"column":24},"end":{"line":14,"column":37}},"loc":{"start":{"line":14,"column":51},"end":{"line":133,"column":1}},"line":14},"1":{"name":"(anonymous_1)","decl":{"start":{"line":19,"column":12},"end":{"line":19,"column":13}},"loc":{"start":{"line":19,"column":18},"end":{"line":31,"column":3}},"line":19},"2":{"name":"(anonymous_2)","decl":{"start":{"line":21,"column":45},"end":{"line":21,"column":46}},"loc":{"start":{"line":21,"column":59},"end":{"line":28,"column":5}},"line":21},"3":{"name":"(anonymous_3)","decl":{"start":{"line":23,"column":23},"end":{"line":23,"column":24}},"loc":{"start":{"line":23,"column":32},"end":{"line":25,"column":7}},"line":23},"4":{"name":"(anonymous_4)","decl":{"start":{"line":30,"column":11},"end":{"line":30,"column":12}},"loc":{"start":{"line":30,"column":17},"end":{"line":30,"column":30}},"line":30},"5":{"name":"(anonymous_5)","decl":{"start":{"line":33,"column":27},"end":{"line":33,"column":28}},"loc":{"start":{"line":33,"column":54},"end":{"line":44,"column":3}},"line":33},"6":{"name":"(anonymous_6)","decl":{"start":{"line":37,"column":15},"end":{"line":37,"column":16}},"loc":{"start":{"line":38,"column":8},"end":{"line":38,"column":72}},"line":38},"7":{"name":"(anonymous_7)","decl":{"start":{"line":38,"column":17},"end":{"line":38,"column":18}},"loc":{"start":{"line":38,"column":25},"end":{"line":38,"column":70}},"line":38},"8":{"name":"(anonymous_8)","decl":{"start":{"line":46,"column":37},"end":{"line":46,"column":38}},"loc":{"start":{"line":47,"column":4},"end":{"line":47,"column":61}},"line":47},"9":{"name":"(anonymous_9)","decl":{"start":{"line":59,"column":22},"end":{"line":59,"column":23}},"loc":{"start":{"line":59,"column":29},"end":{"line":59,"column":58}},"line":59},"10":{"name":"(anonymous_10)","decl":{"start":{"line":92,"column":32},"end":{"line":92,"column":33}},"loc":{"start":{"line":93,"column":16},"end":{"line":125,"column":21}},"line":93},"11":{"name":"(anonymous_11)","decl":{"start":{"line":108,"column":32},"end":{"line":108,"column":33}},"loc":{"start":{"line":108,"column":39},"end":{"line":108,"column":80}},"line":108}},"branchMap":{"0":{"loc":{"start":{"line":38,"column":25},"end":{"line":38,"column":70}},"type":"cond-expr","locations":[{"start":{"line":38,"column":43},"end":{"line":38,"column":66}},{"start":{"line":38,"column":69},"end":{"line":38,"column":70}}],"line":38},"1":{"loc":{"start":{"line":78,"column":13},"end":{"line":127,"column":13}},"type":"cond-expr","locations":[{"start":{"line":79,"column":14},"end":{"line":84,"column":19}},{"start":{"line":85,"column":16},"end":{"line":127,"column":13}}],"line":78},"2":{"loc":{"start":{"line":85,"column":16},"end":{"line":127,"column":13}},"type":"cond-expr","locations":[{"start":{"line":86,"column":14},"end":{"line":90,"column":19}},{"start":{"line":92,"column":14},"end":{"line":126,"column":16}}],"line":85},"3":{"loc":{"start":{"line":96,"column":23},"end":{"line":96,"column":60}},"type":"binary-expr","locations":[{"start":{"line":96,"column":23},"end":{"line":96,"column":53}},{"start":{"line":96,"column":57},"end":{"line":96,"column":60}}],"line":96},"4":{"loc":{"start":{"line":98,"column":21},"end":{"line":98,"column":46}},"type":"binary-expr","locations":[{"start":{"line":98,"column":21},"end":{"line":98,"column":31}},{"start":{"line":98,"column":35},"end":{"line":98,"column":46}}],"line":98},"5":{"loc":{"start":{"line":101,"column":21},"end":{"line":103,"column":38}},"type":"cond-expr","locations":[{"start":{"line":102,"column":24},"end":{"line":102,"column":76}},{"start":{"line":103,"column":24},"end":{"line":103,"column":38}}],"line":101},"6":{"loc":{"start":{"line":107,"column":29},"end":{"line":107,"column":48}},"type":"binary-expr","locations":[{"start":{"line":107,"column":29},"end":{"line":107,"column":38}},{"start":{"line":107,"column":42},"end":{"line":107,"column":48}}],"line":107},"7":{"loc":{"start":{"line":110,"column":24},"end":{"line":116,"column":59}},"type":"cond-expr","locations":[{"start":{"line":111,"column":28},"end":{"line":111,"column":66}},{"start":{"line":112,"column":28},"end":{"line":116,"column":59}}],"line":110},"8":{"loc":{"start":{"line":112,"column":28},"end":{"line":116,"column":59}},"type":"cond-expr","locations":[{"start":{"line":113,"column":28},"end":{"line":113,"column":62}},{"start":{"line":114,"column":28},"end":{"line":116,"column":59}}],"line":112},"9":{"loc":{"start":{"line":114,"column":28},"end":{"line":116,"column":59}},"type":"cond-expr","locations":[{"start":{"line":115,"column":28},"end":{"line":115,"column":66}},{"start":{"line":116,"column":28},"end":{"line":116,"column":59}}],"line":114}},"s":{"0":0,"1":0,"2":0,"3":0,"4":0,"5":0,"6":0,"7":0,"8":0,"9":0,"10":0,"11":0,"12":0,"13":0,"14":0,"15":0,"16":0,"17":0,"18":0,"19":0,"20":0,"21":0,"22":0,"23":0,"24":0,"25":0,"26":0,"27":0},"f":{"0":0,"1":0,"2":0,"3":0,"4":0,"5":0,"6":0,"7":0,"8":0,"9":0,"10":0,"11":0},"b":{"0":[0,0],"1":[0,0],"2":[0,0],"3":[0,0],"4":[0,0],"5":[0,0],"6":[0,0],"7":[0,0],"8":[0,0],"9":[0,0]}}
,"C:\\Users\\Schulx\\HubMercurius\\.claude\\worktrees\\intelligent-lovelace\\src\\components\\ai\\AIMessage.jsx": {"path":"C:\\Users\\Schulx\\HubMercurius\\.claude\\worktrees\\intelligent-lovelace\\src\\components\\ai\\AIMessage.jsx","statementMap":{"0":{"start":{"line":17,"column":18},"end":{"line":36,"column":2}},"1":{"start":{"line":18,"column":2},"end":{"line":35,"column":4}}},"fnMap":{"0":{"name":"AIMessage","decl":{"start":{"line":17,"column":38},"end":{"line":17,"column":47}},"loc":{"start":{"line":17,"column":82},"end":{"line":36,"column":1}},"line":17}},"branchMap":{"0":{"loc":{"start":{"line":17,"column":59},"end":{"line":17,"column":78}},"type":"default-arg","locations":[{"start":{"line":17,"column":73},"end":{"line":17,"column":78}}],"line":17},"1":{"loc":{"start":{"line":31,"column":11},"end":{"line":31,"column":66}},"type":"binary-expr","locations":[{"start":{"line":31,"column":11},"end":{"line":31,"column":22}},{"start":{"line":31,"column":26},"end":{"line":31,"column":66}}],"line":31}},"s":{"0":0,"1":0},"f":{"0":0},"b":{"0":[0],"1":[0,0]}}
,"C:\\Users\\Schulx\\HubMercurius\\.claude\\worktrees\\intelligent-lovelace\\src\\components\\ai\\ChatInterface.jsx": {"path":"C:\\Users\\Schulx\\HubMercurius\\.claude\\worktrees\\intelligent-lovelace\\src\\components\\ai\\ChatInterface.jsx","statementMap":{"0":{"start":{"line":19,"column":22},"end":{"line":84,"column":2}},"1":{"start":{"line":20,"column":38},"end":{"line":20,"column":50}},"2":{"start":{"line":21,"column":43},"end":{"line":21,"column":64}},"3":{"start":{"line":22,"column":37},"end":{"line":22,"column":48}},"4":{"start":{"line":24,"column":21},"end":{"line":28,"column":3}},"5":{"start":{"line":25,"column":4},"end":{"line":25,"column":63}},"6":{"start":{"line":25,"column":56},"end":{"line":25,"column":63}},"7":{"start":{"line":26,"column":4},"end":{"line":26,"column":34}},"8":{"start":{"line":27,"column":4},"end":{"line":27,"column":22}},"9":{"start":{"line":30,"column":24},"end":{"line":35,"column":3}},"10":{"start":{"line":31,"column":4},"end":{"line":34,"column":5}},"11":{"start":{"line":32,"column":6},"end":{"line":32,"column":25}},"12":{"start":{"line":33,"column":6},"end":{"line":33,"column":19}},"13":{"start":{"line":37,"column":32},"end":{"line":40,"column":3}},"14":{"start":{"line":38,"column":4},"end":{"line":38,"column":30}},"15":{"start":{"line":39,"column":4},"end":{"line":39,"column":34}},"16":{"start":{"line":42,"column":2},"end":{"line":83,"column":4}},"17":{"start":{"line":66,"column":29},"end":{"line":66,"column":58}}},"fnMap":{"0":{"name":"ChatInterface","decl":{"start":{"line":19,"column":42},"end":{"line":19,"column":55}},"loc":{"start":{"line":19,"column":58},"end":{"line":84,"column":1}},"line":19},"1":{"name":"(anonymous_1)","decl":{"start":{"line":24,"column":21},"end":{"line":24,"column":22}},"loc":{"start":{"line":24,"column":33},"end":{"line":28,"column":3}},"line":24},"2":{"name":"(anonymous_2)","decl":{"start":{"line":30,"column":24},"end":{"line":30,"column":25}},"loc":{"start":{"line":30,"column":31},"end":{"line":35,"column":3}},"line":30},"3":{"name":"(anonymous_3)","decl":{"start":{"line":37,"column":32},"end":{"line":37,"column":33}},"loc":{"start":{"line":37,"column":54},"end":{"line":40,"column":3}},"line":37},"4":{"name":"(anonymous_4)","decl":{"start":{"line":66,"column":22},"end":{"line":66,"column":23}},"loc":{"start":{"line":66,"column":29},"end":{"line":66,"column":58}},"line":66}},"branchMap":{"0":{"loc":{"start":{"line":25,"column":4},"end":{"line":25,"column":63}},"type":"if","locations":[{"start":{"line":25,"column":4},"end":{"line":25,"column":63}},{"start":{},"end":{}}],"line":25},"1":{"loc":{"start":{"line":25,"column":8},"end":{"line":25,"column":54}},"type":"binary-expr","locations":[{"start":{"line":25,"column":8},"end":{"line":25,"column":26}},{"start":{"line":25,"column":30},"end":{"line":25,"column":41}},{"start":{"line":25,"column":45},"end":{"line":25,"column":54}}],"line":25},"2":{"loc":{"start":{"line":31,"column":4},"end":{"line":34,"column":5}},"type":"if","locations":[{"start":{"line":31,"column":4},"end":{"line":34,"column":5}},{"start":{},"end":{}}],"line":31},"3":{"loc":{"start":{"line":31,"column":8},"end":{"line":31,"column":40}},"type":"binary-expr","locations":[{"start":{"line":31,"column":8},"end":{"line":31,"column":25}},{"start":{"line":31,"column":29},"end":{"line":31,"column":40}}],"line":31},"4":{"loc":{"start":{"line":45,"column":7},"end":{"line":50,"column":7}},"type":"binary-expr","locations":[{"start":{"line":45,"column":7},"end":{"line":45,"column":12}},{"start":{"line":46,"column":8},"end":{"line":49,"column":14}}],"line":45},"5":{"loc":{"start":{"line":56,"column":7},"end":{"line":59,"column":8}},"type":"binary-expr","locations":[{"start":{"line":56,"column":7},"end":{"line":56,"column":28}},{"start":{"line":56,"column":32},"end":{"line":59,"column":8}}],"line":56},"6":{"loc":{"start":{"line":58,"column":19},"end":{"line":58,"column":43}},"type":"binary-expr","locations":[{"start":{"line":58,"column":19},"end":{"line":58,"column":30}},{"start":{"line":58,"column":34},"end":{"line":58,"column":43}}],"line":58},"7":{"loc":{"start":{"line":69,"column":22},"end":{"line":69,"column":46}},"type":"binary-expr","locations":[{"start":{"line":69,"column":22},"end":{"line":69,"column":33}},{"start":{"line":69,"column":37},"end":{"line":69,"column":46}}],"line":69},"8":{"loc":{"start":{"line":75,"column":22},"end":{"line":75,"column":68}},"type":"binary-expr","locations":[{"start":{"line":75,"column":22},"end":{"line":75,"column":40}},{"start":{"line":75,"column":44},"end":{"line":75,"column":55}},{"start":{"line":75,"column":59},"end":{"line":75,"column":68}}],"line":75}},"s":{"0":0,"1":0,"2":0,"3":0,"4":0,"5":0,"6":0,"7":0,"8":0,"9":0,"10":0,"11":0,"12":0,"13":0,"14":0,"15":0,"16":0,"17":0},"f":{"0":0,"1":0,"2":0,"3":0,"4":0},"b":{"0":[0,0],"1":[0,0,0],"2":[0,0],"3":[0,0],"4":[0,0],"5":[0,0],"6":[0,0],"7":[0,0],"8":[0,0,0]}}
,"C:\\Users\\Schulx\\HubMercurius\\.claude\\worktrees\\intelligent-lovelace\\src\\components\\ai\\ChatMessages.jsx": {"path":"C:\\Users\\Schulx\\HubMercurius\\.claude\\worktrees\\intelligent-lovelace\\src\\components\\ai\\ChatMessages.jsx","statementMap":{"0":{"start":{"line":15,"column":21},"end":{"line":53,"column":2}},"1":{"start":{"line":16,"column":25},"end":{"line":16,"column":37}},"2":{"start":{"line":21,"column":2},"end":{"line":23,"column":17}},"3":{"start":{"line":22,"column":4},"end":{"line":22,"column":67}},"4":{"start":{"line":25,"column":2},"end":{"line":35,"column":3}},"5":{"start":{"line":26,"column":4},"end":{"line":34,"column":6}},"6":{"start":{"line":37,"column":2},"end":{"line":52,"column":4}},"7":{"start":{"line":40,"column":8},"end":{"line":48,"column":9}}},"fnMap":{"0":{"name":"ChatMessages","decl":{"start":{"line":15,"column":41},"end":{"line":15,"column":53}},"loc":{"start":{"line":15,"column":68},"end":{"line":53,"column":1}},"line":15},"1":{"name":"(anonymous_1)","decl":{"start":{"line":21,"column":12},"end":{"line":21,"column":13}},"loc":{"start":{"line":21,"column":18},"end":{"line":23,"column":3}},"line":21},"2":{"name":"(anonymous_2)","decl":{"start":{"line":39,"column":20},"end":{"line":39,"column":21}},"loc":{"start":{"line":40,"column":8},"end":{"line":48,"column":9}},"line":40}},"branchMap":{"0":{"loc":{"start":{"line":25,"column":2},"end":{"line":35,"column":3}},"type":"if","locations":[{"start":{"line":25,"column":2},"end":{"line":35,"column":3}},{"start":{},"end":{}}],"line":25},"1":{"loc":{"start":{"line":40,"column":8},"end":{"line":48,"column":9}},"type":"cond-expr","locations":[{"start":{"line":41,"column":10},"end":{"line":41,"column":68}},{"start":{"line":43,"column":10},"end":{"line":47,"column":12}}],"line":40}},"s":{"0":0,"1":0,"2":0,"3":0,"4":0,"5":0,"6":0,"7":0},"f":{"0":0,"1":0,"2":0},"b":{"0":[0,0],"1":[0,0]}}
,"C:\\Users\\Schulx\\HubMercurius\\.claude\\worktrees\\intelligent-lovelace\\src\\components\\ai\\FollowUpSuggestions.jsx": {"path":"C:\\Users\\Schulx\\HubMercurius\\.claude\\worktrees\\intelligent-lovelace\\src\\components\\ai\\FollowUpSuggestions.jsx","statementMap":{"0":{"start":{"line":14,"column":28},"end":{"line":40,"column":2}},"1":{"start":{"line":18,"column":22},"end":{"line":23,"column":3}},"2":{"start":{"line":25,"column":2},"end":{"line":39,"column":4}},"3":{"start":{"line":28,"column":8},"end":{"line":36,"column":17}},"4":{"start":{"line":30,"column":25},"end":{"line":30,"column":54}}},"fnMap":{"0":{"name":"FollowUpSuggestions","decl":{"start":{"line":14,"column":48},"end":{"line":14,"column":67}},"loc":{"start":{"line":17,"column":3},"end":{"line":40,"column":1}},"line":17},"1":{"name":"(anonymous_1)","decl":{"start":{"line":27,"column":23},"end":{"line":27,"column":24}},"loc":{"start":{"line":28,"column":8},"end":{"line":36,"column":17}},"line":28},"2":{"name":"(anonymous_2)","decl":{"start":{"line":30,"column":19},"end":{"line":30,"column":20}},"loc":{"start":{"line":30,"column":25},"end":{"line":30,"column":54}},"line":30}},"branchMap":{"0":{"loc":{"start":{"line":16,"column":2},"end":{"line":16,"column":19}},"type":"default-arg","locations":[{"start":{"line":16,"column":14},"end":{"line":16,"column":19}}],"line":16}},"s":{"0":0,"1":0,"2":0,"3":0,"4":0},"f":{"0":0,"1":0,"2":0},"b":{"0":[0]}}
,"C:\\Users\\Schulx\\HubMercurius\\.claude\\worktrees\\intelligent-lovelace\\src\\components\\ai\\UserMessage.jsx": {"path":"C:\\Users\\Schulx\\HubMercurius\\.claude\\worktrees\\intelligent-lovelace\\src\\components\\ai\\UserMessage.jsx","statementMap":{"0":{"start":{"line":10,"column":20},"end":{"line":18,"column":2}},"1":{"start":{"line":11,"column":2},"end":{"line":17,"column":4}}},"fnMap":{"0":{"name":"UserMessage","decl":{"start":{"line":10,"column":40},"end":{"line":10,"column":51}},"loc":{"start":{"line":10,"column":65},"end":{"line":18,"column":1}},"line":10}},"branchMap":{},"s":{"0":0,"1":0},"f":{"0":0},"b":{}}
,"C:\\Users\\Schulx\\HubMercurius\\.claude\\worktrees\\intelligent-lovelace\\src\\components\\auth\\PrivacyModeToggle.jsx": {"path":"C:\\Users\\Schulx\\HubMercurius\\.claude\\worktrees\\intelligent-lovelace\\src\\components\\auth\\PrivacyModeToggle.jsx","statementMap":{"0":{"start":{"line":14,"column":26},"end":{"line":31,"column":2}},"1":{"start":{"line":15,"column":39},"end":{"line":15,"column":55}},"2":{"start":{"line":17,"column":2},"end":{"line":30,"column":4}}},"fnMap":{"0":{"name":"PrivacyModeToggle","decl":{"start":{"line":14,"column":46},"end":{"line":14,"column":63}},"loc":{"start":{"line":14,"column":66},"end":{"line":31,"column":1}},"line":14}},"branchMap":{"0":{"loc":{"start":{"line":21,"column":13},"end":{"line":21,"column":62}},"type":"cond-expr","locations":[{"start":{"line":21,"column":25},"end":{"line":21,"column":42}},{"start":{"line":21,"column":45},"end":{"line":21,"column":62}}],"line":21},"1":{"loc":{"start":{"line":22,"column":18},"end":{"line":22,"column":59}},"type":"cond-expr","locations":[{"start":{"line":22,"column":30},"end":{"line":22,"column":43}},{"start":{"line":22,"column":46},"end":{"line":22,"column":59}}],"line":22},"2":{"loc":{"start":{"line":24,"column":7},"end":{"line":28,"column":7}},"type":"cond-expr","locations":[{"start":{"line":25,"column":8},"end":{"line":25,"column":38}},{"start":{"line":27,"column":8},"end":{"line":27,"column":35}}],"line":24}},"s":{"0":0,"1":0,"2":0},"f":{"0":0},"b":{"0":[0,0],"1":[0,0],"2":[0,0]}}
,"C:\\Users\\Schulx\\HubMercurius\\.claude\\worktrees\\intelligent-lovelace\\src\\components\\dashboard\\AlertsSection.jsx": {"path":"C:\\Users\\Schulx\\HubMercurius\\.claude\\worktrees\\intelligent-lovelace\\src\\components\\dashboard\\AlertsSection.jsx","statementMap":{"0":{"start":{"line":15,"column":15},"end":{"line":15,"column":63}},"1":{"start":{"line":16,"column":15},"end":{"line":16,"column":41}},"2":{"start":{"line":19,"column":19},"end":{"line":24,"column":3}},"3":{"start":{"line":26,"column":19},"end":{"line":26,"column":97}},"4":{"start":{"line":26,"column":53},"end":{"line":26,"column":83}},"5":{"start":{"line":27,"column":17},"end":{"line":27,"column":35}},"6":{"start":{"line":29,"column":2},"end":{"line":51,"column":4}},"7":{"start":{"line":62,"column":22},"end":{"line":160,"column":2}},"8":{"start":{"line":63,"column":36},"end":{"line":63,"column":48}},"9":{"start":{"line":64,"column":36},"end":{"line":64,"column":50}},"10":{"start":{"line":67,"column":2},"end":{"line":91,"column":9}},"11":{"start":{"line":68,"column":4},"end":{"line":71,"column":5}},"12":{"start":{"line":69,"column":6},"end":{"line":69,"column":26}},"13":{"start":{"line":70,"column":6},"end":{"line":70,"column":13}},"14":{"start":{"line":73,"column":20},"end":{"line":73,"column":58}},"15":{"start":{"line":74,"column":24},"end":{"line":88,"column":5}},"16":{"start":{"line":77,"column":8},"end":{"line":81,"column":9}},"17":{"start":{"line":78,"column":10},"end":{"line":78,"column":45}},"18":{"start":{"line":80,"column":10},"end":{"line":80,"column":27}},"19":{"start":{"line":82,"column":8},"end":{"line":82,"column":28}},"20":{"start":{"line":85,"column":8},"end":{"line":85,"column":73}},"21":{"start":{"line":86,"column":8},"end":{"line":86,"column":28}},"22":{"start":{"line":90,"column":4},"end":{"line":90,"column":31}},"23":{"start":{"line":90,"column":17},"end":{"line":90,"column":30}},"24":{"start":{"line":93,"column":23},"end":{"line":93,"column":44}},"25":{"start":{"line":95,"column":2},"end":{"line":159,"column":4}},"26":{"start":{"line":142,"column":14},"end":{"line":142,"column":82}},"27":{"start":{"line":153,"column":14},"end":{"line":153,"column":77}}},"fnMap":{"0":{"name":"ReminderCard","decl":{"start":{"line":13,"column":9},"end":{"line":13,"column":21}},"loc":{"start":{"line":13,"column":36},"end":{"line":52,"column":1}},"line":13},"1":{"name":"(anonymous_1)","decl":{"start":{"line":26,"column":46},"end":{"line":26,"column":47}},"loc":{"start":{"line":26,"column":53},"end":{"line":26,"column":83}},"line":26},"2":{"name":"AlertsSection","decl":{"start":{"line":62,"column":42},"end":{"line":62,"column":55}},"loc":{"start":{"line":62,"column":81},"end":{"line":160,"column":1}},"line":62},"3":{"name":"(anonymous_3)","decl":{"start":{"line":67,"column":12},"end":{"line":67,"column":13}},"loc":{"start":{"line":67,"column":18},"end":{"line":91,"column":3}},"line":67},"4":{"name":"(anonymous_4)","decl":{"start":{"line":76,"column":6},"end":{"line":76,"column":7}},"loc":{"start":{"line":76,"column":16},"end":{"line":83,"column":7}},"line":76},"5":{"name":"(anonymous_5)","decl":{"start":{"line":84,"column":6},"end":{"line":84,"column":7}},"loc":{"start":{"line":84,"column":17},"end":{"line":87,"column":7}},"line":84},"6":{"name":"(anonymous_6)","decl":{"start":{"line":90,"column":11},"end":{"line":90,"column":12}},"loc":{"start":{"line":90,"column":17},"end":{"line":90,"column":30}},"line":90},"7":{"name":"(anonymous_7)","decl":{"start":{"line":141,"column":27},"end":{"line":141,"column":28}},"loc":{"start":{"line":142,"column":14},"end":{"line":142,"column":82}},"line":142},"8":{"name":"(anonymous_8)","decl":{"start":{"line":152,"column":30},"end":{"line":152,"column":31}},"loc":{"start":{"line":153,"column":14},"end":{"line":153,"column":77}},"line":153}},"branchMap":{"0":{"loc":{"start":{"line":15,"column":15},"end":{"line":15,"column":63}},"type":"binary-expr","locations":[{"start":{"line":15,"column":15},"end":{"line":15,"column":28}},{"start":{"line":15,"column":32},"end":{"line":15,"column":49}},{"start":{"line":15,"column":53},"end":{"line":15,"column":63}}],"line":15},"1":{"loc":{"start":{"line":16,"column":15},"end":{"line":16,"column":41}},"type":"binary-expr","locations":[{"start":{"line":16,"column":15},"end":{"line":16,"column":28}},{"start":{"line":16,"column":32},"end":{"line":16,"column":41}}],"line":16},"2":{"loc":{"start":{"line":26,"column":19},"end":{"line":26,"column":97}},"type":"binary-expr","locations":[{"start":{"line":26,"column":19},"end":{"line":26,"column":84}},{"start":{"line":26,"column":88},"end":{"line":26,"column":97}}],"line":26},"3":{"loc":{"start":{"line":43,"column":9},"end":{"line":47,"column":9}},"type":"binary-expr","locations":[{"start":{"line":43,"column":9},"end":{"line":43,"column":25}},{"start":{"line":44,"column":10},"end":{"line":46,"column":14}}],"line":43},"4":{"loc":{"start":{"line":68,"column":4},"end":{"line":71,"column":5}},"type":"if","locations":[{"start":{"line":68,"column":4},"end":{"line":71,"column":5}},{"start":{},"end":{}}],"line":68},"5":{"loc":{"start":{"line":77,"column":8},"end":{"line":81,"column":9}},"type":"if","locations":[{"start":{"line":77,"column":8},"end":{"line":81,"column":9}},{"start":{"line":79,"column":15},"end":{"line":81,"column":9}}],"line":77},"6":{"loc":{"start":{"line":77,"column":12},"end":{"line":77,"column":64}},"type":"binary-expr","locations":[{"start":{"line":77,"column":12},"end":{"line":77,"column":25}},{"start":{"line":77,"column":29},"end":{"line":77,"column":64}}],"line":77},"7":{"loc":{"start":{"line":127,"column":11},"end":{"line":135,"column":11}},"type":"binary-expr","locations":[{"start":{"line":127,"column":11},"end":{"line":127,"column":30}},{"start":{"line":128,"column":12},"end":{"line":134,"column":21}}],"line":127},"8":{"loc":{"start":{"line":139,"column":9},"end":{"line":156,"column":9}},"type":"cond-expr","locations":[{"start":{"line":140,"column":10},"end":{"line":144,"column":16}},{"start":{"line":145,"column":12},"end":{"line":156,"column":9}}],"line":139},"9":{"loc":{"start":{"line":145,"column":12},"end":{"line":156,"column":9}},"type":"cond-expr","locations":[{"start":{"line":146,"column":10},"end":{"line":149,"column":16}},{"start":{"line":151,"column":10},"end":{"line":155,"column":16}}],"line":145},"10":{"loc":{"start":{"line":153,"column":33},"end":{"line":153,"column":53}},"type":"binary-expr","locations":[{"start":{"line":153,"column":33},"end":{"line":153,"column":44}},{"start":{"line":153,"column":48},"end":{"line":153,"column":53}}],"line":153}},"s":{"0":0,"1":0,"2":0,"3":0,"4":0,"5":0,"6":0,"7":0,"8":0,"9":0,"10":0,"11":0,"12":0,"13":0,"14":0,"15":0,"16":0,"17":0,"18":0,"19":0,"20":0,"21":0,"22":0,"23":0,"24":0,"25":0,"26":0,"27":0},"f":{"0":0,"1":0,"2":0,"3":0,"4":0,"5":0,"6":0,"7":0,"8":0},"b":{"0":[0,0,0],"1":[0,0],"2":[0,0],"3":[0,0],"4":[0,0],"5":[0,0],"6":[0,0],"7":[0,0],"8":[0,0],"9":[0,0],"10":[0,0]}}
,"C:\\Users\\Schulx\\HubMercurius\\.claude\\worktrees\\intelligent-lovelace\\src\\components\\dashboard\\ClientCard.jsx": {"path":"C:\\Users\\Schulx\\HubMercurius\\.claude\\worktrees\\intelligent-lovelace\\src\\components\\dashboard\\ClientCard.jsx","statementMap":{"0":{"start":{"line":10,"column":20},"end":{"line":15,"column":1}},"1":{"start":{"line":22,"column":20},"end":{"line":27,"column":1}},"2":{"start":{"line":37,"column":17},"end":{"line":37,"column":53}},"3":{"start":{"line":38,"column":2},"end":{"line":38,"column":33}},"4":{"start":{"line":50,"column":19},"end":{"line":115,"column":2}},"5":{"start":{"line":51,"column":26},"end":{"line":51,"column":42}},"6":{"start":{"line":53,"column":22},"end":{"line":55,"column":28}},"7":{"start":{"line":54,"column":4},"end":{"line":54,"column":25}},"8":{"start":{"line":57,"column":24},"end":{"line":65,"column":3}},"9":{"start":{"line":59,"column":6},"end":{"line":62,"column":7}},"10":{"start":{"line":60,"column":8},"end":{"line":60,"column":27}},"11":{"start":{"line":61,"column":8},"end":{"line":61,"column":29}},"12":{"start":{"line":67,"column":20},"end":{"line":67,"column":64}},"13":{"start":{"line":68,"column":20},"end":{"line":68,"column":59}},"14":{"start":{"line":69,"column":23},"end":{"line":69,"column":72}},"15":{"start":{"line":70,"column":25},"end":{"line":70,"column":67}},"16":{"start":{"line":72,"column":2},"end":{"line":114,"column":4}}},"fnMap":{"0":{"name":"getAvatarLetter","decl":{"start":{"line":36,"column":9},"end":{"line":36,"column":24}},"loc":{"start":{"line":36,"column":45},"end":{"line":39,"column":1}},"line":36},"1":{"name":"ClientCard","decl":{"start":{"line":50,"column":39},"end":{"line":50,"column":49}},"loc":{"start":{"line":50,"column":92},"end":{"line":115,"column":1}},"line":50},"2":{"name":"(anonymous_2)","decl":{"start":{"line":53,"column":34},"end":{"line":53,"column":35}},"loc":{"start":{"line":53,"column":40},"end":{"line":55,"column":3}},"line":53},"3":{"name":"(anonymous_3)","decl":{"start":{"line":58,"column":4},"end":{"line":58,"column":5}},"loc":{"start":{"line":58,"column":11},"end":{"line":63,"column":5}},"line":58}},"branchMap":{"0":{"loc":{"start":{"line":37,"column":18},"end":{"line":37,"column":45}},"type":"binary-expr","locations":[{"start":{"line":37,"column":18},"end":{"line":37,"column":29}},{"start":{"line":37,"column":33},"end":{"line":37,"column":38}},{"start":{"line":37,"column":42},"end":{"line":37,"column":45}}],"line":37},"1":{"loc":{"start":{"line":50,"column":70},"end":{"line":50,"column":88}},"type":"default-arg","locations":[{"start":{"line":50,"column":83},"end":{"line":50,"column":88}}],"line":50},"2":{"loc":{"start":{"line":59,"column":6},"end":{"line":62,"column":7}},"type":"if","locations":[{"start":{"line":59,"column":6},"end":{"line":62,"column":7}},{"start":{},"end":{}}],"line":59},"3":{"loc":{"start":{"line":59,"column":10},"end":{"line":59,"column":44}},"type":"binary-expr","locations":[{"start":{"line":59,"column":10},"end":{"line":59,"column":27}},{"start":{"line":59,"column":31},"end":{"line":59,"column":44}}],"line":59},"4":{"loc":{"start":{"line":67,"column":20},"end":{"line":67,"column":64}},"type":"binary-expr","locations":[{"start":{"line":67,"column":20},"end":{"line":67,"column":44}},{"start":{"line":67,"column":48},"end":{"line":67,"column":64}}],"line":67},"5":{"loc":{"start":{"line":68,"column":20},"end":{"line":68,"column":59}},"type":"binary-expr","locations":[{"start":{"line":68,"column":20},"end":{"line":68,"column":44}},{"start":{"line":68,"column":48},"end":{"line":68,"column":59}}],"line":68},"6":{"loc":{"start":{"line":70,"column":37},"end":{"line":70,"column":59}},"type":"binary-expr","locations":[{"start":{"line":70,"column":37},"end":{"line":70,"column":54}},{"start":{"line":70,"column":58},"end":{"line":70,"column":59}}],"line":70},"7":{"loc":{"start":{"line":79,"column":8},"end":{"line":81,"column":54}},"type":"cond-expr","locations":[{"start":{"line":80,"column":12},"end":{"line":80,"column":72}},{"start":{"line":81,"column":12},"end":{"line":81,"column":54}}],"line":79},"8":{"loc":{"start":{"line":84,"column":40},"end":{"line":84,"column":74}},"type":"binary-expr","locations":[{"start":{"line":84,"column":40},"end":{"line":84,"column":58}},{"start":{"line":84,"column":62},"end":{"line":84,"column":74}}],"line":84},"9":{"loc":{"start":{"line":95,"column":11},"end":{"line":99,"column":11}},"type":"binary-expr","locations":[{"start":{"line":95,"column":11},"end":{"line":95,"column":29}},{"start":{"line":96,"column":12},"end":{"line":98,"column":16}}],"line":95},"10":{"loc":{"start":{"line":100,"column":58},"end":{"line":100,"column":124}},"type":"cond-expr","locations":[{"start":{"line":100,"column":79},"end":{"line":100,"column":87}},{"start":{"line":100,"column":90},"end":{"line":100,"column":124}}],"line":100}},"s":{"0":0,"1":0,"2":0,"3":0,"4":0,"5":0,"6":0,"7":0,"8":0,"9":0,"10":0,"11":0,"12":0,"13":0,"14":0,"15":0,"16":0},"f":{"0":0,"1":0,"2":0,"3":0},"b":{"0":[0,0,0],"1":[0],"2":[0,0],"3":[0,0],"4":[0,0],"5":[0,0],"6":[0,0],"7":[0,0],"8":[0,0],"9":[0,0],"10":[0,0]}}
,"C:\\Users\\Schulx\\HubMercurius\\.claude\\worktrees\\intelligent-lovelace\\src\\components\\dashboard\\DashboardHeader.jsx": {"path":"C:\\Users\\Schulx\\HubMercurius\\.claude\\worktrees\\intelligent-lovelace\\src\\components\\dashboard\\DashboardHeader.jsx","statementMap":{"0":{"start":{"line":15,"column":24},"end":{"line":42,"column":2}},"1":{"start":{"line":16,"column":15},"end":{"line":16,"column":36}},"2":{"start":{"line":18,"column":4},"end":{"line":18,"column":65}},"3":{"start":{"line":20,"column":2},"end":{"line":41,"column":4}}},"fnMap":{"0":{"name":"DashboardHeader","decl":{"start":{"line":15,"column":44},"end":{"line":15,"column":59}},"loc":{"start":{"line":15,"column":92},"end":{"line":42,"column":1}},"line":15}},"branchMap":{"0":{"loc":{"start":{"line":18,"column":4},"end":{"line":18,"column":65}},"type":"cond-expr","locations":[{"start":{"line":18,"column":16},"end":{"line":18,"column":25}},{"start":{"line":18,"column":28},"end":{"line":18,"column":65}}],"line":18},"1":{"loc":{"start":{"line":18,"column":28},"end":{"line":18,"column":65}},"type":"cond-expr","locations":[{"start":{"line":18,"column":40},"end":{"line":18,"column":51}},{"start":{"line":18,"column":54},"end":{"line":18,"column":65}}],"line":18},"2":{"loc":{"start":{"line":25,"column":51},"end":{"line":25,"column":75}},"type":"binary-expr","locations":[{"start":{"line":25,"column":51},"end":{"line":25,"column":59}},{"start":{"line":25,"column":63},"end":{"line":25,"column":75}}],"line":25}},"s":{"0":0,"1":0,"2":0,"3":0},"f":{"0":0},"b":{"0":[0,0],"1":[0,0],"2":[0,0]}}
,"C:\\Users\\Schulx\\HubMercurius\\.claude\\worktrees\\intelligent-lovelace\\src\\components\\dashboard\\HeroCard.jsx": {"path":"C:\\Users\\Schulx\\HubMercurius\\.claude\\worktrees\\intelligent-lovelace\\src\\components\\dashboard\\HeroCard.jsx","statementMap":{"0":{"start":{"line":19,"column":17},"end":{"line":128,"column":2}},"1":{"start":{"line":25,"column":21},"end":{"line":25,"column":38}},"2":{"start":{"line":27,"column":2},"end":{"line":127,"column":4}}},"fnMap":{"0":{"name":"HeroCard","decl":{"start":{"line":19,"column":37},"end":{"line":19,"column":45}},"loc":{"start":{"line":24,"column":3},"end":{"line":128,"column":1}},"line":24}},"branchMap":{"0":{"loc":{"start":{"line":20,"column":2},"end":{"line":20,"column":16}},"type":"default-arg","locations":[{"start":{"line":20,"column":15},"end":{"line":20,"column":16}}],"line":20},"1":{"loc":{"start":{"line":21,"column":2},"end":{"line":21,"column":18}},"type":"default-arg","locations":[{"start":{"line":21,"column":17},"end":{"line":21,"column":18}}],"line":21},"2":{"loc":{"start":{"line":22,"column":2},"end":{"line":22,"column":18}},"type":"default-arg","locations":[{"start":{"line":22,"column":17},"end":{"line":22,"column":18}}],"line":22},"3":{"loc":{"start":{"line":23,"column":2},"end":{"line":23,"column":19}},"type":"default-arg","locations":[{"start":{"line":23,"column":14},"end":{"line":23,"column":19}}],"line":23},"4":{"loc":{"start":{"line":42,"column":22},"end":{"line":44,"column":88}},"type":"cond-expr","locations":[{"start":{"line":43,"column":14},"end":{"line":43,"column":88}},{"start":{"line":44,"column":14},"end":{"line":44,"column":88}}],"line":42},"5":{"loc":{"start":{"line":56,"column":22},"end":{"line":58,"column":81}},"type":"cond-expr","locations":[{"start":{"line":57,"column":14},"end":{"line":57,"column":81}},{"start":{"line":58,"column":14},"end":{"line":58,"column":81}}],"line":56},"6":{"loc":{"start":{"line":70,"column":11},"end":{"line":79,"column":11}},"type":"cond-expr","locations":[{"start":{"line":71,"column":12},"end":{"line":71,"column":82}},{"start":{"line":73,"column":12},"end":{"line":78,"column":17}}],"line":70},"7":{"loc":{"start":{"line":82,"column":11},"end":{"line":102,"column":11}},"type":"cond-expr","locations":[{"start":{"line":83,"column":12},"end":{"line":83,"column":76}},{"start":{"line":85,"column":12},"end":{"line":101,"column":18}}],"line":82},"8":{"loc":{"start":{"line":88,"column":32},"end":{"line":88,"column":66}},"type":"cond-expr","locations":[{"start":{"line":88,"column":45},"end":{"line":88,"column":54}},{"start":{"line":88,"column":57},"end":{"line":88,"column":66}}],"line":88},"9":{"loc":{"start":{"line":90,"column":17},"end":{"line":94,"column":17}},"type":"cond-expr","locations":[{"start":{"line":91,"column":18},"end":{"line":91,"column":52}},{"start":{"line":93,"column":18},"end":{"line":93,"column":54}}],"line":90},"10":{"loc":{"start":{"line":97,"column":68},"end":{"line":97,"column":102}},"type":"cond-expr","locations":[{"start":{"line":97,"column":81},"end":{"line":97,"column":90}},{"start":{"line":97,"column":93},"end":{"line":97,"column":102}}],"line":97},"11":{"loc":{"start":{"line":109,"column":24},"end":{"line":109,"column":82}},"type":"cond-expr","locations":[{"start":{"line":109,"column":37},"end":{"line":109,"column":58}},{"start":{"line":109,"column":61},"end":{"line":109,"column":82}}],"line":109},"12":{"loc":{"start":{"line":110,"column":33},"end":{"line":110,"column":91}},"type":"cond-expr","locations":[{"start":{"line":110,"column":46},"end":{"line":110,"column":67}},{"start":{"line":110,"column":70},"end":{"line":110,"column":91}}],"line":110},"13":{"loc":{"start":{"line":113,"column":11},"end":{"line":117,"column":11}},"type":"cond-expr","locations":[{"start":{"line":114,"column":12},"end":{"line":114,"column":75}},{"start":{"line":116,"column":12},"end":{"line":116,"column":77}}],"line":113},"14":{"loc":{"start":{"line":120,"column":28},"end":{"line":120,"column":62}},"type":"cond-expr","locations":[{"start":{"line":120,"column":41},"end":{"line":120,"column":50}},{"start":{"line":120,"column":53},"end":{"line":120,"column":62}}],"line":120},"15":{"loc":{"start":{"line":122,"column":13},"end":{"line":122,"column":
[...]
":{}}],"line":97},"13":{"loc":{"start":{"line":97,"column":6},"end":{"line":97,"column":51}},"type":"binary-expr","locations":[{"start":{"line":97,"column":6},"end":{"line":97,"column":34}},{"start":{"line":97,"column":38},"end":{"line":97,"column":51}}],"line":97},"14":{"loc":{"start":{"line":123,"column":2},"end":{"line":123,"column":25}},"type":"default-arg","locations":[{"start":{"line":123,"column":22},"end":{"line":123,"column":25}}],"line":123},"15":{"loc":{"start":{"line":124,"column":2},"end":{"line":124,"column":16}},"type":"default-arg","locations":[{"start":{"line":124,"column":12},"end":{"line":124,"column":16}}],"line":124},"16":{"loc":{"start":{"line":126,"column":2},"end":{"line":128,"column":3}},"type":"if","locations":[{"start":{"line":126,"column":2},"end":{"line":128,"column":3}},{"start":{},"end":{}}],"line":126},"17":{"loc":{"start":{"line":126,"column":6},"end":{"line":126,"column":45}},"type":"binary-expr","locations":[{"start":{"line":126,"column":6},"end":{"line":126,"column":23}},{"start":{"line":126,"column":27},"end":{"line":126,"column":45}}],"line":126},"18":{"loc":{"start":{"line":129,"column":2},"end":{"line":131,"column":3}},"type":"if","locations":[{"start":{"line":129,"column":2},"end":{"line":131,"column":3}},{"start":{},"end":{}}],"line":129},"19":{"loc":{"start":{"line":129,"column":6},"end":{"line":129,"column":35}},"type":"binary-expr","locations":[{"start":{"line":129,"column":6},"end":{"line":129,"column":15}},{"start":{"line":129,"column":19},"end":{"line":129,"column":35}}],"line":129},"20":{"loc":{"start":{"line":132,"column":2},"end":{"line":134,"column":3}},"type":"if","locations":[{"start":{"line":132,"column":2},"end":{"line":134,"column":3}},{"start":{},"end":{}}],"line":132},"21":{"loc":{"start":{"line":136,"column":18},"end":{"line":136,"column":60}},"type":"cond-expr","locations":[{"start":{"line":136,"column":28},"end":{"line":136,"column":44}},{"start":{"line":136,"column":47},"end":{"line":136,"column":60}}],"line":136},"22":{"loc":{"start":{"line":149,"column":4},"end":{"line":152,"column":5}},"type":"if","locations":[{"start":{"line":149,"column":4},"end":{"line":152,"column":5}},{"start":{},"end":{}}],"line":149},"23":{"loc":{"start":{"line":178,"column":2},"end":{"line":180,"column":3}},"type":"if","locations":[{"start":{"line":178,"column":2},"end":{"line":180,"column":3}},{"start":{},"end":{}}],"line":178},"24":{"loc":{"start":{"line":181,"column":2},"end":{"line":183,"column":3}},"type":"if","locations":[{"start":{"line":181,"column":2},"end":{"line":183,"column":3}},{"start":{},"end":{}}],"line":181},"25":{"loc":{"start":{"line":198,"column":4},"end":{"line":200,"column":5}},"type":"if","locations":[{"start":{"line":198,"column":4},"end":{"line":200,"column":5}},{"start":{},"end":{}}],"line":198},"26":{"loc":{"start":{"line":207,"column":2},"end":{"line":209,"column":3}},"type":"if","locations":[{"start":{"line":207,"column":2},"end":{"line":209,"column":3}},{"start":{},"end":{}}],"line":207},"27":{"loc":{"start":{"line":211,"column":2},"end":{"line":213,"column":3}},"type":"if","locations":[{"start":{"line":211,"column":2},"end":{"line":213,"column":3}},{"start":{},"end":{}}],"line":211},"28":{"loc":{"start":{"line":228,"column":60},"end":{"line":228,"column":77}},"type":"default-arg","locations":[{"start":{"line":228,"column":72},"end":{"line":228,"column":77}}],"line":228},"29":{"loc":{"start":{"line":229,"column":2},"end":{"line":231,"column":3}},"type":"if","locations":[{"start":{"line":229,"column":2},"end":{"line":231,"column":3}},{"start":{},"end":{}}],"line":229},"30":{"loc":{"start":{"line":232,"column":2},"end":{"line":234,"column":3}},"type":"if","locations":[{"start":{"line":232,"column":2},"end":{"line":234,"column":3}},{"start":{},"end":{}}],"line":232},"31":{"loc":{"start":{"line":252,"column":6},"end":{"line":254,"column":7}},"type":"if","locations":[{"start":{"line":252,"column":6},"end":{"line":254,"column":7}},{"start":{},"end":{}}],"line":252},"32":{"loc":{"start":{"line":264,"column":4},"end":{"line":266,"column":5}},"type":"if","locations":[{"start":{"line":264,"column":4},"end":{"line":266,"column":5}},{"start":{},"end":{}}],"line":264},"33":{"loc":{"start":{"line":268,"column":4},"end":{"line":270,"column":5}},"type":"if","locations":[{"start":{"line":268,"column":4},"end":{"line":270,"column":5}},{"start":{},"end":{}}],"line":268}},"s":{"0":1,"1":1,"2":0,"3":0,"4":0,"5":0,"6":0,"7":0,"8":0,"9":0,"10":0,"11":0,"12":0,"13":0,"14":0,"15":0,"16":0,"17":0,"18":0,"19":0,"20":0,"21":0,"22":0,"23":0,"24":0,"25":0,"26":0,"27":0,"28":0,"29":0,"30":0,"31":0,"32":0,"33":0,"34":0,"35":0,"36":0,"37":0,"38":0,"39":0,"40":0,"41":0,"42":0,"43":0,"44":0,"45":0,"46":0,"47":0,"48":0,"49":0,"50":0,"51":0,"52":0,"53":0,"54":0,"55":0,"56":0,"57":0,"58":0,"59":0,"60":0,"61":0,"62":0,"63":0,"64":0,"65":0,"66":0,"67":0,"68":0,"69":0,"70":0,"71":0,"72":0,"73":0,"74":0,"75":0,"76":0,"77":0,"78":0,"79":0,"80":0,"81":0,"82":0,"83":0,"84":0},"f":{"0":0,"1":0,"2":0,"3":0,"4":0,"5":0,"6":0,"7":0,"8":0,"9":0},"b":{"0":[0],"1":[0,0],"2":[0,0],"3":[0,0],"4":[0,0],"5":[0,0],"6":[0,0],"7":[0],"8":[0,0],"9":[0,0],"10":[0,0],"11":[0,0],"12":[0,0],"13":[0,0],"14":[0],"15":[0],"16":[0,0],"17":[0,0],"18":[0,0],"19":[0,0],"20":[0,0],"21":[0,0],"22":[0,0],"23":[0,0],"24":[0,0],"25":[0,0],"26":[0,0],"27":[0,0],"28":[0],"29":[0,0],"30":[0,0],"31":[0,0],"32":[0,0],"33":[0,0]},"_coverageSchema":"1a1c01bbd47fc00a2c39e90264f33305004495a9","hash":"dfc6a1ed5ce2c366304a1434459f7430dc6e299e"}
,"C:\\Users\\Schulx\\HubMercurius\\.claude\\worktrees\\intelligent-lovelace\\src\\services\\transactionService.js": {"path":"C:\\Users\\Schulx\\HubMercurius\\.claude\\worktrees\\intelligent-lovelace\\src\\services\\transactionService.js","statementMap":{"0":{"start":{"line":42,"column":2},"end":{"line":42,"column":32}},"1":{"start":{"line":42,"column":14},"end":{"line":42,"column":32}},"2":{"start":{"line":43,"column":2},"end":{"line":43,"column":56}},"3":{"start":{"line":43,"column":34},"end":{"line":43,"column":56}},"4":{"start":{"line":44,"column":2},"end":{"line":44,"column":42}},"5":{"start":{"line":44,"column":29},"end":{"line":44,"column":42}},"6":{"start":{"line":45,"column":2},"end":{"line":45,"column":25}},"7":{"start":{"line":56,"column":15},"end":{"line":56,"column":25}},"8":{"start":{"line":57,"column":2},"end":{"line":68,"column":4}},"9":{"start":{"line":83,"column":16},"end":{"line":83,"column":81}},"10":{"start":{"line":84,"column":12},"end":{"line":84,"column":49}},"11":{"start":{"line":85,"column":19},"end":{"line":85,"column":35}},"12":{"start":{"line":87,"column":2},"end":{"line":87,"column":67}},"13":{"start":{"line":87,"column":36},"end":{"line":87,"column":65}},"14":{"start":{"line":106,"column":18},"end":{"line":106,"column":53}},"15":{"start":{"line":107,"column":12},"end":{"line":107,"column":51}},"16":{"start":{"line":109,"column":2},"end":{"line":130,"column":3}},"17":{"start":{"line":110,"column":21},"end":{"line":110,"column":37}},"18":{"start":{"line":111,"column":20},"end":{"line":111,"column":22}},"19":{"start":{"line":113,"column":4},"end":{"line":123,"column":5}},"20":{"start":{"line":115,"column":27},"end":{"line":115,"column":50}},"21":{"start":{"line":116,"column":21},"end":{"line":116,"column":36}},"22":{"start":{"line":117,"column":21},"end":{"line":117,"column":36}},"23":{"start":{"line":120,"column":6},"end":{"line":120,"column":35}},"24":{"start":{"line":120,"column":26},"end":{"line":120,"column":35}},"25":{"start":{"line":122,"column":6},"end":{"line":122,"column":50}},"26":{"start":{"line":125,"column":4},"end":{"line":125,"column":19}},"27":{"start":{"line":128,"column":4},"end":{"line":128,"column":92}},"28":{"start":{"line":129,"column":4},"end":{"line":129,"column":14}},"29":{"start":{"line":154,"column":19},"end":{"line":154,"column":45}},"30":{"start":{"line":155,"column":18},"end":{"line":166,"column":3}},"31":{"start":{"line":168,"column":16},"end":{"line":168,"column":81}},"32":{"start":{"line":169,"column":17},"end":{"line":169,"column":45}},"33":{"start":{"line":170,"column":2},"end":{"line":170,"column":19}},"34":{"start":{"line":185,"column":14},"end":{"line":185,"column":35}},"35":{"start":{"line":186,"column":2},"end":{"line":186,"column":68}},"36":{"start":{"line":186,"column":61},"end":{"line":186,"column":68}},"37":{"start":{"line":188,"column":19},"end":{"line":216,"column":3}},"38":{"start":{"line":218,"column":2},"end":{"line":244,"column":3}},"39":{"start":{"line":219,"column":19},"end":{"line":219,"column":43}},"40":{"start":{"line":220,"column":4},"end":{"line":220,"column":26}},"41":{"start":{"line":220,"column":17},"end":{"line":220,"column":26}},"42":{"start":{"line":223,"column":18},"end":{"line":223,"column":83}},"43":{"start":{"line":224,"column":21},"end":{"line":224,"column":41}},"44":{"start":{"line":225,"column":4},"end":{"line":225,"column":34}},"45":{"start":{"line":225,"column":25},"end":{"line":225,"column":34}},"46":{"start":{"line":227,"column":18},"end":{"line":227,"column":34}},"47":{"start":{"line":228,"column":4},"end":{"line":228,"column":25}},"48":{"start":{"line":228,"column":16},"end":{"line":228,"column":25}},"49":{"start":{"line":230,"column":4},"end":{"line":243,"column":5}},"50":{"start":{"line":231,"column":21},"end":{"line":231,"column":31}},"51":{"start":{"line":232,"column":6},"end":{"line":232,"column":54}},"52":{"start":{"line":234,"column":6},"end":{"line":242,"column":9}}},"fnMap":{"0":{"name":"toDate","decl":{"start":{"line":41,"column":9},"end":{"line":41,"column":15}},"loc":{"start":{"line":41,"column":23},"end":{"line":46,"column":1}},"line":41},"1":{"name":"docToTransaction","decl":{"start":{"line":55,"column":9},"end":{"line":55,"column":25}},"loc":{"start":{"line":55,"column":39},"end":{"line":69,"column":1}},"line":55},"2":{"name":"getTransactionsForAsset","decl":{"start":{"line":82,"column":22},"end":{"line":82,"column":45}},"loc":{"start":{"line":82,"column":59},"end":{"line":88,"column":1}},"line":82},"3":{"name":"(anonymous_3)","decl":{"start":{"line":87,"column":27},"end":{"line":87,"column":28}},"loc":{"start":{"line":87,"column":36},"end":{"line":87,"column":65}},"line":87},"4":{"name":"getAllTransactions","decl":{"start":{"line":101,"column":22},"end":{"line":101,"column":40}},"loc":{"start":{"line":101,"column":46},"end":{"line":131,"column":1}},"line":101},"5":{"name":"addTransaction","decl":{"start":{"line":153,"column":22},"end":{"line":153,"column":36}},"loc":{"start":{"line":153,"column":56},"end":{"line":171,"column":1}},"line":153},"6":{"name":"seedTransactionsIfEmpty","decl":{"start":{"line":184,"column":22},"end":{"line":184,"column":45}},"loc":{"start":{"line":184,"column":54},"end":{"line":245,"column":1}},"line":184}},"branchMap":{"0":{"loc":{"start":{"line":42,"column":2},"end":{"line":42,"column":32}},"type":"if","locations":[{"start":{"line":42,"column":2},"end":{"line":42,"column":32}},{"start":{},"end":{}}],"line":42},"1":{"loc":{"start":{"line":43,"column":2},"end":{"line":43,"column":56}},"type":"if","locations":[{"start":{"line":43,"column":2},"end":{"line":43,"column":56}},{"start":{},"end":{}}],"line":43},"2":{"loc":{"start":{"line":44,"column":2},"end":{"line":44,"column":42}},"type":"if","locations":[{"start":{"line":44,"column":2},"end":{"line":44,"column":42}},{"start":{},"end":{}}],"line":44},"3":{"loc":{"start":{"line":59,"column":12},"end":{"line":59,"column":39}},"type":"binary-expr","locations":[{"start":{"line":59,"column":12},"end":{"line":59,"column":23}},{"start":{"line":59,"column":27},"end":{"line":59,"column":33}},{"start":{"line":59,"column":37},"end":{"line":59,"column":39}}],"line":59},"4":{"loc":{"start":{"line":60,"column":12},"end":{"line":60,"column":29}},"type":"binary-expr","locations":[{"start":{"line":60,"column":12},"end":{"line":60,"column":23}},{"start":{"line":60,"column":27},"end":{"line":60,"column":29}}],"line":60},"5":{"loc":{"start":{"line":61,"column":10},"end":{"line":61,"column":25}},"type":"binary-expr","locations":[{"start":{"line":61,"column":10},"end":{"line":61,"column":19}},{"start":{"line":61,"column":23},"end":{"line":61,"column":25}}],"line":61},"6":{"loc":{"start":{"line":62,"column":10},"end":{"line":62,"column":28}},"type":"binary-expr","locations":[{"start":{"line":62,"column":10},"end":{"line":62,"column":19}},{"start":{"line":62,"column":23},"end":{"line":62,"column":28}}],"line":62},"7":{"loc":{"start":{"line":63,"column":14},"end":{"line":63,"column":32}},"type":"binary-expr","locations":[{"start":{"line":63,"column":14},"end":{"line":63,"column":27}},{"start":{"line":63,"column":31},"end":{"line":63,"column":32}}],"line":63},"8":{"loc":{"start":{"line":64,"column":11},"end":{"line":64,"column":26}},"type":"binary-expr","locations":[{"start":{"line":64,"column":11},"end":{"line":64,"column":21}},{"start":{"line":64,"column":25},"end":{"line":64,"column":26}}],"line":64},"9":{"loc":{"start":{"line":66,"column":11},"end":{"line":66,"column":27}},"type":"binary-expr","locations":[{"start":{"line":66,"column":11},"end":{"line":66,"column":21}},{"start":{"line":66,"column":25},"end":{"line":66,"column":27}}],"line":66},"10":{"loc":{"start":{"line":67,"column":14},"end":{"line":67,"column":71}},"type":"binary-expr","locations":[{"start":{"line":67,"column":14},"end":{"line":67,"column":27}},{"start":{"line":67,"column":31},"end":{"line":67,"column":71}}],"line":67},"11":{"loc":{"start":{"line":67,"column":32},"end":{"line":67,"column":50}},"type":"binary-expr","locations":[{"start":{"line":67,"column":32},"end":{"line":67,"column":45}},{"start":{"line":67,"column":49},"end":{"line":67,"column":50}}],"line":67},"12":{"loc":{"start":{"line":67,"column":55},"end":{"line":67,"column":70}},"type":"binary-expr","locations":[{"start":{"line":67,"column":55},"end":{"line":67,"column":65}},{"start":{"line":67,"column":69},"end":{"line":67,"column":70}}],"line":67},"13":{"loc":{"start":{"line":120,"column":6},"end":{"line":120,"column":35}},"type":"if","locations":[{"start":{"line":120,"column":6},"end":{"line":120,"column":35}},{"start":{},"end":{}}],"line":120},"14":{"loc":{"start":{"line":159,"column":29},"end":{"line":159,"column":88}},"type":"cond-expr","locations":[{"start":{"line":159,"column":57},"end":{"line":159,"column":66}},{"start":{"line":159,"column":69},"end":{"line":159,"column":88}}],"line":159},"15":{"loc":{"start":{"line":160,"column":11},"end":{"line":160,"column":27}},"type":"binary-expr","locations":[{"start":{"line":160,"column":11},"end":{"line":160,"column":21}},{"start":{"line":160,"column":25},"end":{"line":160,"column":27}}],"line":160},"16":{"loc":{"start":{"line":163,"column":12},"end":{"line":163,"column":29}},"type":"binary-expr","locations":[{"start":{"line":163,"column":12},"end":{"line":163,"column":23}},{"start":{"line":163,"column":27},"end":{"line":163,"column":29}}],"line":163},"17":{"loc":{"start":{"line":164,"column":10},"end":{"line":164,"column":25}},"type":"binary-expr","locations":[{"start":{"line":164,"column":10},"end":{"line":164,"column":19}},{"start":{"line":164,"column":23},"end":{"line":164,"column":25}}],"line":164},"18":{"loc":{"start":{"line":186,"column":2},"end":{"line":186,"column":68}},"type":"if","locations":[{"start":{"line":186,"column":2},"end":{"line":186,"column":68}},{"start":{},"end":{}}],"line":186},"19":{"loc":{"start":{"line":186,"column":6},"end":{"line":186,"column":59}},"type":"binary-expr","locations":[{"start":{"line":186,"column":6},"end":{"line":186,"column":10}},{"start":{"line":186,"column":14},"end":{"line":186,"column":36}},{"start":{"line":186,"column":40},"end":{"line":186,"column":59}}],"line":186},"20":{"loc":{"start":{"line":219,"column":19},"end":{"line":219,"column":43}},"type":"binary-expr","locations":[{"start":{"line":219,"column":19},"end":{"line":219,"column":31}},{"start":{"line":219,"column":35},"end":{"line":219,"column":43}}],"line":219},"21":{"loc":{"start":{"line":220,"column":4},"end":{"line":220,"column":26}},"type":"if","locations":[{"start":{"line":220,"column":4},"end":{"line":220,"column":26}},{"start":{},"end":{}}],"line":220},"22":{"loc":{"start":{"line":225,"column":4},"end":{"line":225,"column":34}},"type":"if","locations":[{"start":{"line":225,"column":4},"end":{"line":225,"column":34}},{"start":{},"end":{}}],"line":225},"23":{"loc":{"start":{"line":228,"column":4},"end":{"line":228,"column":25}},"type":"if","locations":[{"start":{"line":228,"column":4},"end":{"line":228,"column":25}},{"start":{},"end":{}}],"line":228},"24":{"loc":{"start":{"line":240,"column":16},"end":{"line":240,"column":38}},"type":"binary-expr","locations":[{"start":{"line":240,"column":16},"end":{"line":240,"column":28}},{"start":{"line":240,"column":32},"end":{"line":240,"column":38}}],"line":240},"25":{"loc":{"start":{"line":241,"column":14},"end":{"line":241,"column":34}},"type":"binary-expr","locations":[{"start":{"line":241,"column":14},"end":{"line":241,"column":24}},{"start":{"line":241,"column":28},"end":{"line":241,"column":34}}],"line":241}},"s":{"0":0,"1":0,"2":0,"3":0,"4":0,"5":0,"6":0,"7":0,"8":0,"9":0,"10":0,"11":0,"12":0,"13":0,"14":0,"15":0,"16":0,"17":0,"18":0,"19":0,"20":0,"21":0,"22":0,"23":0,"24":0,"25":0,"26":0,"27":0,"28":0,"29":0,"30":0,"31":0,"32":0,"33":0,"34":0,"35":0,"36":0,"37":0,"38":0,"39":0,"40":0,"41":0,"42":0,"43":0,"44":0,"45":0,"46":0,"47":0,"48":0,"49":0,"50":0,"51":0,"52":0},"f":{"0":0,"1":0,"2":0,"3":0,"4":0,"5":0,"6":0},"b":{"0":[0,0],"1":[0,0],"2":[0,0],"3":[0,0,0],"4":[0,0],"5":[0,0],"6":[0,0],"7":[0,0],"8":[0,0],"9":[0,0],"10":[0,0],"11":[0,0],"12":[0,0],"13":[0,0],"14":[0,0],"15":[0,0],"16":[0,0],"17":[0,0],"18":[0,0],"19":[0,0,0],"20":[0,0],"21":[0,0],"22":[0,0],"23":[0,0],"24":[0,0],"25":[0,0]}}
,"C:\\Users\\Schulx\\HubMercurius\\.claude\\worktrees\\intelligent-lovelace\\src\\services\\walletsService.js": {"path":"C:\\Users\\Schulx\\HubMercurius\\.claude\\worktrees\\intelligent-lovelace\\src\\services\\walletsService.js","statementMap":{"0":{"start":{"line":13,"column":2},"end":{"line":15,"column":3}},"1":{"start":{"line":14,"column":4},"end":{"line":14,"column":46}},"2":{"start":{"line":17,"column":2},"end":{"line":22,"column":3}},"3":{"start":{"line":18,"column":4},"end":{"line":18,"column":46}},"4":{"start":{"line":20,"column":4},"end":{"line":20,"column":71}},"5":{"start":{"line":21,"column":4},"end":{"line":21,"column":16}},"6":{"start":{"line":28,"column":27},"end":{"line":32,"column":1}},"7":{"start":{"line":30,"column":30},"end":{"line":30,"column":89}},"8":{"start":{"line":30,"column":61},"end":{"line":30,"column":70}},"9":{"start":{"line":31,"column":26},"end":{"line":31,"column":46}}},"fnMap":{"0":{"name":"fetchWalletsData","decl":{"start":{"line":12,"column":22},"end":{"line":12,"column":38}},"loc":{"start":{"line":12,"column":48},"end":{"line":23,"column":1}},"line":12},"1":{"name":"(anonymous_1)","decl":{"start":{"line":30,"column":15},"end":{"line":30,"column":16}},"loc":{"start":{"line":30,"column":30},"end":{"line":30,"column":89}},"line":30},"2":{"name":"(anonymous_2)","decl":{"start":{"line":30,"column":56},"end":{"line":30,"column":57}},"loc":{"start":{"line":30,"column":61},"end":{"line":30,"column":70}},"line":30},"3":{"name":"(anonymous_3)","decl":{"start":{"line":31,"column":13},"end":{"line":31,"column":14}},"loc":{"start":{"line":31,"column":26},"end":{"line":31,"column":46}},"line":31}},"branchMap":{"0":{"loc":{"start":{"line":13,"column":2},"end":{"line":15,"column":3}},"type":"if","locations":[{"start":{"line":13,"column":2},"end":{"line":15,"column":3}},{"start":{},"end":{}}],"line":13},"1":{"loc":{"start":{"line":13,"column":6},"end":{"line":13,"column":38}},"type":"binary-expr","locations":[{"start":{"line":13,"column":6},"end":{"line":13,"column":14}},{"start":{"line":13,"column":18},"end":{"line":13,"column":38}}],"line":13}},"s":{"0":0,"1":0,"2":0,"3":0,"4":0,"5":0,"6":0,"7":0,"8":0,"9":0},"f":{"0":0,"1":0,"2":0,"3":0},"b":{"0":[0,0],"1":[0,0]}}
}
