TN:
SF:src\App.jsx
FN:16,AppContent
FN:20,(anonymous_1)
FN:22,(anonymous_2)
FN:28,(anonymous_3)
FN:67,App
FNF:5
FNH:0
FNDA:0,AppContent
FNDA:0,(anonymous_1)
FNDA:0,(anonymous_2)
FNDA:0,(anonymous_3)
FNDA:0,App
DA:17,0
DA:18,0
DA:20,0
DA:22,0
DA:23,0
DA:24,0
DA:28,0
DA:32,0
DA:33,0
DA:41,0
DA:68,0
LF:11
LH:0
BRDA:32,0,0,0
BRDA:32,0,1,0
BRDA:48,1,0,0
BRDA:48,1,1,0
BRDA:62,2,0,0
BRDA:62,2,1,0
BRF:6
BRH:0
end_of_record
TN:
SF:src\components\admin\AdminAgendaTab.jsx
FN:20,AdminAgendaTab
FN:25,(anonymous_1)
FN:29,(anonymous_2)
FN:34,(anonymous_3)
FN:36,(anonymous_4)
FN:39,(anonymous_5)
FN:64,(anonymous_6)
FN:66,(anonymous_7)
FN:91,(anonymous_8)
FN:102,(anonymous_9)
FN:112,(anonymous_10)
FN:127,(anonymous_11)
FN:165,(anonymous_12)
FN:166,(anonymous_13)
FN:190,(anonymous_14)
FNF:15
FNH:0
FNDA:0,AdminAgendaTab
FNDA:0,(anonymous_1)
FNDA:0,(anonymous_2)
FNDA:0,(anonymous_3)
FNDA:0,(anonymous_4)
FNDA:0,(anonymous_5)
FNDA:0,(anonymous_6)
FNDA:0,(anonymous_7)
FNDA:0,(anonymous_8)
FNDA:0,(anonymous_9)
FNDA:0,(anonymous_10)
FNDA:0,(anonymous_11)
FNDA:0,(anonymous_12)
FNDA:0,(anonymous_13)
FNDA:0,(anonymous_14)
DA:8,0
DA:10,0
DA:21,0
DA:22,0
DA:23,0
DA:25,0
DA:26,0
DA:27,0
DA:30,0
DA:31,0
DA:36,0
DA:39,0
DA:40,0
DA:41,0
DA:42,0
DA:43,0
DA:44,0
DA:52,0
DA:53,0
DA:54,0
DA:55,0
DA:57,0
DA:58,0
DA:60,0
DA:64,0
DA:65,0
DA:66,0
DA:67,0
DA:68,0
DA:70,0
DA:71,0
DA:75,0
DA:91,0
DA:102,0
DA:112,0
DA:128,0
DA:165,0
DA:167,0
DA:190,0
LF:39
LH:0
BRDA:30,0,0,0
BRDA:30,0,1,0
BRDA:31,1,0,0
BRDA:31,1,1,0
BRDA:41,2,0,0
BRDA:41,2,1,0
BRDA:41,3,0,0
BRDA:41,3,1,0
BRDA:49,4,0,0
BRDA:49,4,1,0
BRDA:50,5,0,0
BRDA:50,5,1,0
BRDA:140,6,0,0
BRDA:140,6,1,0
BRDA:158,7,0,0
BRDA:158,7,1,0
BRDA:185,8,0,0
BRDA:185,8,1,0
BRF:18
BRH:0
end_of_record
TN:
SF:src\components\admin\AdminContentTab.jsx
FN:29,AdminContentTab
FN:36,(anonymous_1)
FN:40,(anonymous_2)
FN:42,(anonymous_3)
FN:48,(anonymous_4)
FN:53,(anonymous_5)
FN:56,(anonymous_6)
FN:73,(anonymous_7)
FN:78,(anonymous_8)
FN:82,(anonymous_9)
FN:86,(anonymous_10)
FN:87,(anonymous_11)
FN:96,(anonymous_12)
FN:97,(anonymous_13)
FN:99,(anonymous_14)
FN:103,(anonymous_15)
FN:104,(anonymous_16)
FN:106,(anonymous_17)
FN:112,(anonymous_18)
FN:113,(anonymous_19)
FN:115,(anonymous_20)
FN:129,(anonymous_21)
FN:130,(anonymous_22)
FN:132,(anonymous_23)
FN:134,(anonymous_24)
FN:140,(anonymous_25)
FN:141,(anonymous_26)
FN:143,(anonymous_27)
FN:147,(anonymous_28)
FN:156,(anonymous_29)
FN:201,(anonymous_30)
FN:243,(anonymous_31)
FN:254,(anonymous_32)
FN:269,(anonymous_33)
FN:281,(anonymous_34)
FN:294,(anonymous_35)
FN:300,(anonymous_36)
FN:312,(anonymous_37)
FN:326,(anonymous_38)
FN:374,(anonymous_39)
FN:384,(anonymous_40)
FN:392,(anonymous_41)
FN:402,(anonymous_42)
FN:414,(anonymous_43)
FN:422,(anonymous_44)
FN:430,(anonymous_45)
FN:440,(anonymous_46)
FN:448,(anonymous_47)
FN:457,(anonymous_48)
FN:512,(anonymous_49)
FN:531,(anonymous_50)
FN:537,(anonymous_51)
FNF:52
FNH:0
FNDA:0,AdminContentTab
FNDA:0,(anonymous_1)
FNDA:0,(anonymous_2)
FNDA:0,(anonymous_3)
FNDA:0,(anonymous_4)
FNDA:0,(anonymous_5)
FNDA:0,(anonymous_6)
FNDA:0,(anonymous_7)
FNDA:0,(anonymous_8)
FNDA:0,(anonymous_9)
FNDA:0,(anonymous_10)
FNDA:0,(anonymous_11)
FNDA:0,(anonymous_12)
FNDA:0,(anonymous_13)
FNDA:0,(anonymous_14)
FNDA:0,(anonymous_15)
FNDA:0,(anonymous_16)
FNDA:0,(anonymous_17)
FNDA:0,(anonymous_18)
FNDA:0,(anonymous_19)
FNDA:0,(anonymous_20)
FNDA:0,(anonymous_21)
FNDA:0,(anonymous_22)
FNDA:0,(anonymous_23)
FNDA:0,(anonymous_24)
FNDA:0,(anonymous_25)
FNDA:0,(anonymous_26)
FNDA:0,(anonymous_27)
FNDA:0,(anonymous_28)
FNDA:0,(anonymous_29)
FNDA:0,(anonymous_30)
FNDA:0,(anonymous_31)
FNDA:0,(anonymous_32)
FNDA:0,(anonymous_33)
FNDA:0,(anonymous_34)
FNDA:0,(anonymous_35)
FNDA:0,(anonymous_36)
FNDA:0,(anonymous_37)
FNDA:0,(anonymous_38)
FNDA:0,(anonymous_39)
FNDA:0,(anonymous_40)
FNDA:0,(anonymous_41)
FNDA:0,(anonymous_42)
FNDA:0,(anonymous_43)
FNDA:0,(anonymous_44)
FNDA:0,(anonymous_45)
FNDA:0,(anonymous_46)
FNDA:0,(anonymous_47)
FNDA:0,(anonymous_48)
FNDA:0,(anonymous_49)
FNDA:0,(anonymous_50)
FNDA:0,(anonymous_51)
DA:7,0
DA:30,0
DA:31,0
DA:32,0
DA:33,0
DA:34,0
DA:36,0
DA:37,0
DA:38,0
DA:41,0
DA:42,0
DA:43,0
DA:45,0
DA:46,0
DA:49,0
DA:50,0
DA:53,0
DA:56,0
DA:57,0
DA:58,0
DA:73,0
DA:74,0
DA:75,0
DA:78,0
DA:79,0
DA:80,0
DA:81,0
DA:82,0
DA:86,0
DA:87,0
DA:96,0
DA:97,0
DA:99,0
DA:103,0
DA:104,0
DA:107,0
DA:112,0
DA:113,0
DA:116,0
DA:129,0
DA:130,0
DA:133,0
DA:134,0
DA:140,0
DA:141,0
DA:144,0
DA:148,0
DA:156,0
DA:157,0
DA:158,0
DA:159,0
DA:160,0
DA:163,0
DA:165,0
DA:166,0
DA:167,0
DA:169,0
DA:170,0
DA:171,0
DA:173,0
DA:176,0
DA:177,0
DA:192,0
DA:194,0
DA:195,0
DA:197,0
DA:201,0
DA:202,0
DA:204,0
DA:205,0
DA:206,0
DA:208,0
DA:209,0
DA:211,0
DA:212,0
DA:215,0
DA:216,0
DA:220,0
DA:243,0
DA:254,0
DA:269,0
DA:281,0
DA:294,0
DA:300,0
DA:312,0
DA:326,0
DA:375,0
DA:385,0
DA:393,0
DA:402,0
DA:415,0
DA:423,0
DA:431,0
DA:441,0
DA:448,0
DA:457,0
DA:513,0
DA:531,0
DA:537,0
LF:99
LH:0
BRDA:65,0,0,0
BRDA:65,0,1,0
BRDA:67,1,0,0
BRDA:67,1,1,0
BRDA:68,2,0,0
BRDA:68,2,1,0
BRDA:69,3,0,0
BRDA:69,3,1,0
BRDA:80,4,0,0
BRDA:80,4,1,0
BRDA:107,5,0,0
BRDA:107,5,1,0
BRDA:116,6,0,0
BRDA:116,6,1,0
BRDA:133,7,0,0
BRDA:133,7,1,0
BRDA:144,8,0,0
BRDA:144,8,1,0
BRDA:148,9,0,0
BRDA:148,9,1,0
BRDA:158,10,0,0
BRDA:158,10,1,0
BRDA:158,11,0,0
BRDA:158,11,1,0
BRDA:167,12,0,0
BRDA:167,12,1,0
BRDA:169,13,0,0
BRDA:169,13,1,0
BRDA:170,14,0,0
BRDA:170,14,1,0
BRDA:202,15,0,0
BRDA:202,15,1,0
BRDA:205,16,0,0
BRDA:205,16,1,0
BRDA:211,17,0,0
BRDA:211,17,1,0
BRDA:227,18,0,0
BRDA:227,18,1,0
BRDA:346,19,0,0
BRDA:346,19,1,0
BRDA:391,20,0,0
BRDA:391,20,1,0
BRDA:412,21,0,0
BRDA:412,21,1,0
BRDA:439,22,0,0
BRDA:439,22,1,0
BRDA:475,23,0,0
BRDA:475,23,1,0
BRDA:480,24,0,0
BRDA:480,24,1,0
BRDA:482,25,0,0
BRDA:482,25,1,0
BRDA:501,26,0,0
BRDA:501,26,1,0
BRDA:506,27,0,0
BRDA:506,27,1,0
BRDA:525,28,0,0
BRDA:525,28,1,0
BRF:58
BRH:0
end_of_record
TN:
SF:src\components\admin\AdminHeader.jsx
FN:13,AdminHeader
FN:45,(anonymous_1)
FN:50,(anonymous_2)
FNF:3
FNH:0
FNDA:0,AdminHeader
FNDA:0,(anonymous_1)
FNDA:0,(anonymous_2)
DA:14,0
DA:21,0
DA:22,0
DA:24,0
DA:46,0
DA:47,0
DA:50,0
LF:7
LH:0
BRDA:36,0,0,0
BRDA:36,0,1,0
BRDA:52,1,0,0
BRDA:52,1,1,0
BRF:4
BRH:0
end_of_record
TN:
SF:src\components\admin\AdminPermissionsTab.jsx
FN:15,AdminPermissionsTab
FN:25,(anonymous_1)
FN:27,(anonymous_2)
FN:32,(anonymous_3)
FN:35,(anonymous_4)
FN:42,(anonymous_5)
FN:68,(anonymous_6)
FN:79,(anonymous_7)
FNF:8
FNH:0
FNDA:0,AdminPermissionsTab
FNDA:0,(anonymous_1)
FNDA:0,(anonymous_2)
FNDA:0,(anonymous_3)
FNDA:0,(anonymous_4)
FNDA:0,(anonymous_5)
FNDA:0,(anonymous_6)
FNDA:0,(anonymous_7)
DA:16,0
DA:22,0
DA:23,0
DA:25,0
DA:26,0
DA:27,0
DA:28,0
DA:29,0
DA:32,0
DA:35,0
DA:36,0
DA:37,0
DA:38,0
DA:39,0
DA:40,0
DA:41,0
DA:42,0
DA:44,0
DA:45,0
DA:47,0
DA:51,0
DA:58,0
DA:69,0
DA:80,0
LF:24
LH:0
BRDA:28,0,0,0
BRDA:28,0,1,0
BRDA:98,1,0,0
BRDA:98,1,1,0
BRDA:105,2,0,0
BRDA:105,2,1,0
BRF:6
BRH:0
end_of_record
TN:
SF:src\components\admin\AdminUsersTab.jsx
FN:14,AdminUsersTab
FN:19,(anonymous_1)
FN:21,(anonymous_2)
FN:23,(anonymous_3)
FN:30,(anonymous_4)
FN:33,(anonymous_5)
FN:37,(anonymous_6)
FN:38,(anonymous_7)
FN:46,(anonymous_8)
FN:59,(anonymous_9)
FN:92,(anonymous_10)
FN:108,(anonymous_11)
FNF:12
FNH:0
FNDA:0,AdminUsersTab
FNDA:0,(anonymous_1)
FNDA:0,(anonymous_2)
FNDA:0,(anonymous_3)
FNDA:0,(anonymous_4)
FNDA:0,(anonymous_5)
FNDA:0,(anonymous_6)
FNDA:0,(anonymous_7)
FNDA:0,(anonymous_8)
FNDA:0,(anonymous_9)
FNDA:0,(anonymous_10)
FNDA:0,(anonymous_11)
DA:15,0
DA:16,0
DA:17,0
DA:19,0
DA:20,0
DA:21,0
DA:22,0
DA:23,0
DA:24,0
DA:26,0
DA:27,0
DA:30,0
DA:33,0
DA:34,0
DA:35,0
DA:36,0
DA:37,0
DA:38,0
DA:41,0
DA:42,0
DA:46,0
DA:47,0
DA:50,0
DA:59,0
DA:93,0
DA:108,0
LF:26
LH:0
BRDA:38,0,0,0
BRDA:38,0,1,0
BRDA:78,1,0,0
BRDA:78,1,1,0
BRDA:85,2,0,0
BRDA:85,2,1,0
BRDA:96,3,0,0
BRDA:96,3,1,0
BRDA:98,4,0,0
BRDA:98,4,1,0
BRDA:101,5,0,0
BRDA:101,5,1,0
BRDA:107,6,0,0
BRDA:107,6,1,0
BRDA:110,7,0,0
BRDA:110,7,1,0
BRDA:112,8,0,0
BRDA:112,8,1,0
BRDA:114,9,0,0
BRDA:114,9,1,0
BRF:20
BRH:0
end_of_record
TN:
SF:src\components\ai\AIMessage.jsx
FN:17,AIMessage
FNF:1
FNH:0
FNDA:0,AIMessage
DA:17,0
DA:18,0
LF:2
LH:0
BRDA:17,0,0,0
BRDA:31,1,0,0
BRDA:31,1,1,0
BRF:3
BRH:0
end_of_record
TN:
SF:src\components\ai\ChatInterface.jsx
FN:19,ChatInterface
FN:24,(anonymous_1)
FN:30,(anonymous_2)
FN:37,(anonymous_3)
FN:66,(anonymous_4)
FNF:5
FNH:0
FNDA:0,ChatInterface
FNDA:0,(anonymous_1)
FNDA:0,(anonymous_2)
FNDA:0,(anonymous_3)
FNDA:0,(anonymous_4)
DA:19,0
DA:20,0
DA:21,0
DA:22,0
DA:24,0
DA:25,0
DA:26,0
DA:27,0
DA:30,0
DA:31,0
DA:32,0
DA:33,0
DA:37,0
DA:38,0
DA:39,0
DA:42,0
DA:66,0
LF:17
LH:0
BRDA:25,0,0,0
BRDA:25,0,1,0
BRDA:25,1,0,0
BRDA:25,1,1,0
BRDA:25,1,2,0
BRDA:31,2,0,0
BRDA:31,2,1,0
BRDA:31,3,0,0
BRDA:31,3,1,0
BRDA:45,4,0,0
BRDA:45,4,1,0
BRDA:56,5,0,0
BRDA:56,5,1,0
BRDA:58,6,0,0
BRDA:58,6,1,0
BRDA:69,7,0,0
BRDA:69,7,1,0
BRDA:75,8,0,0
BRDA:75,8,1,0
BRDA:75,8,2,0
BRF:20
BRH:0
end_of_record
TN:
SF:src\components\ai\ChatMessages.jsx
FN:15,ChatMessages
FN:21,(anonymous_1)
FN:39,(anonymous_2)
FNF:3
FNH:0
FNDA:0,ChatMessages
FNDA:0,(anonymous_1)
FNDA:0,(anonymous_2)
DA:15,0
DA:16,0
DA:21,0
DA:22,0
DA:25,0
DA:26,0
DA:37,0
DA:40,0
LF:8
LH:0
BRDA:25,0,0,0
BRDA:25,0,1,0
BRDA:40,1,0,0
BRDA:40,1,1,0
BRF:4
BRH:0
end_of_record
TN:
SF:src\components\ai\FollowUpSuggestions.jsx
FN:14,FollowUpSuggestions
FN:27,(anonymous_1)
FN:30,(anonymous_2)
FNF:3
FNH:0
FNDA:0,FollowUpSuggestions
FNDA:0,(anonymous_1)
FNDA:0,(anonymous_2)
DA:14,0
DA:18,0
DA:25,0
DA:28,0
DA:30,0
LF:5
LH:0
BRDA:16,0,0,0
BRF:1
BRH:0
end_of_record
TN:
SF:src\components\ai\UserMessage.jsx
FN:10,UserMessage
FNF:1
FNH:0
FNDA:0,UserMessage
DA:10,0
DA:11,0
LF:2
LH:0
BRF:0
BRH:0
end_of_record
TN:
SF:src\components\auth\PrivacyModeToggle.jsx
FN:14,PrivacyModeToggle
FNF:1
FNH:0
FNDA:0,PrivacyModeToggle
DA:14,0
DA:15,0
DA:17,0
LF:3
LH:0
BRDA:21,0,0,0
BRDA:21,0,1,0
BRDA:22,1,0,0
BRDA:22,1,1,0
BRDA:24,2,0,0
BRDA:24,2,1,0
BRF:6
BRH:0
end_of_record
TN:
SF:src\components\dashboard\AlertsSection.jsx
FN:13,ReminderCard
FN:26,(anonymous_1)
FN:62,AlertsSection
FN:67,(anonymous_3)
FN:76,(anonymous_4)
FN:84,(anonymous_5)
FN:90,(anonymous_6)
FN:141,(anonymous_7)
FN:152,(anonymous_8)
FNF:9
FNH:0
FNDA:0,ReminderCard
FNDA:0,(anonymous_1)
FNDA:0,AlertsSection
FNDA:0,(anonymous_3)
FNDA:0,(anonymous_4)
FNDA:0,(anonymous_5)
FNDA:0,(anonymous_6)
FNDA:0,(anonymous_7)
FNDA:0,(anonymous_8)
DA:15,0
DA:16,0
DA:19,0
DA:26,0
DA:27,0
DA:29,0
DA:62,0
DA:63,0
DA:64,0
DA:67,0
DA:68,0
DA:69,0
DA:70,0
DA:73,0
DA:74,0
DA:77,0
DA:78,0
DA:80,0
DA:82,0
DA:85,0
DA:86,0
DA:90,0
DA:93,0
DA:95,0
DA:142,0
DA:153,0
LF:26
LH:0
BRDA:15,0,0,0
BRDA:15,0,1,0
BRDA:15,0,2,0
BRDA:16,1,0,0
BRDA:16,1,1,0
BRDA:26,2,0,0
BRDA:26,2,1,0
BRDA:43,3,0,0
BRDA:43,3,1,0
BRDA:68,4,0,0
BRDA:68,4,1,0
BRDA:77,5,0,0
BRDA:77,5,1,0
BRDA:77,6,0,0
BRDA:77,6,1,0
BRDA:127,7,0,0
BRDA:127,7,1,0
BRDA:139,8,0,0
BRDA:139,8,1,0
BRDA:145,9,0,0
BRDA:145,9,1,0
BRDA:153,10,0,0
BRDA:153,10,1,0
BRF:23
BRH:0
end_of_record
TN:
SF:src\components\dashboard\ClientCard.jsx
FN:36,getAvatarLetter
FN:50,ClientCard
FN:53,(anonymous_2)
FN:58,(anonymous_3)
FNF:4
FNH:0
FNDA:0,getAvatarLetter
FNDA:0,ClientCard
FNDA:0,(anonymous_2)
FNDA:0,(anonymous_3)
DA:10,0
DA:22,0
DA:37,0
DA:38,0
DA:50,0
DA:51,0
DA:53,0
DA:54,0
DA:57,0
DA:59,0
DA:60,0
DA:61,0
DA:67,0
DA:68,0
DA:69,0
DA:70,0
DA:72,0
LF:17
LH:0
BRDA:37,0,0,0
BRDA:37,0,1,0
BRDA:37,0,2,0
BRDA:50,1,0,0
BRDA:59,2,0,0
BRDA:59,2,1,0
BRDA:59,3,0,0
BRDA:59,3,1,0
BRDA:67,4,0,0
BRDA:67,4,1,0
BRDA:68,5,0,0
BRDA:68,5,1,0
BRDA:70,6,0,0
BRDA:70,6,1,0
BRDA:79,7,0,0
BRDA:79,7,1,0
BRDA:84,8,0,0
BRDA:84,8,1,0
BRDA:95,9,0,0
BRDA:95,9,1,0
BRDA:100,10,0,0
BRDA:100,10,1,0
BRF:22
BRH:0
end_of_record
TN:
SF:src\components\dashboard\DashboardHeader.jsx
FN:15,DashboardHeader
FNF:1
FNH:0
FNDA:0,DashboardHeader
DA:15,0
DA:16,0
DA:18,0
DA:20,0
LF:4
LH:0
BRDA:18,0,0,0
BRDA:18,0,1,0
BRDA:18,1,0,0
BRDA:18,1,1,0
BRDA:25,2,0,0
BRDA:25,2,1,0
BRF:6
BRH:0
end_of_record
TN:
SF:src\components\dashboard\HeroCard.jsx
FN:19,HeroCard
FNF:1
FNH:0
FNDA:0,HeroCard
DA:19,0
DA:25,0
DA:27,0
LF:3
LH:0
BRDA:20,0,0,0
BRDA:21,1,0,0
BRDA:22,2,0,0
BRDA:23,3,0,0
BRDA:42,4,0,0
BRDA:42,4,1,0
BRDA:56,5,0,0
BRDA:56,5,1,0
BRDA:70,6,0,0
BRDA:70,6,1,0
BRDA:82,7,0,0
BRDA:82,7,1,0
BRDA:88,8,0,0
BRDA:88,8,1,0
BRDA:90,9,0,0
BRDA:90,9,1,0
BRDA:97,10,0,0
BRDA:97,10,1,0
BRDA:109,11,0,0
BRDA:109,11,1,0
BRDA:110,12,0,0
BRDA:110,12,1,0
BRDA:113,13,0,0
BRDA:113,13,1,0
BRDA:120,14,0,0
BRDA:120,14,1,0
BRDA:122,15,0,0
BRDA:122,15,1,0
BRF:28
BRH:0
end_of_record
TN:
SF:src\components\dashboard\NewsGrid.jsx
FN:16,formatDate
FN:43,NewsCard
FN:86,(anonymous_2)
FN:187,PlaceholderCard
FN:227,NewsGrid
FN:231,(anonymous_5)
FN:234,fetchLatest
FN:244,(anonymous_7)
FN:266,(anonymous_8)
FN:287,(anonymous_9)
FNF:10
FNH:0
FNDA:0,formatDate
FNDA:0,NewsCard
FNDA:0,(anonymous_2)
FNDA:0,PlaceholderCard
FNDA:0,NewsGrid
FNDA:0,(anonymous_5)
FNDA:0,fetchLatest
FNDA:0,(anonymous_7)
FNDA:0,(anonymous_8)
FNDA:0,(anonymous_9)
DA:17,0
DA:18,0
DA:19,0
DA:20,0
DA:22,0
DA:44,0
DA:71,0
DA:72,0
DA:74,0
DA:86,0
DA:188,0
DA:194,0
DA:195,0
DA:197,0
DA:227,0
DA:228,0
DA:229,0
DA:231,0
DA:232,0
DA:235,0
DA:236,0
DA:242,0
DA:244,0
DA:245,0
DA:246,0
DA:247,0
DA:248,0
DA:249,0
DA:252,0
DA:258,0
DA:260,0
DA:264,0
DA:266,0
DA:269,0
DA:288,0
LF:35
LH:0
BRDA:17,0,0,0
BRDA:17,0,1,0
BRDA:19,1,0,0
BRDA:19,1,1,0
BRDA:71,2,0,0
BRDA:71,2,1,0
BRDA:84,3,0,0
BRDA:84,3,1,0
BRDA:85,4,0,0
BRDA:85,4,1,0
BRDA:86,5,0,0
BRDA:86,5,1,0
BRDA:86,6,0,0
BRDA:86,6,1,0
BRDA:102,7,0,0
BRDA:102,7,1,0
BRDA:133,8,0,0
BRDA:133,8,1,0
BRDA:151,9,0,0
BRDA:151,9,1,0
BRDA:169,10,0,0
BRDA:169,10,1,0
BRDA:171,11,0,0
BRDA:171,11,1,0
BRDA:194,12,0,0
BRDA:194,12,1,0
BRDA:242,13,0,0
BRDA:242,13,1,0
BRDA:245,14,0,0
BRDA:245,14,1,0
BRDA:247,15,0,0
BRDA:247,15,1,0
BRDA:260,16,0,0
BRDA:260,16,1,0
BRDA:285,17,0,0
BRDA:285,17,1,0
BRDA:301,18,0,0
BRDA:301,18,1,0
BRDA:304,19,0,0
BRDA:304,19,1,0
BRDA:305,20,0,0
BRDA:305,20,1,0
BRDA:306,21,0,0
BRDA:306,21,1,0
BRDA:316,22,0,0
BRDA:316,22,1,0
BRDA:319,23,0,0
BRDA:319,23,1,0
BRDA:319,23,2,0
BRDA:320,24,0,0
BRDA:320,24,1,0
BRDA:321,25,0,0
BRDA:321,25,1,0
BRDA:324,26,0,0
BRDA:324,26,1,0
BRDA:331,27,0,0
BRDA:331,27,1,0
BRDA:334,28,0,0
BRDA:334,28,1,0
BRDA:334,28,2,0
BRDA:335,29,0,0
BRDA:335,29,1,0
BRDA:339,30,0,0
BRDA:339,30,1,0
BRF:64
BRH:0
end_of_record
TN:
SF:src\components\dashboard\PortfolioOverview.jsx
FN:20,AssetRow
FN:82,PortfolioOverview
FN:89,(anonymous_2)
FN:95,(anonymous_3)
FN:109,(anonymous_4)
FN:111,(anonymous_5)
FN:114,(anonymous_6)
FN:116,(anonymous_7)
FN:140,(anonymous_8)
FN:194,(anonymous_9)
FN:230,(anonymous_10)
FNF:11
FNH:0
FNDA:0,AssetRow
FNDA:0,PortfolioOverview
FNDA:0,(anonymous_2)
FNDA:0,(anonymous_3)
FNDA:0,(anonymous_4)
FNDA:0,(anonymous_5)
FNDA:0,(anonymous_6)
FNDA:0,(anonymous_7)
FNDA:0,(anonymous_8)
FNDA:0,(anonymous_9)
FNDA:0,(anonymous_10)
DA:21,0
DA:82,0
DA:83,0
DA:89,0
DA:90,0
DA:91,0
DA:94,0
DA:96,0
DA:97,0
DA:99,0
DA:100,0
DA:102,0
DA:109,0
DA:111,0
DA:113,0
DA:114,0
DA:116,0
DA:122,0
DA:141,0
DA:195,0
DA:231,0
LF:21
LH:0
BRDA:25,0,0,0
BRDA:25,0,1,0
BRDA:26,1,0,0
BRDA:26,1,1,0
BRDA:33,2,0,0
BRDA:33,2,1,0
BRDA:34,3,0,0
BRDA:34,3,1,0
BRDA:50,4,0,0
BRDA:50,4,1,0
BRDA:53,5,0,0
BRDA:53,5,1,0
BRDA:60,6,0,0
BRDA:60,6,1,0
BRDA:90,7,0,0
BRDA:90,7,1,0
BRDA:90,8,0,0
BRDA:90,8,1,0
BRDA:96,9,0,0
BRDA:96,9,1,0
BRDA:97,10,0,0
BRDA:97,10,1,0
BRDA:99,11,0,0
BRDA:99,11,1,0
BRDA:103,12,0,0
BRDA:103,12,1,0
BRDA:104,13,0,0
BRDA:104,13,1,0
BRDA:127,14,0,0
BRDA:127,14,1,0
BRDA:138,15,0,0
BRDA:138,15,1,0
BRDA:152,16,0,0
BRDA:152,16,1,0
BRDA:190,17,0,0
BRDA:190,17,1,0
BRDA:226,18,0,0
BRDA:226,18,1,0
BRF:38
BRH:0
end_of_record
TN:
SF:src\components\defi\PositionStatus.jsx
FN:11,PositionStatus
FN:15,(anonymous_1)
FN:19,(anonymous_2)
FN:26,(anonymous_3)
FN:93,(anonymous_4)
FNF:5
FNH:0
FNDA:0,PositionStatus
FNDA:0,(anonymous_1)
FNDA:0,(anonymous_2)
FNDA:0,(anonymous_3)
FNDA:0,(anonymous_4)
DA:12,0
DA:13,0
DA:15,0
DA:16,0
DA:17,0
DA:19,0
DA:20,0
DA:21,0
DA:22,0
DA:26,0
DA:29,0
DA:30,0
DA:37,0
DA:38,0
DA:39,0
DA:41,0
DA:94,0
DA:95,0
DA:96,0
LF:19
LH:0
BRDA:20,0,0,0
BRDA:20,0,1,0
BRDA:29,1,0,0
BRDA:29,1,1,0
BRDA:29,2,0,0
BRDA:29,2,1,0
BRDA:38,3,0,0
BRDA:38,3,1,0
BRDA:46,4,0,0
BRDA:46,4,1,0
BRDA:50,5,0,0
BRDA:50,5,1,0
BRDA:52,6,0,0
BRDA:52,6,1,0
BRDA:53,7,0,0
BRDA:53,7,1,0
BRDA:68,8,0,0
BRDA:68,8,1,0
BRDA:74,9,0,0
BRDA:74,9,1,0
BRDA:79,10,0,0
BRDA:79,10,1,0
BRDA:80,11,0,0
BRDA:80,11,1,0
BRDA:98,12,0,0
BRDA:98,12,1,0
BRF:26
BRH:0
end_of_record
TN:
SF:src\components\defi\TokenSelector.jsx
FN:8,TokenSelector
FN:15,(anonymous_1)
FN:16,(anonymous_2)
FN:23,(anonymous_3)
FN:27,(anonymous_4)
FN:33,(anonymous_5)
FN:42,(anonymous_6)
FN:50,(anonymous_7)
FN:67,(anonymous_8)
FN:80,(anonymous_9)
FN:84,(anonymous_10)
FN:100,(anonymous_11)
FNF:12
FNH:0
FNDA:0,TokenSelector
FNDA:0,(anonymous_1)
FNDA:0,(anonymous_2)
FNDA:0,(anonymous_3)
FNDA:0,(anonymous_4)
FNDA:0,(anonymous_5)
FNDA:0,(anonymous_6)
FNDA:0,(anonymous_7)
FNDA:0,(anonymous_8)
FNDA:0,(anonymous_9)
FNDA:0,(anonymous_10)
FNDA:0,(anonymous_11)
DA:9,0
DA:10,0
DA:11,0
DA:12,0
DA:15,0
DA:16,0
DA:17,0
DA:18,0
DA:19,0
DA:22,0
DA:23,0
DA:27,0
DA:28,0
DA:29,0
DA:33,0
DA:34,0
DA:38,0
DA:42,0
DA:50,0
DA:67,0
DA:81,0
DA:85,0
DA:86,0
DA:87,0
DA:100,0
LF:25
LH:0
BRDA:17,0,0,0
BRDA:17,0,1,0
BRDA:17,1,0,0
BRDA:17,1,1,0
BRDA:28,2,0,0
BRDA:28,2,1,0
BRDA:28,3,0,0
BRDA:28,3,1,0
BRDA:34,4,0,0
BRDA:34,4,1,0
BRDA:45,5,0,0
BRDA:45,5,1,0
BRDA:53,6,0,0
BRDA:53,6,1,0
BRDA:55,7,0,0
BRDA:55,7,1,0
BRDA:58,8,0,0
BRDA:58,8,1,0
BRDA:75,9,0,0
BRDA:75,9,1,0
BRDA:90,10,0,0
BRDA:90,10,1,0
BRDA:95,11,0,0
BRDA:95,11,1,0
BRDA:107,12,0,0
BRDA:107,12,1,0
BRF:26
BRH:0
end_of_record
TN:
SF:src\components\layout\DashboardLayout.jsx
FN:16,(anonymous_0)
FN:17,(anonymous_1)
FN:18,(anonymous_2)
FN:19,(anonymous_3)
FN:20,(anonymous_4)
FN:21,(anonymous_5)
FN:22,(anonymous_6)
FN:23,(anonymous_7)
FN:24,(anonymous_8)
FN:25,(anonymous_9)
FN:28,(anonymous_10)
FN:36,(anonymous_11)
FN:54,(anonymous_12)
FN:72,(anonymous_13)
FN:74,(anonymous_14)
FN:79,(anonymous_15)
FN:83,(anonymous_16)
FN:97,(anonymous_17)
FN:116,(anonymous_18)
FN:117,(anonymous_19)
FN:120,(anonymous_20)
FN:125,(anonymous_21)
FN:137,(anonymous_22)
FN:144,(anonymous_23)
FN:150,(anonymous_24)
FN:152,(anonymous_25)
FN:152,(anonymous_26)
FN:177,(anonymous_27)
FN:192,(anonymous_28)
FN:194,(anonymous_29)
FN:225,(anonymous_30)
FN:226,(anonymous_31)
FN:230,(anonymous_32)
FN:259,(anonymous_33)
FNF:34
FNH:0
FNDA:0,(anonymous_0)
FNDA:0,(anonymous_1)
FNDA:0,(anonymous_2)
FNDA:0,(anonymous_3)
FNDA:0,(anonymous_4)
FNDA:0,(anonymous_5)
FNDA:0,(anonymous_6)
FNDA:0,(anonymous_7)
FNDA:0,(anonymous_8)
FNDA:0,(anonymous_9)
FNDA:0,(anonymous_10)
FNDA:0,(anonymous_11)
FNDA:0,(anonymous_12)
FNDA:0,(anonymous_13)
FNDA:0,(anonymous_14)
FNDA:0,(anonymous_15)
FNDA:0,(anonymous_16)
FNDA:0,(anonymous_17)
FNDA:0,(anonymous_18)
FNDA:0,(anonymous_19)
FNDA:0,(anonymous_20)
FNDA:0,(anonymous_21)
FNDA:0,(anonymous_22)
FNDA:0,(anonymous_23)
FNDA:0,(anonymous_24)
FNDA:0,(anonymous_25)
FNDA:0,(anonymous_26)
FNDA:0,(anonymous_27)
FNDA:0,(anonymous_28)
FNDA:0,(anonymous_29)
FNDA:0,(anonymous_30)
FNDA:0,(anonymous_31)
FNDA:0,(anonymous_32)
FNDA:0,(anonymous_33)
DA:16,0
DA:17,0
DA:18,0
DA:19,0
DA:20,0
DA:21,0
DA:22,0
DA:23,0
DA:24,0
DA:25,0
DA:28,0
DA:29,0
DA:36,0
DA:37,0
DA:54,0
DA:55,0
DA:56,0
DA:57,0
DA:58,0
DA:59,0
DA:62,0
DA:63,0
DA:64,0
DA:67,0
DA:72,0
DA:73,0
DA:74,0
DA:75,0
DA:76,0
DA:79,0
DA:83,0
DA:84,0
DA:85,0
DA:87,0
DA:90,0
DA:93,0
DA:97,0
DA:99,0
DA:113,0
DA:116,0
DA:117,0
DA:120,0
DA:121,0
DA:122,0
DA:125,0
DA:126,0
DA:127,0
DA:129,0
DA:131,0
DA:132,0
DA:133,0
DA:137,0
DA:138,0
DA:139,0
DA:140,0
DA:141,0
DA:144,0
DA:145,0
DA:146,0
DA:147,0
DA:150,0
DA:151,0
DA:152,0
DA:153,0
DA:156,0
DA:158,0
DA:177,0
DA:192,0
DA:194,0
DA:225,0
DA:226,0
DA:230,0
DA:259,0
LF:73
LH:0
BRDA:63,0,0,0
BRDA:63,0,1,0
BRDA:75,1,0,0
BRDA:75,1,1,0
BRDA:84,2,0,0
BRDA:84,2,1,0
BRDA:85,3,0,0
BRDA:85,3,1,0
BRDA:87,4,0,0
BRDA:87,4,1,0
BRDA:113,5,0,0
BRDA:113,5,1,0
BRDA:151,6,0,0
BRDA:151,6,1,0
BRDA:152,7,0,0
BRDA:152,7,1,0
BRDA:153,8,0,0
BRDA:153,8,1,0
BRDA:185,9,0,0
BRDA:185,9,1,0
BRDA:190,10,0,0
BRDA:190,10,1,0
BRDA:215,11,0,0
BRDA:215,11,1,0
BRDA:215,12,0,0
BRDA:215,12,1,0
BRDA:217,13,0,0
BRDA:217,13,1,0
BRDA:223,14,0,0
BRDA:223,14,1,0
BRDA:229,15,0,0
BRDA:229,15,1,0
BRDA:230,16,0,0
BRDA:230,16,1,0
BRDA:230,16,2,0
BRDA:231,17,0,0
BRDA:231,17,1,0
BRDA:232,18,0,0
BRDA:232,18,1,0
BRDA:233,19,0,0
BRDA:233,19,1,0
BRDA:234,20,0,0
BRDA:234,20,1,0
BRDA:235,21,0,0
BRDA:235,21,1,0
BRDA:236,22,0,0
BRDA:236,22,1,0
BRDA:237,23,0,0
BRDA:237,23,1,0
BRDA:239,24,0,0
BRDA:239,24,1,0
BRDA:247,25,0,0
BRDA:247,25,1,0
BRF:53
BRH:0
end_of_record
TN:
SF:src\components\layout\Sidebar.jsx
FN:61,(anonymous_0)
FN:71,(anonymous_1)
FN:76,(anonymous_2)
FN:88,(anonymous_3)
FN:97,(anonymous_4)
FN:117,(anonymous_5)
FN:142,(anonymous_6)
FN:156,(anonymous_7)
FN:174,(anonymous_8)
FNF:9
FNH:0
FNDA:0,(anonymous_0)
FNDA:0,(anonymous_1)
FNDA:0,(anonymous_2)
FNDA:0,(anonymous_3)
FNDA:0,(anonymous_4)
FNDA:0,(anonymous_5)
FNDA:0,(anonymous_6)
FNDA:0,(anonymous_7)
FNDA:0,(anonymous_8)
DA:9,0
DA:61,0
DA:62,0
DA:72,0
DA:76,0
DA:89,0
DA:92,0
DA:94,0
DA:97,0
DA:117,0
DA:142,0
DA:156,0
DA:174,0
LF:13
LH:0
BRDA:73,0,0,0
BRDA:73,0,1,0
BRDA:83,1,0,0
BRDA:83,1,1,0
BRDA:86,2,0,0
BRDA:86,2,1,0
BRDA:89,3,0,0
BRDA:89,3,1,0
BRDA:89,3,2,0
BRDA:92,4,0,0
BRDA:92,4,1,0
BRDA:99,5,0,0
BRDA:99,5,1,0
BRDA:105,6,0,0
BRDA:105,6,1,0
BRDA:105,7,0,0
BRDA:105,7,1,0
BRDA:106,8,0,0
BRDA:106,8,1,0
BRDA:108,9,0,0
BRDA:108,9,1,0
BRDA:119,10,0,0
BRDA:119,10,1,0
BRDA:125,11,0,0
BRDA:125,11,1,0
BRDA:128,12,0,0
BRDA:128,12,1,0
BRDA:128,12,2,0
BRDA:136,13,0,0
BRDA:136,13,1,0
BRDA:136,13,2,0
BRDA:144,14,0,0
BRDA:144,14,1,0
BRDA:154,15,0,0
BRDA:154,15,1,0
BRDA:158,16,0,0
BRDA:158,16,1,0
BRDA:176,17,0,0
BRDA:176,17,1,0
BRDA:182,18,0,0
BRDA:182,18,1,0
BRDA:186,19,0,0
BRDA:186,19,1,0
BRDA:189,20,0,0
BRDA:189,20,1,0
BRDA:190,21,0,0
BRDA:190,21,1,0
BRDA:191,22,0,0
BRDA:191,22,1,0
BRDA:193,23,0,0
BRDA:193,23,1,0
BRDA:194,24,0,0
BRDA:194,24,1,0
BRDA:195,25,0,0
BRDA:195,25,1,0
BRF:55
BRH:0
end_of_record
TN:
SF:src\components\portfolio\AddTransactionDropdown.jsx
FN:20,TransactionFormModal
FN:25,(anonymous_1)
FN:42,(anonymous_2)
FN:44,(anonymous_3)
FN:48,(anonymous_4)
FN:49,(anonymous_5)
FN:51,(anonymous_6)
FN:54,(anonymous_7)
FN:79,(anonymous_8)
FN:102,(anonymous_9)
FN:160,(anonymous_10)
FN:163,(anonymous_11)
FN:183,(anonymous_12)
FN:202,(anonymous_13)
FN:219,(anonymous_14)
FN:232,(anonymous_15)
FN:299,AddTransactionDropdown
FN:305,(anonymous_17)
FN:308,(anonymous_18)
FN:314,(anonymous_19)
FN:317,(anonymous_20)
FN:322,(anonymous_21)
FN:326,(anonymous_22)
FN:335,(anonymous_23)
FN:335,(anonymous_24)
FN:342,(anonymous_25)
FN:343,(anonymous_26)
FN:367,(anonymous_27)
FN:370,(anonymous_28)
FN:371,(anonymous_29)
FN:381,(anonymous_30)
FN:384,(anonymous_31)
FN:385,(anonymous_32)
FNF:33
FNH:0
FNDA:0,TransactionFormModal
FNDA:0,(anonymous_1)
FNDA:0,(anonymous_2)
FNDA:0,(anonymous_3)
FNDA:0,(anonymous_4)
FNDA:0,(anonymous_5)
FNDA:0,(anonymous_6)
FNDA:0,(anonymous_7)
FNDA:0,(anonymous_8)
FNDA:0,(anonymous_9)
FNDA:0,(anonymous_10)
FNDA:0,(anonymous_11)
FNDA:0,(anonymous_12)
FNDA:0,(anonymous_13)
FNDA:0,(anonymous_14)
FNDA:0,(anonymous_15)
FNDA:0,AddTransactionDropdown
FNDA:0,(anonymous_17)
FNDA:0,(anonymous_18)
FNDA:0,(anonymous_19)
FNDA:0,(anonymous_20)
FNDA:0,(anonymous_21)
FNDA:0,(anonymous_22)
FNDA:0,(anonymous_23)
FNDA:0,(anonymous_24)
FNDA:0,(anonymous_25)
FNDA:0,(anonymous_26)
FNDA:0,(anonymous_27)
FNDA:0,(anonymous_28)
FNDA:0,(anonymous_29)
FNDA:0,(anonymous_30)
FNDA:0,(anonymous_31)
FNDA:0,(anonymous_32)
DA:21,0
DA:24,0
DA:25,0
DA:28,0
DA:29,0
DA:30,0
DA:31,0
DA:32,0
DA:33,0
DA:34,0
DA:36,0
DA:37,0
DA:38,0
DA:39,0
DA:42,0
DA:43,0
DA:44,0
DA:48,0
DA:49,0
DA:50,0
DA:51,0
DA:54,0
DA:55,0
DA:56,0
DA:58,0
DA:59,0
DA:60,0
DA:61,0
DA:64,0
DA:65,0
DA:67,0
DA:68,0
DA:69,0
DA:71,0
DA:72,0
DA:73,0
DA:76,0
DA:78,0
DA:79,0
DA:81,0
DA:91,0
DA:92,0
DA:94,0
DA:95,0
DA:97,0
DA:101,0
DA:102,0
DA:106,0
DA:160,0
DA:164,0
DA:183,0
DA:202,0
DA:219,0
DA:232,0
DA:300,0
DA:301,0
DA:302,0
DA:305,0
DA:306,0
DA:308,0
DA:309,0
DA:310,0
DA:313,0
DA:314,0
DA:317,0
DA:318,0
DA:319,0
DA:322,0
DA:323,0
DA:326,0
DA:327,0
DA:330,0
DA:335,0
DA:342,0
DA:343,0
DA:367,0
DA:370,0
DA:371,0
DA:381,0
DA:384,0
DA:385,0
LF:81
LH:0
BRDA:24,0,0,0
BRDA:24,0,1,0
BRDA:25,1,0,0
BRDA:25,1,1,0
BRDA:25,2,0,0
BRDA:25,2,1,0
BRDA:25,3,0,0
BRDA:25,3,1,0
BRDA:28,4,0,0
BRDA:28,4,1,0
BRDA:37,5,0,0
BRDA:37,5,1,0
BRDA:38,6,0,0
BRDA:38,6,1,0
BRDA:39,7,0,0
BRDA:39,7,1,0
BRDA:49,8,0,0
BRDA:49,8,1,0
BRDA:59,9,0,0
BRDA:59,9,1,0
BRDA:67,10,0,0
BRDA:67,10,1,0
BRDA:67,11,0,0
BRDA:67,11,1,0
BRDA:71,12,0,0
BRDA:71,12,1,0
BRDA:71,13,0,0
BRDA:71,13,1,0
BRDA:87,14,0,0
BRDA:87,14,1,0
BRDA:88,15,0,0
BRDA:88,15,1,0
BRDA:102,16,0,0
BRDA:102,16,1,0
BRDA:138,17,0,0
BRDA:138,17,1,0
BRDA:145,18,0,0
BRDA:145,18,1,0
BRDA:165,19,0,0
BRDA:165,19,1,0
BRDA:239,20,0,0
BRDA:239,20,1,0
BRDA:239,20,2,0
BRDA:239,20,3,0
BRDA:239,20,4,0
BRDA:252,21,0,0
BRDA:252,21,1,0
BRDA:270,22,0,0
BRDA:270,22,1,0
BRDA:275,23,0,0
BRDA:275,23,1,0
BRDA:278,24,0,0
BRDA:278,24,1,0
BRDA:306,25,0,0
BRDA:306,25,1,0
BRDA:309,26,0,0
BRDA:309,26,1,0
BRDA:309,27,0,0
BRDA:309,27,1,0
BRDA:349,28,0,0
BRDA:349,28,1,0
BRDA:354,29,0,0
BRDA:354,29,1,0
BRDA:395,30,0,0
BRDA:395,30,1,0
BRF:65
BRH:0
end_of_record
TN:
SF:src\components\portfolio\AdvancedAssetTable.jsx
FN:21,SortIcon
FN:35,ColumnHeader
FN:43,(anonymous_2)
FN:76,AdvancedAssetTable
FN:87,(anonymous_4)
FN:88,(anonymous_5)
FN:94,(anonymous_6)
FN:96,(anonymous_7)
FN:102,(anonymous_8)
FN:105,(anonymous_9)
FN:127,(anonymous_10)
FN:128,(anonymous_11)
FN:217,(anonymous_12)
FN:248,AssetRow
FN:253,(anonymous_14)
FN:259,(anonymous_15)
FN:264,(anonymous_16)
FN:274,(anonymous_17)
FN:275,(anonymous_18)
FNF:19
FNH:0
FNDA:0,SortIcon
FNDA:0,ColumnHeader
FNDA:0,(anonymous_2)
FNDA:0,AdvancedAssetTable
FNDA:0,(anonymous_4)
FNDA:0,(anonymous_5)
FNDA:0,(anonymous_6)
FNDA:0,(anonymous_7)
FNDA:0,(anonymous_8)
FNDA:0,(anonymous_9)
FNDA:0,(anonymous_10)
FNDA:0,(anonymous_11)
FNDA:0,(anonymous_12)
FNDA:0,AssetRow
FNDA:0,(anonymous_14)
FNDA:0,(anonymous_15)
FNDA:0,(anonymous_16)
FNDA:0,(anonymous_17)
FNDA:0,(anonymous_18)
DA:22,0
DA:23,0
DA:36,0
DA:37,0
DA:38,0
DA:40,0
DA:43,0
DA:76,0
DA:81,0
DA:84,0
DA:85,0
DA:87,0
DA:88,0
DA:89,0
DA:94,0
DA:95,0
DA:96,0
DA:97,0
DA:98,0
DA:102,0
DA:103,0
DA:105,0
DA:106,0
DA:107,0
DA:108,0
DA:109,0
DA:110,0
DA:111,0
DA:112,0
DA:113,0
DA:115,0
DA:127,0
DA:128,0
DA:131,0
DA:133,0
DA:134,0
DA:135,0
DA:137,0
DA:138,0
DA:139,0
DA:140,0
DA:141,0
DA:142,0
DA:143,0
DA:146,0
DA:149,0
DA:154,0
DA:155,0
DA:173,0
DA:218,0
DA:248,0
DA:249,0
DA:250,0
DA:251,0
DA:253,0
DA:255,0
DA:256,0
DA:259,0
DA:260,0
DA:261,0
DA:264,0
DA:265,0
DA:266,0
DA:269,0
DA:274,0
DA:275,0
LF:66
LH:0
BRDA:22,0,0,0
BRDA:22,0,1,0
BRDA:23,1,0,0
BRDA:23,1,1,0
BRDA:35,2,0,0
BRDA:37,3,0,0
BRDA:37,3,1,0
BRDA:38,4,0,0
BRDA:38,4,1,0
BRDA:47,5,0,0
BRDA:47,5,1,0
BRDA:88,6,0,0
BRDA:88,6,1,0
BRDA:88,7,0,0
BRDA:88,7,1,0
BRDA:95,8,0,0
BRDA:95,8,1,0
BRDA:97,9,0,0
BRDA:97,9,1,0
BRDA:103,10,0,0
BRDA:103,10,1,0
BRDA:106,11,0,0
BRDA:106,11,1,0
BRDA:107,12,0,0
BRDA:107,12,1,0
BRDA:108,13,0,0
BRDA:108,13,1,0
BRDA:112,14,0,0
BRDA:112,14,1,0
BRDA:113,15,0,0
BRDA:113,15,1,0
BRDA:131,16,0,0
BRDA:131,16,1,0
BRDA:131,16,2,0
BRDA:131,16,3,0
BRDA:131,16,4,0
BRDA:131,16,5,0
BRDA:131,16,6,0
BRDA:131,16,7,0
BRDA:133,17,0,0
BRDA:133,17,1,0
BRDA:133,17,2,0
BRDA:134,18,0,0
BRDA:134,18,1,0
BRDA:134,18,2,0
BRDA:135,19,0,0
BRDA:135,19,1,0
BRDA:138,20,0,0
BRDA:138,20,1,0
BRDA:138,21,0,0
BRDA:138,21,1,0
BRDA:146,22,0,0
BRDA:146,22,1,0
BRDA:154,23,0,0
BRDA:154,23,1,0
BRDA:212,24,0,0
BRDA:212,24,1,0
BRDA:219,25,0,0
BRDA:219,25,1,0
BRDA:250,26,0,0
BRDA:250,26,1,0
BRDA:251,27,0,0
BRDA:251,27,1,0
BRDA:255,28,0,0
BRDA:255,28,1,0
BRDA:266,29,0,0
BRDA:266,29,1,0
BRDA:284,30,0,0
BRDA:284,30,1,0
BRDA:284,30,2,0
BRDA:287,31,0,0
BRDA:287,31,1,0
BRDA:288,32,0,0
BRDA:288,32,1,0
BRDA:296,33,0,0
BRDA:296,33,1,0
BRDA:303,34,0,0
BRDA:303,34,1,0
BRDA:317,35,0,0
BRDA:317,35,1,0
BRDA:327,36,0,0
BRDA:327,36,1,0
BRDA:330,37,0,0
BRDA:330,37,1,0
BRDA:354,38,0,0
BRDA:354,38,1,0
BRF:86
BRH:0
end_of_record
TN:
SF:src\components\portfolio\AssetDetailSlideOver.jsx
FN:13,formatDate
FN:32,AssetDetailSlideOver
FN:38,(anonymous_2)
FN:49,(anonymous_3)
FN:52,(anonymous_4)
FN:56,(anonymous_5)
FN:62,(anonymous_6)
FN:65,(anonymous_7)
FN:69,(anonymous_8)
FN:73,(anonymous_9)
FN:75,(anonymous_10)
FN:79,(anonymous_11)
FN:151,(anonymous_12)
FN:152,(anonymous_13)
FN:227,(anonymous_14)
FN:237,(anonymous_15)
FN:238,(anonymous_16)
FNF:17
FNH:0
FNDA:0,formatDate
FNDA:0,AssetDetailSlideOver
FNDA:0,(anonymous_2)
FNDA:0,(anonymous_3)
FNDA:0,(anonymous_4)
FNDA:0,(anonymous_5)
FNDA:0,(anonymous_6)
FNDA:0,(anonymous_7)
FNDA:0,(anonymous_8)
FNDA:0,(anonymous_9)
FNDA:0,(anonymous_10)
FNDA:0,(anonymous_11)
FNDA:0,(anonymous_12)
FNDA:0,(anonymous_13)
FNDA:0,(anonymous_14)
FNDA:0,(anonymous_15)
FNDA:0,(anonymous_16)
DA:14,0
DA:15,0
DA:33,0
DA:34,0
DA:35,0
DA:38,0
DA:39,0
DA:41,0
DA:42,0
DA:44,0
DA:45,0
DA:46,0
DA:48,0
DA:50,0
DA:53,0
DA:54,0
DA:57,0
DA:62,0
DA:63,0
DA:65,0
DA:66,0
DA:68,0
DA:69,0
DA:73,0
DA:74,0
DA:75,0
DA:78,0
DA:79,0
DA:83,0
DA:87,0
DA:88,0
DA:89,0
DA:90,0
DA:91,0
DA:92,0
DA:93,0
DA:95,0
DA:97,0
DA:151,0
DA:152,0
DA:228,0
DA:229,0
DA:237,0
DA:238,0
LF:44
LH:0
BRDA:14,0,0,0
BRDA:14,0,1,0
BRDA:14,1,0,0
BRDA:14,1,1,0
BRDA:32,2,0,0
BRDA:39,3,0,0
BRDA:39,3,1,0
BRDA:39,4,0,0
BRDA:39,4,1,0
BRDA:42,5,0,0
BRDA:42,5,1,0
BRDA:48,6,0,0
BRDA:48,6,1,0
BRDA:63,7,0,0
BRDA:63,7,1,0
BRDA:66,8,0,0
BRDA:66,8,1,0
BRDA:74,9,0,0
BRDA:74,9,1,0
BRDA:79,10,0,0
BRDA:79,10,1,0
BRDA:83,11,0,0
BRDA:83,11,1,0
BRDA:83,12,0,0
BRDA:83,12,1,0
BRDA:87,13,0,0
BRDA:87,13,1,0
BRDA:88,14,0,0
BRDA:88,14,1,0
BRDA:92,15,0,0
BRDA:92,15,1,0
BRDA:95,16,0,0
BRDA:95,16,1,0
BRDA:135,17,0,0
BRDA:135,17,1,0
BRDA:135,17,2,0
BRDA:139,18,0,0
BRDA:139,18,1,0
BRDA:142,19,0,0
BRDA:142,19,1,0
BRDA:178,20,0,0
BRDA:178,20,1,0
BRDA:180,21,0,0
BRDA:180,21,1,0
BRDA:185,22,0,0
BRDA:185,22,1,0
BRDA:187,23,0,0
BRDA:187,23,1,0
BRDA:199,24,0,0
BRDA:199,24,1,0
BRDA:205,25,0,0
BRDA:205,25,1,0
BRDA:214,26,0,0
BRDA:214,26,1,0
BRDA:214,26,2,0
BRDA:214,26,3,0
BRDA:225,27,0,0
BRDA:225,27,1,0
BRDA:225,27,2,0
BRDA:225,27,3,0
BRDA:244,28,0,0
BRDA:244,28,1,0
BRDA:245,29,0,0
BRDA:245,29,1,0
BRDA:248,30,0,0
BRDA:248,30,1,0
BRDA:260,31,0,0
BRDA:260,31,1,0
BRDA:262,32,0,0
BRDA:262,32,1,0
BRDA:275,33,0,0
BRDA:275,33,1,0
BRDA:275,33,2,0
BRDA:286,34,0,0
BRDA:286,34,1,0
BRF:75
BRH:0
end_of_record
TN:
SF:src\components\portfolio\AssetTable.jsx
FN:23,AssetTable
FN:27,(anonymous_1)
FN:31,(anonymous_2)
FN:92,(anonymous_3)
FN:97,(anonymous_4)
FN:115,AssetRow
FN:127,(anonymous_6)
FN:128,(anonymous_7)
FNF:8
FNH:0
FNDA:0,AssetTable
FNDA:0,(anonymous_1)
FNDA:0,(anonymous_2)
FNDA:0,(anonymous_3)
FNDA:0,(anonymous_4)
FNDA:0,AssetRow
FNDA:0,(anonymous_6)
FNDA:0,(anonymous_7)
DA:23,0
DA:24,0
DA:27,0
DA:28,0
DA:29,0
DA:31,0
DA:32,0
DA:33,0
DA:34,0
DA:35,0
DA:36,0
DA:41,0
DA:42,0
DA:57,0
DA:93,0
DA:97,0
DA:115,0
DA:116,0
DA:118,0
DA:121,0
DA:123,0
DA:127,0
DA:128,0
LF:23
LH:0
BRDA:28,0,0,0
BRDA:28,0,1,0
BRDA:32,1,0,0
BRDA:32,1,1,0
BRDA:33,2,0,0
BRDA:33,2,1,0
BRDA:41,3,0,0
BRDA:41,3,1,0
BRDA:87,4,0,0
BRDA:87,4,1,0
BRDA:96,5,0,0
BRDA:96,5,1,0
BRDA:118,6,0,0
BRDA:118,6,1,0
BRDA:159,7,0,0
BRDA:159,7,1,0
BRDA:166,8,0,0
BRDA:166,8,1,0
BRF:18
BRH:0
end_of_record
TN:
SF:src\components\portfolio\ChartArea.jsx
FN:19,renderCustomLabel
FN:46,CustomTooltip
FN:87,ChartArea
FN:90,(anonymous_3)
FN:93,(anonymous_4)
FN:99,(anonymous_5)
FN:100,(anonymous_6)
FN:104,(anonymous_7)
FN:104,(anonymous_8)
FN:138,(anonymous_9)
FN:152,(anonymous_10)
FNF:11
FNH:0
FNDA:0,renderCustomLabel
FNDA:0,CustomTooltip
FNDA:0,ChartArea
FNDA:0,(anonymous_3)
FNDA:0,(anonymous_4)
FNDA:0,(anonymous_5)
FNDA:0,(anonymous_6)
FNDA:0,(anonymous_7)
FNDA:0,(anonymous_8)
FNDA:0,(anonymous_9)
FNDA:0,(anonymous_10)
DA:20,0
DA:22,0
DA:23,0
DA:24,0
DA:25,0
DA:27,0
DA:47,0
DA:48,0
DA:49,0
DA:87,0
DA:88,0
DA:90,0
DA:91,0
DA:92,0
DA:93,0
DA:99,0
DA:100,0
DA:103,0
DA:104,0
DA:108,0
DA:109,0
DA:121,0
DA:139,0
DA:154,0
DA:158,0
LF:25
LH:0
BRDA:20,0,0,0
BRDA:20,0,1,0
BRDA:47,1,0,0
BRDA:47,1,1,0
BRDA:47,2,0,0
BRDA:47,2,1,0
BRDA:91,3,0,0
BRDA:91,3,1,0
BRDA:96,4,0,0
BRDA:96,4,1,0
BRDA:108,5,0,0
BRDA:108,5,1,0
BRDA:154,6,0,0
BRDA:154,6,1,0
BRDA:181,7,0,0
BRDA:181,7,1,0
BRF:16
BRH:0
end_of_record
TN:
SF:src\components\portfolio\ChartAreaEvolution.jsx
FN:32,generateMockHistoryData
FN:51,periodToDays
FN:61,CustomTooltip
FN:93,ChartAreaEvolution
FN:99,(anonymous_4)
FN:100,loadSnapshots
FN:119,(anonymous_6)
FN:122,(anonymous_7)
FN:143,(anonymous_8)
FN:146,(anonymous_9)
FN:189,(anonymous_10)
FNF:11
FNH:0
FNDA:0,generateMockHistoryData
FNDA:0,periodToDays
FNDA:0,CustomTooltip
FNDA:0,ChartAreaEvolution
FNDA:0,(anonymous_4)
FNDA:0,loadSnapshots
FNDA:0,(anonymous_6)
FNDA:0,(anonymous_7)
FNDA:0,(anonymous_8)
FNDA:0,(anonymous_9)
FNDA:0,(anonymous_10)
DA:19,0
DA:33,0
DA:34,0
DA:35,0
DA:37,0
DA:38,0
DA:39,0
DA:40,0
DA:41,0
DA:42,0
DA:48,0
DA:52,0
DA:53,0
DA:54,0
DA:62,0
DA:63,0
DA:93,0
DA:94,0
DA:95,0
DA:96,0
DA:97,0
DA:99,0
DA:101,0
DA:102,0
DA:103,0
DA:105,0
DA:106,0
DA:107,0
DA:108,0
DA:110,0
DA:111,0
DA:113,0
DA:116,0
DA:119,0
DA:120,0
DA:121,0
DA:122,0
DA:127,0
DA:128,0
DA:132,0
DA:144,0
DA:146,0
DA:189,0
LF:43
LH:0
BRDA:52,0,0,0
BRDA:52,0,1,0
BRDA:53,1,0,0
BRDA:53,1,1,0
BRDA:62,2,0,0
BRDA:62,2,1,0
BRDA:62,3,0,0
BRDA:62,3,1,0
BRDA:101,4,0,0
BRDA:101,4,1,0
BRDA:108,5,0,0
BRDA:108,5,1,0
BRDA:121,6,0,0
BRDA:121,6,1,0
BRDA:149,7,0,0
BRDA:149,7,1,0
BRDA:150,8,0,0
BRDA:150,8,1,0
BRF:18
BRH:0
end_of_record
TN:
SF:src\components\portfolio\ClientAnalytics.jsx
FN:32,periodToDays
FN:55,MetricCard
FN:94,normalise
FN:97,(anonymous_3)
FN:98,(anonymous_4)
FN:120,ClientAnalytics
FN:130,(anonymous_6)
FN:139,loadData
FN:165,(anonymous_8)
FN:182,(anonymous_9)
FN:185,(anonymous_10)
FN:186,(anonymous_11)
FN:197,(anonymous_12)
FN:213,(anonymous_13)
FN:218,(anonymous_14)
FN:219,(anonymous_15)
FN:260,(anonymous_16)
FN:263,(anonymous_17)
FN:294,(anonymous_18)
FN:299,(anonymous_19)
FN:316,(anonymous_20)
FNF:21
FNH:0
FNDA:0,periodToDays
FNDA:0,MetricCard
FNDA:0,normalise
FNDA:0,(anonymous_3)
FNDA:0,(anonymous_4)
FNDA:0,ClientAnalytics
FNDA:0,(anonymous_6)
FNDA:0,loadData
FNDA:0,(anonymous_8)
FNDA:0,(anonymous_9)
FNDA:0,(anonymous_10)
FNDA:0,(anonymous_11)
FNDA:0,(anonymous_12)
FNDA:0,(anonymous_13)
FNDA:0,(anonymous_14)
FNDA:0,(anonymous_15)
FNDA:0,(anonymous_16)
FNDA:0,(anonymous_17)
FNDA:0,(anonymous_18)
FNDA:0,(anonymous_19)
FNDA:0,(anonymous_20)
DA:25,0
DA:33,0
DA:55,0
DA:63,0
DA:69,0
DA:95,0
DA:96,0
DA:97,0
DA:98,0
DA:120,0
DA:121,0
DA:122,0
DA:123,0
DA:124,0
DA:130,0
DA:131,0
DA:132,0
DA:133,0
DA:136,0
DA:137,0
DA:140,0
DA:141,0
DA:143,0
DA:148,0
DA:149,0
DA:150,0
DA:153,0
DA:154,0
DA:155,0
DA:156,0
DA:159,0
DA:163,0
DA:165,0
DA:166,0
DA:182,0
DA:183,0
DA:185,0
DA:186,0
DA:189,0
DA:190,0
DA:191,0
DA:193,0
DA:194,0
DA:197,0
DA:213,0
DA:214,0
DA:215,0
DA:218,0
DA:219,0
DA:221,0
DA:222,0
DA:224,0
DA:231,0
DA:232,0
DA:239,0
DA:240,0
DA:251,0
DA:261,0
DA:263,0
DA:294,0
DA:299,0
DA:316,0
LF:62
LH:0
BRDA:33,0,0,0
BRDA:33,0,1,0
BRDA:63,1,0,0
BRDA:63,1,1,0
BRDA:65,2,0,0
BRDA:65,2,1,0
BRDA:95,3,0,0
BRDA:95,3,1,0
BRDA:97,4,0,0
BRDA:97,4,1,0
BRDA:131,5,0,0
BRDA:131,5,1,0
BRDA:148,6,0,0
BRDA:148,6,1,0
BRDA:149,7,0,0
BRDA:149,7,1,0
BRDA:150,8,0,0
BRDA:150,8,1,0
BRDA:154,9,0,0
BRDA:154,9,1,0
BRDA:159,10,0,0
BRDA:159,10,1,0
BRDA:183,11,0,0
BRDA:183,11,1,0
BRDA:183,12,0,0
BRDA:183,12,1,0
BRDA:198,13,0,0
BRDA:198,13,1,0
BRDA:198,13,2,0
BRDA:214,14,0,0
BRDA:214,14,1,0
BRDA:214,15,0,0
BRDA:214,15,1,0
BRDA:231,16,0,0
BRDA:231,16,1,0
BRDA:239,17,0,0
BRDA:239,17,1,0
BRDA:265,18,0,0
BRDA:265,18,1,0
BRDA:301,19,0,0
BRDA:301,19,1,0
BRDA:316,20,0,0
BRDA:316,20,1,0
BRDA:346,21,0,0
BRDA:346,21,1,0
BRDA:347,22,0,0
BRDA:347,22,1,0
BRDA:355,23,0,0
BRDA:355,23,1,0
BRDA:355,24,0,0
BRDA:355,24,1,0
BRF:51
BRH:0
end_of_record
TN:
SF:src\components\portfolio\ClientPortfolioView.jsx
FN:26,ClientPortfolioContent
FN:92,ClientPortfolioView
FNF:2
FNH:0
FNDA:0,ClientPortfolioContent
FNDA:0,ClientPortfolioView
DA:26,0
DA:31,0
DA:33,0
DA:34,0
DA:42,0
DA:44,0
DA:92,0
DA:97,0
DA:98,0
DA:105,0
LF:10
LH:0
BRDA:33,0,0,0
BRDA:33,0,1,0
BRDA:42,1,0,0
BRDA:42,1,1,0
BRDA:42,1,2,0
BRDA:97,2,0,0
BRDA:97,2,1,0
BRF:7
BRH:0
end_of_record
TN:
SF:src\components\portfolio\KpiCards.jsx
FN:17,formatUsd
FN:27,formatPct
FN:46,KpiCard
FN:49,(anonymous_3)
FN:54,(anonymous_4)
FN:66,(anonymous_5)
FN:74,(anonymous_6)
FN:166,KpiCards
FN:177,(anonymous_8)
FNF:9
FNH:0
FNDA:0,formatUsd
FNDA:0,formatPct
FNDA:0,KpiCard
FNDA:0,(anonymous_3)
FNDA:0,(anonymous_4)
FNDA:0,(anonymous_5)
FNDA:0,(anonymous_6)
FNDA:0,KpiCards
FNDA:0,(anonymous_8)
DA:18,0
DA:28,0
DA:46,0
DA:47,0
DA:49,0
DA:50,0
DA:51,0
DA:54,0
DA:55,0
DA:66,0
DA:67,0
DA:74,0
DA:75,0
DA:76,0
DA:80,0
DA:98,0
DA:100,0
DA:166,0
DA:167,0
DA:177,0
DA:178,0
DA:179,0
DA:180,0
DA:182,0
DA:183,0
DA:184,0
DA:185,0
DA:187,0
DA:189,0
DA:192,0
DA:193,0
DA:194,0
DA:196,0
DA:198,0
DA:199,0
DA:200,0
DA:205,0
DA:209,0
DA:211,0
DA:219,0
DA:220,0
DA:222,0
LF:42
LH:0
BRDA:46,0,0,0
BRDA:51,1,0,0
BRDA:51,1,1,0
BRDA:57,2,0,0
BRDA:57,2,1,0
BRDA:59,3,0,0
BRDA:59,3,1,0
BRDA:98,4,0,0
BRDA:98,4,1,0
BRDA:119,5,0,0
BRDA:119,5,1,0
BRDA:121,6,0,0
BRDA:121,6,1,0
BRDA:143,7,0,0
BRDA:143,7,1,0
BRDA:182,8,0,0
BRDA:182,8,1,0
BRDA:184,9,0,0
BRDA:184,9,1,0
BRDA:185,10,0,0
BRDA:185,10,1,0
BRDA:187,11,0,0
BRDA:187,11,1,0
BRDA:193,12,0,0
BRDA:193,12,1,0
BRDA:196,13,0,0
BRDA:196,13,1,0
BRDA:205,14,0,0
BRDA:205,14,1,0
BRDA:209,15,0,0
BRDA:209,15,1,0
BRDA:235,16,0,0
BRDA:235,16,1,0
BRDA:243,17,0,0
BRDA:243,17,1,0
BRDA:249,18,0,0
BRDA:249,18,1,0
BRDA:258,19,0,0
BRDA:258,19,1,0
BRF:39
BRH:0
end_of_record
TN:
SF:src\components\portfolio\OpportunityBanner.jsx
FN:18,OpportunityBanner
FN:63,(anonymous_1)
FN:72,(anonymous_2)
FNF:3
FNH:0
FNDA:0,OpportunityBanner
FNDA:0,(anonymous_1)
FNDA:0,(anonymous_2)
DA:18,0
DA:19,0
DA:20,0
DA:23,0
DA:24,0
DA:28,0
DA:29,0
DA:31,0
DA:63,0
DA:72,0
LF:10
LH:0
BRDA:23,0,0,0
BRDA:23,0,1,0
BRDA:23,1,0,0
BRDA:23,1,1,0
BRDA:23,1,2,0
BRDA:52,2,0,0
BRDA:52,2,1,0
BRDA:56,3,0,0
BRDA:56,3,1,0
BRF:9
BRH:0
end_of_record
TN:
SF:src\components\portfolio\OverviewTab.jsx
FN:23,OverviewTab
FN:29,(anonymous_1)
FN:36,(anonymous_2)
FN:43,(anonymous_3)
FNF:4
FNH:0
FNDA:0,OverviewTab
FNDA:0,(anonymous_1)
FNDA:0,(anonymous_2)
FNDA:0,(anonymous_3)
DA:24,0
DA:28,0
DA:30,0
DA:31,0
DA:35,0
DA:37,0
DA:41,0
DA:43,0
DA:44,0
DA:46,0
DA:47,0
DA:49,0
DA:50,0
DA:51,0
DA:53,0
DA:54,0
DA:56,0
DA:57,0
DA:58,0
DA:62,0
DA:65,0
LF:21
LH:0
BRDA:28,0,0,0
BRDA:28,0,1,0
BRDA:30,1,0,0
BRDA:30,1,1,0
BRDA:35,2,0,0
BRDA:35,2,1,0
BRDA:37,3,0,0
BRDA:37,3,1,0
BRDA:44,4,0,0
BRDA:44,4,1,0
BRDA:44,5,0,0
BRDA:44,5,1,0
BRDA:50,6,0,0
BRDA:50,6,1,0
BRDA:51,7,0,0
BRDA:51,7,1,0
BRDA:53,8,0,0
BRDA:53,8,1,0
BRDA:56,9,0,0
BRDA:56,9,1,0
BRDA:58,10,0,0
BRDA:58,10,1,0
BRDA:170,11,0,0
BRDA:170,11,1,0
BRDA:172,12,0,0
BRDA:172,12,1,0
BRDA:200,13,0,0
BRDA:200,13,1,0
BRDA:209,14,0,0
BRDA:209,14,1,0
BRDA:210,15,0,0
BRDA:210,15,1,0
BRDA:213,16,0,0
BRDA:213,16,1,0
BRF:34
BRH:0
end_of_record
TN:
SF:src\components\portfolio\PortfolioContext.jsx
FN:29,PortfolioProvider
FN:47,(anonymous_1)
FN:51,(anonymous_2)
FN:60,(anonymous_3)
FN:71,(anonymous_4)
FN:73,(anonymous_5)
FN:79,(anonymous_6)
FN:85,(anonymous_7)
FN:92,(anonymous_8)
FN:103,(anonymous_9)
FN:159,usePortfolioContext
FNF:11
FNH:0
FNDA:0,PortfolioProvider
FNDA:0,(anonymous_1)
FNDA:0,(anonymous_2)
FNDA:0,(anonymous_3)
FNDA:0,(anonymous_4)
FNDA:0,(anonymous_5)
FNDA:0,(anonymous_6)
FNDA:0,(anonymous_7)
FNDA:0,(anonymous_8)
FNDA:0,(anonymous_9)
FNDA:0,usePortfolioContext
DA:14,0
DA:31,0
DA:32,0
DA:33,0
DA:34,0
DA:36,0
DA:43,0
DA:46,0
DA:48,0
DA:49,0
DA:51,0
DA:56,0
DA:60,0
DA:61,0
DA:62,0
DA:63,0
DA:66,0
DA:67,0
DA:69,0
DA:72,0
DA:73,0
DA:74,0
DA:76,0
DA:77,0
DA:80,0
DA:81,0
DA:85,0
DA:92,0
DA:93,0
DA:102,0
DA:103,0
DA:132,0
DA:160,0
DA:162,0
DA:163,0
DA:169,0
LF:36
LH:0
BRDA:29,0,0,0
BRDA:31,1,0,0
BRDA:31,1,1,0
BRDA:48,2,0,0
BRDA:48,2,1,0
BRDA:56,3,0,0
BRDA:56,4,0,0
BRDA:56,4,1,0
BRDA:61,5,0,0
BRDA:61,5,1,0
BRDA:162,6,0,0
BRDA:162,6,1,0
BRF:12
BRH:0
end_of_record
TN:
SF:src\components\portfolio\PortfolioHeader.jsx
FN:26,PortfolioHeader
FN:30,(anonymous_1)
FNF:2
FNH:0
FNDA:0,PortfolioHeader
FNDA:0,(anonymous_1)
DA:26,0
DA:27,0
DA:30,0
DA:31,0
DA:34,0
LF:5
LH:0
BRDA:37,0,0,0
BRDA:37,0,1,0
BRDA:46,1,0,0
BRDA:46,1,1,0
BRF:4
BRH:0
end_of_record
TN:
SF:src\components\portfolio\PortfolioSidebar.jsx
FN:21,AssetItem
FN:23,(anonymous_1)
FN:108,PortfolioSidebar
FN:115,(anonymous_3)
FN:118,(anonymous_4)
FN:131,(anonymous_5)
FN:136,(anonymous_6)
FN:175,(anonymous_7)
FNF:8
FNH:0
FNDA:0,AssetItem
FNDA:0,(anonymous_1)
FNDA:0,PortfolioSidebar
FNDA:0,(anonymous_3)
FNDA:0,(anonymous_4)
FNDA:0,(anonymous_5)
FNDA:0,(anonymous_6)
FNDA:0,(anonymous_7)
DA:21,0
DA:22,0
DA:25,0
DA:26,0
DA:31,0
DA:33,0
DA:108,0
DA:109,0
DA:115,0
DA:116,0
DA:117,0
DA:119,0
DA:124,0
DA:125,0
DA:127,0
DA:129,0
DA:131,0
DA:135,0
DA:137,0
DA:142,0
DA:176,0
LF:21
LH:0
BRDA:38,0,0,0
BRDA:38,0,1,0
BRDA:41,1,0,0
BRDA:41,1,1,0
BRDA:60,2,0,0
BRDA:60,2,1,0
BRDA:69,3,0,0
BRDA:69,3,1,0
BRDA:116,4,0,0
BRDA:116,4,1,0
BRDA:119,5,0,0
BRDA:119,5,1,0
BRDA:120,6,0,0
BRDA:120,6,1,0
BRDA:124,7,0,0
BRDA:124,7,1,0
BRDA:127,8,0,0
BRDA:127,8,1,0
BRDA:158,9,0,0
BRDA:158,9,1,0
BRDA:164,10,0,0
BRDA:164,10,1,0
BRF:22
BRH:0
end_of_record
TN:
SF:src\components\portfolio\PortfolioTabs.jsx
FN:32,PortfolioTabs
FN:40,(anonymous_1)
FN:47,(anonymous_2)
FN:53,(anonymous_3)
FN:56,(anonymous_4)
FNF:5
FNH:3
FNDA:6,PortfolioTabs
FNDA:18,(anonymous_1)
FNDA:3,(anonymous_2)
FNDA:0,(anonymous_3)
FNDA:0,(anonymous_4)
DA:7,1
DA:32,1
DA:33,6
DA:41,18
DA:42,18
DA:44,18
DA:47,3
DA:54,0
DA:57,0
LF:9
LH:7
BRDA:50,0,0,6
BRDA:50,0,1,12
BRDA:51,1,0,6
BRDA:51,1,1,12
BRDA:54,2,0,0
BRDA:54,2,1,0
BRDA:57,3,0,0
BRDA:57,3,1,0
BRDA:64,4,0,18
BRDA:64,4,1,6
BRF:10
BRH:6
end_of_record
TN:
SF:src\components\portfolio\SnapshotStatus.jsx
FN:17,SnapshotStatus
FN:24,(anonymous_1)
FNF:2
FNH:0
FNDA:0,SnapshotStatus
FNDA:0,(anonymous_1)
DA:17,0
DA:19,0
DA:20,0
DA:24,0
DA:25,0
DA:26,0
DA:27,0
DA:28,0
DA:30,0
DA:34,0
LF:10
LH:0
BRDA:17,0,0,0
BRDA:17,1,0,0
BRDA:19,2,0,0
BRDA:19,2,1,0
BRDA:19,3,0,0
BRDA:19,3,1,0
BRDA:25,4,0,0
BRDA:25,4,1,0
BRDA:36,5,0,0
BRDA:36,5,1,0
BRDA:41,6,0,0
BRDA:41,6,1,0
BRF:12
BRH:0
end_of_record
TN:
SF:src\components\portfolio\TransactionHistory.jsx
FN:18,formatDate
FN:33,toInputDate
FN:43,exportToCsv
FN:45,(anonymous_3)
FN:57,(anonymous_4)
FN:58,(anonymous_5)
FN:78,TransactionCard
FN:90,(anonymous_7)
FN:91,(anonymous_8)
FN:177,TransactionHistory
FN:193,(anonymous_10)
FN:204,(anonymous_11)
FN:207,(anonymous_12)
FN:211,(anonymous_13)
FN:215,(anonymous_14)
FN:225,(anonymous_15)
FN:229,(anonymous_16)
FN:233,(anonymous_17)
FN:237,(anonymous_18)
FN:242,(anonymous_19)
FN:248,(anonymous_20)
FN:254,(anonymous_21)
FN:264,(anonymous_22)
FN:268,(anonymous_23)
FN:304,(anonymous_24)
FN:312,(anonymous_25)
FN:323,(anonymous_26)
FN:327,(anonymous_27)
FN:338,(anonymous_28)
FN:350,(anonymous_29)
FN:362,(anonymous_30)
FN:363,(anonymous_31)
FN:382,(anonymous_32)
FN:383,(anonymous_33)
FN:438,(anonymous_34)
FNF:35
FNH:0
FNDA:0,formatDate
FNDA:0,toInputDate
FNDA:0,exportToCsv
FNDA:0,(anonymous_3)
FNDA:0,(anonymous_4)
FNDA:0,(anonymous_5)
FNDA:0,TransactionCard
FNDA:0,(anonymous_7)
FNDA:0,(anonymous_8)
FNDA:0,TransactionHistory
FNDA:0,(anonymous_10)
FNDA:0,(anonymous_11)
FNDA:0,(anonymous_12)
FNDA:0,(anonymous_13)
FNDA:0,(anonymous_14)
FNDA:0,(anonymous_15)
FNDA:0,(anonymous_16)
FNDA:0,(anonymous_17)
FNDA:0,(anonymous_18)
FNDA:0,(anonymous_19)
FNDA:0,(anonymous_20)
FNDA:0,(anonymous_21)
FNDA:0,(anonymous_22)
FNDA:0,(anonymous_23)
FNDA:0,(anonymous_24)
FNDA:0,(anonymous_25)
FNDA:0,(anonymous_26)
FNDA:0,(anonymous_27)
FNDA:0,(anonymous_28)
FNDA:0,(anonymous_29)
FNDA:0,(anonymous_30)
FNDA:0,(anonymous_31)
FNDA:0,(anonymous_32)
FNDA:0,(anonymous_33)
FNDA:0,(anonymous_34)
DA:19,0
DA:20,0
DA:34,0
DA:35,0
DA:44,0
DA:45,0
DA:56,0
DA:58,0
DA:62,0
DA:63,0
DA:64,0
DA:65,0
DA:66,0
DA:67,0
DA:68,0
DA:79,0
DA:80,0
DA:81,0
DA:83,0
DA:90,0
DA:91,0
DA:178,0
DA:181,0
DA:182,0
DA:183,0
DA:186,0
DA:187,0
DA:188,0
DA:189,0
DA:190,0
DA:193,0
DA:194,0
DA:195,0
DA:196,0
DA:197,0
DA:200,0
DA:201,0
DA:203,0
DA:205,0
DA:208,0
DA:209,0
DA:211,0
DA:215,0
DA:216,0
DA:217,0
DA:218,0
DA:219,0
DA:220,0
DA:221,0
DA:222,0
DA:225,0
DA:229,0
DA:230,0
DA:232,0
DA:233,0
DA:236,0
DA:237,0
DA:240,0
DA:241,0
DA:242,0
DA:245,0
DA:246,0
DA:247,0
DA:248,0
DA:251,0
DA:252,0
DA:253,0
DA:255,0
DA:261,0
DA:264,0
DA:265,0
DA:268,0
DA:269,0
DA:270,0
DA:271,0
DA:272,0
DA:273,0
DA:277,0
DA:285,0
DA:304,0
DA:312,0
DA:323,0
DA:328,0
DA:338,0
DA:350,0
DA:362,0
DA:363,0
DA:382,0
DA:383,0
DA:439,0
LF:90
LH:0
BRDA:19,0,0,0
BRDA:19,0,1,0
BRDA:19,1,0,0
BRDA:19,1,1,0
BRDA:34,2,0,0
BRDA:34,2,1,0
BRDA:34,3,0,0
BRDA:34,3,1,0
BRDA:48,4,0,0
BRDA:48,4,1,0
BRDA:48,4,2,0
BRDA:49,5,0,0
BRDA:49,5,1,0
BRDA:53,6,0,0
BRDA:53,6,1,0
BRDA:80,7,0,0
BRDA:80,7,1,0
BRDA:97,8,0,0
BRDA:97,8,1,0
BRDA:98,9,0,0
BRDA:98,9,1,0
BRDA:101,10,0,0
BRDA:101,10,1,0
BRDA:117,11,0,0
BRDA:117,11,1,0
BRDA:123,12,0,0
BRDA:123,12,1,0
BRDA:123,12,2,0
BRDA:140,13,0,0
BRDA:140,13,1,0
BRDA:146,14,0,0
BRDA:146,14,1,0
BRDA:195,15,0,0
BRDA:195,15,1,0
BRDA:219,16,0,0
BRDA:219,16,1,0
BRDA:220,17,0,0
BRDA:220,17,1,0
BRDA:220,18,0,0
BRDA:220,18,1,0
BRDA:222,19,0,0
BRDA:222,19,1,0
BRDA:222,20,0,0
BRDA:222,20,1,0
BRDA:232,21,0,0
BRDA:232,21,1,0
BRDA:236,22,0,0
BRDA:236,22,1,0
BRDA:237,23,0,0
BRDA:237,23,1,0
BRDA:240,24,0,0
BRDA:240,24,1,0
BRDA:245,25,0,0
BRDA:245,25,1,0
BRDA:251,26,0,0
BRDA:251,26,1,0
BRDA:255,27,0,0
BRDA:255,27,1,0
BRDA:255,27,2,0
BRDA:255,28,0,0
BRDA:255,28,1,0
BRDA:256,29,0,0
BRDA:256,29,1,0
BRDA:257,30,0,0
BRDA:257,30,1,0
BRDA:277,31,0,0
BRDA:277,31,1,0
BRDA:277,31,2,0
BRDA:277,31,3,0
BRDA:277,31,4,0
BRDA:357,32,0,0
BRDA:357,32,1,0
BRDA:382,33,0,0
BRDA:382,33,1,0
BRDA:392,34,0,0
BRDA:392,34,1,0
BRDA:392,34,2,0
BRDA:395,35,0,0
BRDA:395,35,1,0
BRDA:395,36,0,0
BRDA:395,36,1,0
BRDA:396,37,0,0
BRDA:396,37,1,0
BRDA:402,38,0,0
BRDA:402,38,1,0
BRDA:409,39,0,0
BRDA:409,39,1,0
BRDA:419,40,0,0
BRDA:419,40,1,0
BRDA:419,40,2,0
BRDA:419,40,3,0
BRDA:428,41,0,0
BRDA:428,41,1,0
BRDA:436,42,0,0
BRDA:436,42,1,0
BRDA:436,42,2,0
BRDA:436,42,3,0
BRF:97
BRH:0
end_of_record
TN:
SF:src\components\swap\ExecuteSwap.jsx
FN:21,ExecuteSwap
FNF:1
FNH:0
FNDA:0,ExecuteSwap
DA:21,0
DA:28,0
DA:30,0
LF:3
LH:0
BRDA:23,0,0,0
BRDA:24,1,0,0
BRDA:25,2,0,0
BRDA:26,3,0,0
BRDA:28,4,0,0
BRDA:28,4,1,0
BRDA:28,4,2,0
BRDA:37,5,0,0
BRDA:37,5,1,0
BRDA:42,6,0,0
BRDA:42,6,1,0
BRDA:43,7,0,0
BRDA:43,7,1,0
BRDA:47,8,0,0
BRDA:47,8,1,0
BRDA:58,9,0,0
BRDA:58,9,1,0
BRDA:71,10,0,0
BRDA:71,10,1,0
BRDA:71,10,2,0
BRF:20
BRH:0
end_of_record
TN:
SF:src\components\swap\GasEstimate.jsx
FN:17,GasEstimate
FNF:1
FNH:0
FNDA:0,GasEstimate
DA:17,0
DA:18,0
DA:20,0
LF:3
LH:0
BRDA:18,0,0,0
BRDA:18,0,1,0
BRDA:28,1,0,0
BRDA:28,1,1,0
BRDA:31,2,0,0
BRDA:31,2,1,0
BRDA:37,3,0,0
BRDA:37,3,1,0
BRDA:42,4,0,0
BRDA:42,4,1,0
BRDA:48,5,0,0
BRDA:48,5,1,0
BRF:12
BRH:0
end_of_record
TN:
SF:src\components\swap\PriceQuote.jsx
FN:19,PriceQuote
FNF:1
FNH:0
FNDA:0,PriceQuote
DA:19,0
DA:25,0
DA:27,0
LF:3
LH:0
BRDA:25,0,0,0
BRDA:25,0,1,0
BRDA:33,1,0,0
BRDA:33,1,1,0
BRDA:41,2,0,0
BRDA:41,2,1,0
BRDA:46,3,0,0
BRDA:46,3,1,0
BRDA:48,4,0,0
BRDA:48,4,1,0
BRDA:53,5,0,0
BRDA:53,5,1,0
BRDA:59,6,0,0
BRDA:59,6,1,0
BRF:14
BRH:0
end_of_record
TN:
SF:src\components\swap\SlippageDisplay.jsx
FN:18,SlippageDisplay
FN:26,(anonymous_1)
FN:30,(anonymous_2)
FN:39,(anonymous_3)
FN:55,(anonymous_4)
FN:64,(anonymous_5)
FN:67,(anonymous_6)
FNF:7
FNH:0
FNDA:0,SlippageDisplay
FNDA:0,(anonymous_1)
FNDA:0,(anonymous_2)
FNDA:0,(anonymous_3)
FNDA:0,(anonymous_4)
FNDA:0,(anonymous_5)
FNDA:0,(anonymous_6)
DA:18,0
DA:22,0
DA:24,0
DA:26,0
DA:27,0
DA:30,0
DA:31,0
DA:32,0
DA:35,0
DA:39,0
DA:55,0
DA:65,0
DA:67,0
LF:13
LH:0
BRDA:31,0,0,0
BRDA:31,0,1,0
BRDA:37,1,0,0
BRDA:37,1,1,0
BRDA:69,2,0,0
BRDA:69,2,1,0
BRDA:92,3,0,0
BRDA:92,3,1,0
BRF:8
BRH:0
end_of_record
TN:
SF:src\components\swap\SwapInput.jsx
FN:22,SwapInput
FN:30,(anonymous_1)
FN:60,(anonymous_2)
FNF:3
FNH:0
FNDA:0,SwapInput
FNDA:0,(anonymous_1)
FNDA:0,(anonymous_2)
DA:22,0
DA:30,0
DA:31,0
DA:34,0
DA:60,0
LF:5
LH:0
BRDA:28,0,0,0
BRDA:69,1,0,0
BRDA:69,1,1,0
BRF:3
BRH:0
end_of_record
TN:
SF:src\components\swap\SwapOutput.jsx
FN:21,SwapOutput
FNF:1
FNH:0
FNDA:0,SwapOutput
DA:21,0
DA:28,0
LF:2
LH:0
BRDA:25,0,0,0
BRDA:26,1,0,0
BRDA:50,2,0,0
BRDA:50,2,1,0
BRDA:54,3,0,0
BRDA:54,3,1,0
BRF:6
BRH:0
end_of_record
TN:
SF:src\components\swap\SwapWidget.jsx
FN:28,SwapWidget
FN:83,(anonymous_1)
FN:92,(anonymous_2)
FN:132,(anonymous_3)
FN:161,(anonymous_4)
FN:179,(anonymous_5)
FNF:6
FNH:0
FNDA:0,SwapWidget
FNDA:0,(anonymous_1)
FNDA:0,(anonymous_2)
FNDA:0,(anonymous_3)
FNDA:0,(anonymous_4)
FNDA:0,(anonymous_5)
DA:28,0
DA:33,0
DA:34,0
DA:35,0
DA:36,0
DA:37,0
DA:38,0
DA:39,0
DA:42,0
DA:45,0
DA:56,0
DA:62,0
DA:71,0
DA:76,0
DA:78,0
DA:83,0
DA:84,0
DA:85,0
DA:86,0
DA:92,0
DA:93,0
DA:94,0
DA:95,0
DA:98,0
DA:99,0
DA:100,0
DA:103,0
DA:104,0
DA:105,0
DA:108,0
DA:120,0
DA:122,0
DA:123,0
DA:125,0
DA:132,0
DA:133,0
DA:134,0
DA:135,0
DA:138,0
LF:39
LH:0
BRDA:30,0,0,0
BRDA:31,1,0,0
BRDA:48,2,0,0
BRDA:48,2,1,0
BRDA:56,3,0,0
BRDA:56,3,1,0
BRDA:56,4,0,0
BRDA:56,4,1,0
BRDA:62,5,0,0
BRDA:62,5,1,0
BRDA:62,6,0,0
BRDA:62,6,1,0
BRDA:64,7,0,0
BRDA:64,7,1,0
BRDA:64,8,0,0
BRDA:64,8,1,0
BRDA:71,9,0,0
BRDA:71,9,1,0
BRDA:71,10,0,0
BRDA:71,10,1,0
BRDA:76,11,0,0
BRDA:76,11,1,0
BRDA:76,12,0,0
BRDA:76,12,1,0
BRDA:78,13,0,0
BRDA:78,13,1,0
BRDA:78,14,0,0
BRDA:78,14,1,0
BRDA:93,15,0,0
BRDA:93,15,1,0
BRDA:98,16,0,0
BRDA:98,16,1,0
BRDA:115,17,0,0
BRDA:115,17,1,0
BRDA:123,18,0,0
BRDA:123,18,1,0
BRDA:143,19,0,0
BRDA:143,19,1,0
BRDA:162,20,0,0
BRDA:162,20,1,0
BRDA:181,21,0,0
BRDA:181,21,1,0
BRDA:186,22,0,0
BRDA:186,22,1,0
BRDA:210,23,0,0
BRDA:210,23,1,0
BRDA:210,23,2,0
BRDA:214,24,0,0
BRDA:214,24,1,0
BRF:49
BRH:0
end_of_record
TN:
SF:src\components\ui\DashboardButtons.jsx
FN:15,(anonymous_0)
FN:25,(anonymous_1)
FN:31,(anonymous_2)
FN:44,(anonymous_3)
FN:55,(anonymous_4)
FN:93,(anonymous_5)
FN:102,(anonymous_6)
FN:108,(anonymous_7)
FN:121,(anonymous_8)
FN:132,(anonymous_9)
FN:165,(anonymous_10)
FN:197,(anonymous_11)
FN:207,(anonymous_12)
FN:213,(anonymous_13)
FN:220,(anonymous_14)
FN:230,(anonymous_15)
FN:267,(anonymous_16)
FN:302,(anonymous_17)
FN:313,(anonymous_18)
FN:348,(anonymous_19)
FNF:20
FNH:0
FNDA:0,(anonymous_0)
FNDA:0,(anonymous_1)
FNDA:0,(anonymous_2)
FNDA:0,(anonymous_3)
FNDA:0,(anonymous_4)
FNDA:0,(anonymous_5)
FNDA:0,(anonymous_6)
FNDA:0,(anonymous_7)
FNDA:0,(anonymous_8)
FNDA:0,(anonymous_9)
FNDA:0,(anonymous_10)
FNDA:0,(anonymous_11)
FNDA:0,(anonymous_12)
FNDA:0,(anonymous_13)
FNDA:0,(anonymous_14)
FNDA:0,(anonymous_15)
FNDA:0,(anonymous_16)
FNDA:0,(anonymous_17)
FNDA:0,(anonymous_18)
FNDA:0,(anonymous_19)
DA:15,0
DA:23,0
DA:25,0
DA:26,0
DA:28,0
DA:29,0
DA:31,0
DA:32,0
DA:33,0
DA:34,0
DA:36,0
DA:44,0
DA:45,0
DA:52,0
DA:53,0
DA:55,0
DA:56,0
DA:57,0
DA:61,0
DA:93,0
DA:100,0
DA:102,0
DA:103,0
DA:105,0
DA:106,0
DA:108,0
DA:109,0
DA:110,0
DA:111,0
DA:113,0
DA:121,0
DA:122,0
DA:129,0
DA:130,0
DA:132,0
DA:133,0
DA:134,0
DA:138,0
DA:165,0
DA:172,0
DA:197,0
DA:205,0
DA:207,0
DA:208,0
DA:210,0
DA:211,0
DA:213,0
DA:214,0
DA:220,0
DA:221,0
DA:227,0
DA:228,0
DA:230,0
DA:231,0
DA:232,0
DA:236,0
DA:242,0
DA:267,0
DA:275,0
DA:302,0
DA:306,0
DA:313,0
DA:321,0
DA:348,0
DA:355,0
LF:65
LH:0
BRDA:18,0,0,0
BRDA:19,1,0,0
BRDA:20,2,0,0
BRDA:26,3,0,0
BRDA:26,3,1,0
BRDA:26,4,0,0
BRDA:26,4,1,0
BRDA:29,5,0,0
BRDA:29,5,1,0
BRDA:65,6,0,0
BRDA:65,6,1,0
BRDA:77,7,0,0
BRDA:77,7,1,0
BRDA:96,8,0,0
BRDA:97,9,0,0
BRDA:103,10,0,0
BRDA:103,10,1,0
BRDA:106,11,0,0
BRDA:106,11,1,0
BRDA:168,12,0,0
BRDA:169,13,0,0
BRDA:200,14,0,0
BRDA:201,15,0,0
BRDA:202,16,0,0
BRDA:208,17,0,0
BRDA:208,17,1,0
BRDA:211,18,0,0
BRDA:211,18,1,0
BRDA:270,19,0,0
BRDA:271,20,0,0
BRDA:272,21,0,0
BRDA:283,22,0,0
BRDA:283,22,1,0
BRDA:304,23,0,0
BRDA:316,24,0,0
BRDA:317,25,0,0
BRDA:318,26,0,0
BRDA:329,27,0,0
BRDA:329,27,1,0
BRDA:351,28,0,0
BRDA:352,29,0,0
BRF:41
BRH:0
end_of_record
TN:
SF:src\components\ui\DesignSystemComponents.jsx
FN:18,(anonymous_0)
FN:27,(anonymous_1)
FN:33,(anonymous_2)
FN:46,(anonymous_3)
FN:57,(anonymous_4)
FN:83,(anonymous_5)
FN:94,(anonymous_6)
FN:100,(anonymous_7)
FN:113,(anonymous_8)
FN:124,(anonymous_9)
FN:151,(anonymous_10)
FN:173,(anonymous_11)
FN:243,(anonymous_12)
FN:283,(anonymous_13)
FN:305,(anonymous_14)
FN:322,(anonymous_15)
FN:353,(anonymous_16)
FN:364,(anonymous_17)
FN:372,(anonymous_18)
FN:376,(anonymous_19)
FN:390,(anonymous_20)
FN:434,(anonymous_21)
FN:488,(anonymous_22)
FN:513,(anonymous_23)
FNF:24
FNH:0
FNDA:0,(anonymous_0)
FNDA:0,(anonymous_1)
FNDA:0,(anonymous_2)
FNDA:0,(anonymous_3)
FNDA:0,(anonymous_4)
FNDA:0,(anonymous_5)
FNDA:0,(anonymous_6)
FNDA:0,(anonymous_7)
FNDA:0,(anonymous_8)
FNDA:0,(anonymous_9)
FNDA:0,(anonymous_10)
FNDA:0,(anonymous_11)
FNDA:0,(anonymous_12)
FNDA:0,(anonymous_13)
FNDA:0,(anonymous_14)
FNDA:0,(anonymous_15)
FNDA:0,(anonymous_16)
FNDA:0,(anonymous_17)
FNDA:0,(anonymous_18)
FNDA:0,(anonymous_19)
FNDA:0,(anonymous_20)
FNDA:0,(anonymous_21)
FNDA:0,(anonymous_22)
FNDA:0,(anonymous_23)
DA:18,0
DA:25,0
DA:27,0
DA:28,0
DA:30,0
DA:31,0
DA:33,0
DA:34,0
DA:35,0
DA:36,0
DA:38,0
DA:46,0
DA:47,0
DA:54,0
DA:55,0
DA:57,0
DA:58,0
DA:59,0
DA:63,0
DA:83,0
DA:92,0
DA:94,0
DA:95,0
DA:97,0
DA:98,0
DA:100,0
DA:101,0
DA:102,0
DA:103,0
DA:105,0
DA:113,0
DA:114,0
DA:121,0
DA:122,0
DA:124,0
DA:125,0
DA:126,0
DA:130,0
DA:151,0
DA:156,0
DA:173,0
DA:181,0
DA:208,0
DA:209,0
DA:211,0
DA:243,0
DA:251,0
DA:283,0
DA:290,0
DA:306,0
DA:322,0
DA:327,0
DA:335,0
DA:353,0
DA:354,0
DA:364,0
DA:365,0
DA:372,0
DA:373,0
DA:376,0
DA:377,0
DA:390,0
DA:399,0
DA:405,0
DA:434,0
DA:442,0
DA:444,0
DA:450,0
DA:488,0
DA:494,0
DA:513,0
DA:518,0
LF:72
LH:0
BRDA:20,0,0,0
BRDA:21,1,0,0
BRDA:22,2,0,0
BRDA:28,3,0,0
BRDA:28,3,1,0
BRDA:31,4,0,0
BRDA:31,4,1,0
BRDA:68,5,0,0
BRDA:68,5,1,0
BRDA:69,6,0,0
BRDA:69,6,1,0
BRDA:85,7,0,0
BRDA:86,8,0,0
BRDA:87,9,0,0
BRDA:88,10,0,0
BRDA:95,11,0,0
BRDA:95,11,1,0
BRDA:98,12,0,0
BRDA:98,12,1,0
BRDA:135,13,0,0
BRDA:135,13,1,0
BRDA:135,14,0,0
BRDA:135,14,1,0
BRDA:138,15,0,0
BRDA:138,15,1,0
BRDA:142,16,0,0
BRDA:142,16,1,0
BRDA:153,17,0,0
BRDA:174,18,0,0
BRDA:178,19,0,0
BRDA:179,20,0,0
BRDA:222,21,0,0
BRDA:222,21,1,0
BRDA:223,22,0,0
BRDA:223,22,1,0
BRDA:227,23,0,0
BRDA:227,23,1,0
BRDA:227,23,2,0
BRDA:248,24,0,0
BRDA:253,25,0,0
BRDA:253,25,1,0
BRDA:259,26,0,0
BRDA:259,26,1,0
BRDA:267,27,0,0
BRDA:267,27,1,0
BRDA:268,28,0,0
BRDA:268,28,1,0
BRDA:273,29,0,0
BRDA:273,29,1,0
BRDA:287,30,0,0
BRDA:292,31,0,0
BRDA:292,31,1,0
BRDA:300,32,0,0
BRDA:300,32,1,0
BRDA:311,33,0,0
BRDA:311,33,1,0
BRDA:324,34,0,0
BRDA:325,35,0,0
BRDA:353,36,0,0
BRDA:364,37,0,0
BRDA:372,38,0,0
BRDA:376,39,0,0
BRDA:393,40,0,0
BRDA:394,41,0,0
BRDA:395,42,0,0
BRDA:397,43,0,0
BRDA:411,44,0,0
BRDA:411,44,1,0
BRDA:413,45,0,0
BRDA:413,45,1,0
BRDA:415,46,0,0
BRDA:415,46,1,0
BRDA:416,47,0,0
BRDA:416,47,1,0
BRDA:421,48,0,0
BRDA:421,48,1,0
BRDA:440,49,0,0
BRDA:442,50,0,0
BRDA:442,50,1,0
BRDA:474,51,0,0
BRDA:474,51,1,0
BRDA:492,52,0,0
BRDA:499,53,0,0
BRDA:499,53,1,0
BRDA:503,54,0,0
BRDA:503,54,1,0
BRDA:516,55,0,0
BRDA:520,56,0,0
BRDA:520,56,1,0
BRF:89
BRH:0
end_of_record
TN:
SF:src\components\ui\ErrorBoundary.jsx
FN:12,(anonymous_0)
FN:22,(anonymous_1)
FN:26,(anonymous_2)
FN:31,(anonymous_3)
FN:38,(anonymous_4)
FN:46,(anonymous_5)
FN:97,(anonymous_6)
FN:116,LocalErrorBoundary
FN:121,(anonymous_8)
FNF:9
FNH:0
FNDA:0,(anonymous_0)
FNDA:0,(anonymous_1)
FNDA:0,(anonymous_2)
FNDA:0,(anonymous_3)
FNDA:0,(anonymous_4)
FNDA:0,(anonymous_5)
FNDA:0,(anonymous_6)
FNDA:0,LocalErrorBoundary
FNDA:0,(anonymous_8)
DA:13,0
DA:14,0
DA:23,0
DA:28,0
DA:29,0
DA:31,0
DA:38,0
DA:39,0
DA:47,0
DA:48,0
DA:50,0
DA:97,0
DA:108,0
DA:117,0
DA:122,0
DA:123,0
DA:125,0
DA:126,0
LF:18
LH:0
BRDA:47,0,0,0
BRDA:47,0,1,0
BRDA:69,1,0,0
BRDA:69,1,1,0
BRDA:69,1,2,0
BRDA:74,2,0,0
BRDA:74,2,1,0
BRDA:116,3,0,0
BRDA:119,4,0,0
BRDA:119,4,1,0
BRF:10
BRH:0
end_of_record
TN:
SF:src\components\ui\Shared.jsx
FN:6,(anonymous_0)
FN:15,(anonymous_1)
FN:26,(anonymous_2)
FNF:3
FNH:0
FNDA:0,(anonymous_0)
FNDA:0,(anonymous_1)
FNDA:0,(anonymous_2)
DA:6,0
DA:7,0
DA:8,0
DA:15,0
DA:16,0
DA:26,0
DA:27,0
LF:7
LH:0
BRDA:6,0,0,0
BRDA:6,1,0,0
BRDA:9,2,0,0
BRDA:9,2,1,0
BRDA:15,3,0,0
BRF:5
BRH:0
end_of_record
TN:
SF:src\contexts\AiCopilotContext.jsx
FN:22,AiCopilotProvider
FN:31,(anonymous_1)
FN:32,(anonymous_2)
FN:38,(anonymous_3)
FN:39,(anonymous_4)
FN:40,(anonymous_5)
FN:47,(anonymous_6)
FN:57,(anonymous_7)
FN:93,useAiCopilotContext
FNF:9
FNH:0
FNDA:0,AiCopilotProvider
FNDA:0,(anonymous_1)
FNDA:0,(anonymous_2)
FNDA:0,(anonymous_3)
FNDA:0,(anonymous_4)
FNDA:0,(anonymous_5)
FNDA:0,(anonymous_6)
FNDA:0,(anonymous_7)
FNDA:0,useAiCopilotContext
DA:9,0
DA:23,0
DA:24,0
DA:25,0
DA:31,0
DA:32,0
DA:38,0
DA:39,0
DA:40,0
DA:47,0
DA:48,0
DA:49,0
DA:50,0
DA:56,0
DA:57,0
DA:70,0
DA:94,0
DA:96,0
DA:97,0
DA:103,0
LF:20
LH:0
BRDA:40,0,0,0
BRDA:40,0,1,0
BRDA:96,1,0,0
BRDA:96,1,1,0
BRF:4
BRH:0
end_of_record
TN:
SF:src\contexts\PrivacyContext.jsx
FN:20,PrivacyProvider
FN:22,(anonymous_1)
FN:30,(anonymous_2)
FN:31,(anonymous_3)
FN:48,(anonymous_4)
FN:74,(anonymous_5)
FN:99,usePrivacyMode
FNF:7
FNH:0
FNDA:0,PrivacyProvider
FNDA:0,(anonymous_1)
FNDA:0,(anonymous_2)
FNDA:0,(anonymous_3)
FNDA:0,(anonymous_4)
FNDA:0,(anonymous_5)
FNDA:0,usePrivacyMode
DA:4,0
DA:22,0
DA:23,0
DA:24,0
DA:26,0
DA:30,0
DA:31,0
DA:32,0
DA:33,0
DA:34,0
DA:36,0
DA:47,0
DA:49,0
DA:50,0
DA:51,0
DA:52,0
DA:55,0
DA:56,0
DA:58,0
DA:59,0
DA:65,0
DA:73,0
DA:74,0
DA:82,0
DA:100,0
DA:101,0
DA:102,0
DA:104,0
LF:28
LH:0
BRDA:48,0,0,0
BRDA:49,1,0,0
BRDA:49,1,1,0
BRDA:50,2,0,0
BRDA:50,2,1,0
BRDA:51,3,0,0
BRDA:51,3,1,0
BRDA:55,4,0,0
BRDA:55,4,1,0
BRDA:56,5,0,0
BRDA:56,5,1,0
BRDA:58,6,0,0
BRDA:58,6,1,0
BRDA:101,7,0,0
BRDA:101,7,1,0
BRF:15
BRH:0
end_of_record
TN:
SF:src\data\mockDb.jsx
FNF:0
FNH:0
DA:8,0
DA:136,0
DA:164,0
DA:174,0
LF:4
LH:0
BRF:0
BRH:0
end_of_record
TN:
SF:src\hooks\useAiChat.js
FN:20,useAiChat
FN:30,(anonymous_1)
FN:48,(anonymous_2)
FN:59,(anonymous_3)
FN:85,(anonymous_4)
FNF:5
FNH:0
FNDA:0,useAiChat
FNDA:0,(anonymous_1)
FNDA:0,(anonymous_2)
FNDA:0,(anonymous_3)
FNDA:0,(anonymous_4)
DA:22,0
DA:24,0
DA:29,0
DA:31,0
DA:33,0
DA:34,0
DA:37,0
DA:38,0
DA:44,0
DA:47,0
DA:48,0
DA:60,0
DA:67,0
DA:69,0
DA:70,0
DA:74,0
DA:75,0
DA:83,0
DA:84,0
DA:85,0
DA:86,0
DA:92,0
DA:96,0
DA:97,0
DA:98,0
DA:111,0
LF:26
LH:0
BRDA:31,0,0,0
BRDA:31,0,1,0
BRDA:53,1,0,0
BRDA:53,1,1,0
BRDA:54,2,0,0
BRDA:54,2,1,0
BRDA:60,3,0,0
BRDA:60,3,1,0
BRDA:69,4,0,0
BRDA:69,4,1,0
BRDA:69,5,0,0
BRDA:69,5,1,0
BRDA:97,6,0,0
BRDA:97,6,1,0
BRF:14
BRH:0
end_of_record
TN:
SF:src\hooks\useAuthRole.js
FN:11,useAuthRole
FNF:1
FNH:0
FNDA:0,useAuthRole
DA:12,0
DA:14,0
DA:18,0
LF:3
LH:0
BRDA:14,0,0,0
BRDA:14,0,1,0
BRDA:15,1,0,0
BRDA:15,1,1,0
BRF:4
BRH:0
end_of_record
TN:
SF:src\hooks\useCryptoPrices.js
FN:9,useCryptoPrices
FN:12,(anonymous_1)
FN:18,(anonymous_2)
FNF:3
FNH:0
FNDA:0,useCryptoPrices
FNDA:0,(anonymous_1)
FNDA:0,(anonymous_2)
DA:11,0
DA:12,0
DA:16,0
DA:18,0
DA:24,0
LF:5
LH:0
BRDA:12,0,0,0
BRDA:12,0,1,0
BRDA:16,1,0,0
BRDA:24,2,0,0
BRDA:24,2,1,0
BRF:5
BRH:0
end_of_record
TN:
SF:src\hooks\useDashboardData.js
FN:23,useDashboardData
FN:26,(anonymous_1)
FNF:2
FNH:0
FNDA:0,useDashboardData
FNDA:0,(anonymous_1)
DA:24,0
DA:26,0
DA:27,0
DA:28,0
DA:30,0
DA:32,0
DA:33,0
DA:34,0
DA:36,0
DA:38,0
DA:41,0
DA:42,0
DA:43,0
DA:45,0
DA:46,0
DA:49,0
DA:51,0
DA:53,0
DA:60,0
LF:19
LH:0
BRDA:30,0,0,0
BRDA:30,0,1,0
BRDA:33,1,0,0
BRDA:33,1,1,0
BRDA:34,2,0,0
BRDA:34,2,1,0
BRDA:36,3,0,0
BRDA:36,3,1,0
BRDA:42,4,0,0
BRDA:42,4,1,0
BRDA:51,5,0,0
BRDA:51,5,1,0
BRF:12
BRH:0
end_of_record
TN:
SF:src\hooks\useFirstLoadSnapshot.js
FN:36,useFirstLoadSnapshot
FN:41,(anonymous_1)
FN:44,captureIfNeeded
FN:103,(anonymous_3)
FN:122,calculateSnapshotData
FN:127,(anonymous_5)
FNF:6
FNH:0
FNDA:0,useFirstLoadSnapshot
FNDA:0,(anonymous_1)
FNDA:0,captureIfNeeded
FNDA:0,(anonymous_3)
FNDA:0,calculateSnapshotData
FNDA:0,(anonymous_5)
DA:37,0
DA:38,0
DA:39,0
DA:41,0
DA:42,0
DA:45,0
DA:46,0
DA:47,0
DA:49,0
DA:51,0
DA:55,0
DA:56,0
DA:57,0
DA:61,0
DA:62,0
DA:65,0
DA:71,0
DA:72,0
DA:73,0
DA:77,0
DA:83,0
DA:84,0
DA:85,0
DA:86,0
DA:89,0
DA:90,0
DA:91,0
DA:95,0
DA:96,0
DA:101,0
DA:103,0
DA:104,0
DA:108,0
DA:123,0
DA:124,0
DA:125,0
DA:127,0
DA:128,0
DA:133,0
DA:134,0
DA:135,0
DA:136,0
DA:138,0
DA:142,0
DA:145,0
DA:147,0
DA:148,0
DA:150,0
DA:151,0
DA:152,0
DA:154,0
DA:166,0
DA:167,0
DA:169,0
DA:171,0
LF:55
LH:0
BRDA:45,0,0,0
BRDA:45,0,1,0
BRDA:46,1,0,0
BRDA:46,1,1,0
BRDA:46,2,0,0
BRDA:46,2,1,0
BRDA:47,3,0,0
BRDA:47,3,1,0
BRDA:47,4,0,0
BRDA:47,4,1,0
BRDA:55,5,0,0
BRDA:55,5,1,0
BRDA:61,6,0,0
BRDA:61,6,1,0
BRDA:71,7,0,0
BRDA:71,7,1,0
BRDA:71,8,0,0
BRDA:71,8,1,0
BRDA:83,9,0,0
BRDA:83,9,1,0
BRDA:90,10,0,0
BRDA:90,10,1,0
BRDA:95,11,0,0
BRDA:95,11,1,0
BRDA:128,12,0,0
BRDA:128,12,1,0
BRDA:129,13,0,0
BRDA:129,13,1,0
BRDA:133,14,0,0
BRDA:133,14,1,0
BRDA:138,15,0,0
BRDA:138,15,1,0
BRDA:142,16,0,0
BRDA:142,16,1,0
BRDA:147,17,0,0
BRDA:147,17,1,0
BRDA:169,18,0,0
BRDA:169,18,1,0
BRF:38
BRH:0
end_of_record
TN:
SF:src\hooks\useOpportunityAnalyzer.js
FN:23,useOpportunityAnalyzer
FN:32,(anonymous_1)
FN:44,(anonymous_2)
FN:62,(anonymous_3)
FN:87,(anonymous_4)
FNF:5
FNH:0
FNDA:0,useOpportunityAnalyzer
FNDA:0,(anonymous_1)
FNDA:0,(anonymous_2)
FNDA:0,(anonymous_3)
FNDA:0,(anonymous_4)
DA:24,0
DA:25,0
DA:26,0
DA:27,0
DA:32,0
DA:33,0
DA:34,0
DA:35,0
DA:38,0
DA:39,0
DA:40,0
DA:43,0
DA:45,0
DA:49,0
DA:50,0
DA:51,0
DA:55,0
DA:61,0
DA:62,0
DA:73,0
DA:74,0
DA:76,0
DA:77,0
DA:78,0
DA:80,0
DA:87,0
DA:88,0
DA:91,0
LF:28
LH:0
BRDA:23,0,0,0
BRDA:33,1,0,0
BRDA:33,1,1,0
BRDA:33,2,0,0
BRDA:33,2,1,0
BRDA:45,3,0,0
BRDA:45,3,1,0
BRDA:49,4,0,0
BRDA:49,4,1,0
BRDA:66,5,0,0
BRDA:66,5,1,0
BRF:11
BRH:0
end_of_record
TN:
SF:src\hooks\useSwapQuote.js
FN:28,useSwapQuote
FN:49,(anonymous_1)
FNF:2
FNH:1
FNDA:8,useSwapQuote
FNDA:0,(anonymous_1)
DA:40,8
DA:50,0
DA:51,0
DA:59,0
LF:4
LH:1
BRDA:32,0,0,8
BRDA:33,1,0,8
BRDA:36,2,0,0
BRDA:50,3,0,0
BRDA:50,3,1,0
BRDA:50,4,0,0
BRDA:50,4,1,0
BRDA:50,4,2,0
BRDA:53,5,0,8
BRDA:53,5,1,6
BRDA:53,5,2,6
BRDA:62,6,0,0
BRDA:62,6,1,0
BRF:13
BRH:5
end_of_record
TN:
SF:src\hooks\useUserProfile.js
FN:6,useUserProfile
FN:10,(anonymous_1)
FN:12,(anonymous_2)
FN:22,(anonymous_3)
FN:30,(anonymous_4)
FN:36,(anonymous_5)
FN:39,(anonymous_6)
FNF:7
FNH:0
FNDA:0,useUserProfile
FNDA:0,(anonymous_1)
FNDA:0,(anonymous_2)
FNDA:0,(anonymous_3)
FNDA:0,(anonymous_4)
FNDA:0,(anonymous_5)
FNDA:0,(anonymous_6)
DA:7,0
DA:8,0
DA:10,0
DA:12,0
DA:13,0
DA:14,0
DA:15,0
DA:16,0
DA:20,0
DA:22,0
DA:23,0
DA:24,0
DA:27,0
DA:29,0
DA:31,0
DA:32,0
DA:33,0
DA:36,0
DA:39,0
DA:42,0
LF:20
LH:0
BRDA:13,0,0,0
BRDA:13,0,1,0
BRDA:23,1,0,0
BRDA:23,1,1,0
BRF:4
BRH:0
end_of_record
TN:
SF:src\hooks\useWalletBalances.js
FN:10,useWalletBalances
FN:13,(anonymous_1)
FN:17,(anonymous_2)
FNF:3
FNH:0
FNDA:0,useWalletBalances
FNDA:0,(anonymous_1)
FNDA:0,(anonymous_2)
DA:12,0
DA:13,0
DA:15,0
DA:17,0
DA:23,0
DA:24,0
DA:26,0
LF:7
LH:0
BRDA:12,0,0,0
BRDA:12,0,1,0
BRDA:13,1,0,0
BRDA:13,1,1,0
BRDA:15,2,0,0
BRDA:16,3,0,0
BRDA:16,3,1,0
BRDA:18,4,0,0
BRDA:18,4,1,0
BRDA:23,5,0,0
BRDA:23,5,1,0
BRDA:24,6,0,0
BRDA:24,6,1,0
BRDA:24,7,0,0
BRDA:24,7,1,0
BRDA:28,8,0,0
BRDA:28,8,1,0
BRDA:29,9,0,0
BRDA:29,9,1,0
BRF:19
BRH:0
end_of_record
TN:
SF:src\hooks\useWallets.js
FN:10,useWallets
FN:14,(anonymous_1)
FN:26,(anonymous_2)
FN:28,(anonymous_3)
FN:34,(anonymous_4)
FN:40,(anonymous_5)
FNF:6
FNH:0
FNDA:0,useWallets
FNDA:0,(anonymous_1)
FNDA:0,(anonymous_2)
FNDA:0,(anonymous_3)
FNDA:0,(anonymous_4)
FNDA:0,(anonymous_5)
DA:11,0
DA:12,0
DA:14,0
DA:15,0
DA:16,0
DA:17,0
DA:18,0
DA:21,0
DA:22,0
DA:24,0
DA:27,0
DA:28,0
DA:29,0
DA:31,0
DA:32,0
DA:35,0
DA:36,0
DA:40,0
DA:43,0
LF:19
LH:0
BRDA:15,0,0,0
BRDA:15,0,1,0
BRF:2
BRH:0
end_of_record
TN:
SF:src\lib\assessorService.js
FN:16,getAssessorClients
FN:28,(anonymous_1)
FN:56,isAssessorForClient
FNF:3
FNH:0
FNDA:0,getAssessorClients
FNDA:0,(anonymous_1)
FNDA:0,isAssessorForClient
DA:17,0
DA:18,0
DA:19,0
DA:22,0
DA:23,0
DA:24,0
DA:25,0
DA:27,0
DA:28,0
DA:29,0
DA:30,0
DA:31,0
DA:32,0
DA:34,0
DA:41,0
DA:43,0
DA:44,0
DA:57,0
DA:58,0
DA:59,0
DA:62,0
DA:63,0
DA:64,0
DA:66,0
DA:67,0
DA:70,0
DA:71,0
DA:72,0
DA:76,0
DA:79,0
DA:81,0
DA:82,0
LF:32
LH:0
BRDA:17,0,0,0
BRDA:17,0,1,0
BRDA:31,1,0,0
BRDA:31,1,1,0
BRDA:57,2,0,0
BRDA:57,2,1,0
BRDA:57,3,0,0
BRDA:57,3,1,0
BRDA:66,4,0,0
BRDA:66,4,1,0
BRDA:71,5,0,0
BRDA:71,5,1,0
BRF:12
BRH:0
end_of_record
TN:
SF:src\lib\benchmarkService.js
FN:40,fetchBenchmarkData
FN:53,(anonymous_1)
FN:83,calculatePerformanceMetrics
FN:94,(anonymous_3)
FN:95,(anonymous_4)
FN:103,(anonymous_5)
FN:140,calculateDailyReturns
FNF:7
FNH:0
FNDA:0,fetchBenchmarkData
FNDA:0,(anonymous_1)
FNDA:0,calculatePerformanceMetrics
FNDA:0,(anonymous_3)
FNDA:0,(anonymous_4)
FNDA:0,(anonymous_5)
FNDA:0,calculateDailyReturns
DA:12,0
DA:41,0
DA:43,0
DA:46,0
DA:47,0
DA:48,0
DA:51,0
DA:53,0
DA:55,0
DA:59,0
DA:62,0
DA:63,0
DA:85,0
DA:86,0
DA:87,0
DA:89,0
DA:90,0
DA:94,0
DA:95,0
DA:98,0
DA:101,0
DA:103,0
DA:104,0
DA:106,0
DA:109,0
DA:110,0
DA:111,0
DA:112,0
DA:113,0
DA:114,0
DA:115,0
DA:116,0
DA:120,0
DA:122,0
DA:141,0
DA:142,0
DA:143,0
DA:144,0
DA:146,0
DA:149,0
LF:40
LH:0
BRDA:40,0,0,0
BRDA:47,1,0,0
BRDA:47,1,1,0
BRDA:53,2,0,0
BRDA:53,2,1,0
BRDA:89,3,0,0
BRDA:89,3,1,0
BRDA:106,4,0,0
BRDA:106,4,1,0
BRDA:114,5,0,0
BRDA:114,5,1,0
BRDA:116,6,0,0
BRDA:116,6,1,0
BRDA:143,7,0,0
BRDA:143,7,1,0
BRF:15
BRH:0
end_of_record
TN:
SF:src\lib\cloudinary.js
FN:17,uploadAirdropImage
FN:77,deleteAirdropImage
FN:112,generateAirdropId
FNF:3
FNH:0
FNDA:0,uploadAirdropImage
FNDA:0,deleteAirdropImage
FNDA:0,generateAirdropId
DA:7,0
DA:8,0
DA:9,0
DA:18,0
DA:19,0
DA:23,0
DA:24,0
DA:27,0
DA:28,0
DA:29,0
DA:32,0
DA:34,0
DA:35,0
DA:36,0
DA:37,0
DA:38,0
DA:39,0
DA:41,0
DA:48,0
DA:53,0
DA:54,0
DA:55,0
DA:56,0
DA:59,0
DA:61,0
DA:62,0
DA:65,0
DA:66,0
DA:68,0
DA:69,0
DA:78,0
DA:80,0
DA:84,0
DA:85,0
DA:86,0
DA:87,0
DA:90,0
DA:91,0
DA:96,0
DA:102,0
DA:113,0
LF:41
LH:0
BRDA:18,0,0,0
BRDA:18,0,1,0
BRDA:18,1,0,0
BRDA:18,1,1,0
BRDA:23,2,0,0
BRDA:23,2,1,0
BRDA:28,3,0,0
BRDA:28,3,1,0
BRDA:53,4,0,0
BRDA:53,4,1,0
BRDA:56,5,0,0
BRDA:56,5,1,0
BRDA:61,6,0,0
BRDA:61,6,1,0
BRDA:78,7,0,0
BRDA:78,7,1,0
BRDA:85,8,0,0
BRDA:85,8,1,0
BRF:18
BRH:0
end_of_record
TN:
SF:src\lib\firebase.js
FNF:0
FNH:0
DA:7,0
DA:17,0
DA:20,0
DA:24,0
DA:25,0
DA:30,0
DA:35,0
LF:7
LH:0
BRF:0
BRH:0
end_of_record
TN:
SF:src\lib\portfolioSnapshots.js
FN:94,formatDate
FN:105,getTodayDate
FN:114,extractDate
FN:127,hasSnapshotForToday
FN:155,savePortfolioSnapshot
FN:213,getPortfolioSnapshots
FN:232,(anonymous_6)
FN:248,getLatestSnapshot
FN:275,formatSnapshotForChart
FNF:9
FNH:0
FNDA:0,formatDate
FNDA:0,getTodayDate
FNDA:0,extractDate
FNDA:0,hasSnapshotForToday
FNDA:0,savePortfolioSnapshot
FNDA:0,getPortfolioSnapshots
FNDA:0,(anonymous_6)
FNDA:0,getLatestSnapshot
FNDA:0,formatSnapshotForChart
DA:29,0
DA:48,0
DA:70,0
DA:95,0
DA:96,0
DA:97,0
DA:98,0
DA:106,0
DA:115,0
DA:128,0
DA:130,0
DA:131,0
DA:132,0
DA:133,0
DA:139,0
DA:140,0
DA:142,0
DA:143,0
DA:160,0
DA:161,0
DA:165,0
DA:166,0
DA:167,0
DA:168,0
DA:171,0
DA:172,0
DA:173,0
DA:174,0
DA:175,0
DA:177,0
DA:189,0
DA:197,0
DA:199,0
DA:200,0
DA:202,0
DA:203,0
DA:214,0
DA:216,0
DA:217,0
DA:218,0
DA:219,0
DA:221,0
DA:222,0
DA:229,0
DA:230,0
DA:232,0
DA:233,0
DA:236,0
DA:238,0
DA:239,0
DA:249,0
DA:251,0
DA:252,0
DA:253,0
DA:259,0
DA:260,0
DA:262,0
DA:264,0
DA:265,0
DA:276,0
LF:60
LH:0
BRDA:128,0,0,0
BRDA:128,0,1,0
BRDA:158,1,0,0
BRDA:160,2,0,0
BRDA:160,2,1,0
BRDA:160,3,0,0
BRDA:160,3,1,0
BRDA:166,4,0,0
BRDA:166,4,1,0
BRDA:183,5,0,0
BRDA:183,5,1,0
BRDA:213,6,0,0
BRDA:214,7,0,0
BRDA:214,7,1,0
BRDA:249,8,0,0
BRDA:249,8,1,0
BRDA:260,9,0,0
BRDA:260,9,1,0
BRF:18
BRH:0
end_of_record
TN:
SF:src\lib\queryClient.js
FN:16,(anonymous_0)
FNF:1
FNH:0
FNDA:0,(anonymous_0)
DA:10,0
DA:16,0
LF:2
LH:0
BRF:0
BRH:0
end_of_record
TN:
SF:src\lib\storage.js
FNF:0
FNH:0
LF:0
LH:0
BRF:0
BRH:0
end_of_record
TN:
SF:src\lib\utils.js
FN:4,(anonymous_0)
FN:14,(anonymous_1)
FN:24,(anonymous_2)
FN:28,(anonymous_3)
FN:29,(anonymous_4)
FN:30,(anonymous_5)
FNF:6
FNH:0
FNDA:0,(anonymous_0)
FNDA:0,(anonymous_1)
FNDA:0,(anonymous_2)
FNDA:0,(anonymous_3)
FNDA:0,(anonymous_4)
FNDA:0,(anonymous_5)
DA:3,0
DA:5,0
DA:6,0
DA:7,0
DA:8,0
DA:9,0
DA:11,0
DA:15,0
DA:16,0
DA:18,0
DA:23,0
DA:25,0
DA:28,0
DA:29,0
DA:30,0
LF:15
LH:0
BRDA:7,0,0,0
BRDA:7,0,1,0
BRDA:9,1,0,0
BRDA:9,1,1,0
BRDA:24,2,0,0
BRDA:25,3,0,0
BRDA:25,3,1,0
BRDA:25,4,0,0
BRDA:25,4,1,0
BRDA:28,5,0,0
BRDA:28,5,1,0
BRDA:28,6,0,0
BRDA:28,6,1,0
BRDA:29,7,0,0
BRDA:29,7,1,0
BRDA:30,8,0,0
BRDA:30,8,1,0
BRF:17
BRH:0
end_of_record
TN:
SF:src\lib\validation.js
FN:25,safeValidatePortfolioAsset
FN:30,(anonymous_1)
FN:40,validatePortfolioAsset
FN:53,safeValidateDefiPosition
FN:58,(anonymous_4)
FN:68,validateDefiPosition
FN:81,safeValidateResearch
FN:86,(anonymous_7)
FN:96,validateResearch
FN:109,safeValidateStrategy
FN:114,(anonymous_10)
FN:124,validateStrategy
FN:137,safeValidateModelPortfolio
FN:142,(anonymous_13)
FN:152,validateModelPortfolio
FN:166,batchValidate
FN:170,(anonymous_16)
FNF:17
FNH:0
FNDA:0,safeValidatePortfolioAsset
FNDA:0,(anonymous_1)
FNDA:0,validatePortfolioAsset
FNDA:0,safeValidateDefiPosition
FNDA:0,(anonymous_4)
FNDA:0,validateDefiPosition
FNDA:0,safeValidateResearch
FNDA:0,(anonymous_7)
FNDA:0,validateResearch
FNDA:0,safeValidateStrategy
FNDA:0,(anonymous_10)
FNDA:0,validateStrategy
FNDA:0,safeValidateModelPortfolio
FNDA:0,(anonymous_13)
FNDA:0,validateModelPortfolio
FNDA:0,batchValidate
FNDA:0,(anonymous_16)
DA:26,0
DA:27,0
DA:28,0
DA:30,0
DA:31,0
DA:41,0
DA:42,0
DA:44,0
DA:54,0
DA:55,0
DA:56,0
DA:58,0
DA:59,0
DA:69,0
DA:70,0
DA:72,0
DA:82,0
DA:83,0
DA:84,0
DA:86,0
DA:87,0
DA:97,0
DA:98,0
DA:100,0
DA:110,0
DA:111,0
DA:112,0
DA:114,0
DA:115,0
DA:125,0
DA:126,0
DA:128,0
DA:138,0
DA:139,0
DA:140,0
DA:142,0
DA:143,0
DA:153,0
DA:154,0
DA:156,0
DA:167,0
DA:168,0
DA:170,0
DA:171,0
DA:172,0
DA:173,0
DA:175,0
DA:179,0
LF:48
LH:0
BRDA:27,0,0,0
BRDA:27,0,1,0
BRDA:55,1,0,0
BRDA:55,1,1,0
BRDA:83,2,0,0
BRDA:83,2,1,0
BRDA:111,3,0,0
BRDA:111,3,1,0
BRDA:139,4,0,0
BRDA:139,4,1,0
BRDA:172,5,0,0
BRDA:172,5,1,0
BRF:12
BRH:0
end_of_record
TN:
SF:src\lib\web3Api.js
FN:37,isSpamToken
FN:63,lookupCoinGeckoId
FN:72,(anonymous_2)
FN:83,fetchEvmBalances
FN:150,fetchSolBalances
FN:212,fetchWalletBalances
FN:226,(anonymous_6)
FN:227,(anonymous_7)
FN:231,(anonymous_8)
FN:232,(anonymous_9)
FN:254,(anonymous_10)
FNF:11
FNH:0
FNDA:0,isSpamToken
FNDA:0,lookupCoinGeckoId
FNDA:0,(anonymous_2)
FNDA:0,fetchEvmBalances
FNDA:0,fetchSolBalances
FNDA:0,fetchWalletBalances
FNDA:0,(anonymous_6)
FNDA:0,(anonymous_7)
FNDA:0,(anonymous_8)
FNDA:0,(anonymous_9)
FNDA:0,(anonymous_10)
DA:15,0
DA:19,0
DA:20,0
DA:38,0
DA:39,0
DA:42,0
DA:45,0
DA:48,0
DA:51,0
DA:54,0
DA:56,0
DA:64,0
DA:65,0
DA:68,0
DA:69,0
DA:71,0
DA:72,0
DA:74,0
DA:76,0
DA:84,0
DA:86,0
DA:91,0
DA:92,0
DA:93,0
DA:96,0
DA:97,0
DA:100,0
DA:101,0
DA:103,0
DA:106,0
DA:107,0
DA:109,0
DA:110,0
DA:111,0
DA:112,0
DA:120,0
DA:124,0
DA:125,0
DA:126,0
DA:128,0
DA:129,0
DA:130,0
DA:132,0
DA:141,0
DA:144,0
DA:151,0
DA:154,0
DA:155,0
DA:156,0
DA:157,0
DA:158,0
DA:159,0
DA:160,0
DA:161,0
DA:165,0
DA:169,0
DA:170,0
DA:171,0
DA:174,0
DA:175,0
DA:176,0
DA:177,0
DA:178,0
DA:180,0
DA:181,0
DA:182,0
DA:184,0
DA:185,0
DA:186,0
DA:188,0
DA:195,0
DA:199,0
DA:202,0
DA:213,0
DA:214,0
DA:217,0
DA:218,0
DA:225,0
DA:226,0
DA:227,0
DA:230,0
DA:231,0
DA:232,0
DA:236,0
DA:237,0
DA:239,0
DA:240,0
DA:241,0
DA:242,0
DA:243,0
DA:244,0
DA:246,0
DA:249,0
DA:250,0
DA:254,0
DA:263,0
DA:267,0
DA:269,0
DA:270,0
LF:99
LH:0
BRDA:15,0,0,0
BRDA:15,0,1,0
BRDA:15,1,0,0
BRDA:15,1,1,0
BRDA:38,2,0,0
BRDA:38,2,1,0
BRDA:39,3,0,0
BRDA:39,3,1,0
BRDA:42,4,0,0
BRDA:42,4,1,0
BRDA:45,5,0,0
BRDA:45,5,1,0
BRDA:45,6,0,0
BRDA:45,6,1,0
BRDA:45,6,2,0
BRDA:48,7,0,0
BRDA:48,7,1,0
BRDA:51,8,0,0
BRDA:51,8,1,0
BRDA:54,9,0,0
BRDA:54,9,1,0
BRDA:68,10,0,0
BRDA:68,10,1,0
BRDA:74,11,0,0
BRDA:74,11,1,0
BRDA:83,12,0,0
BRDA:91,13,0,0
BRDA:91,13,1,0
BRDA:91,14,0,0
BRDA:91,14,1,0
BRDA:92,15,0,0
BRDA:92,15,1,0
BRDA:109,16,0,0
BRDA:109,16,1,0
BRDA:111,17,0,0
BRDA:111,17,1,0
BRDA:113,18,0,0
BRDA:113,18,1,0
BRDA:114,19,0,0
BRDA:114,19,1,0
BRDA:124,20,0,0
BRDA:124,20,1,0
BRDA:126,21,0,0
BRDA:126,21,1,0
BRDA:128,22,0,0
BRDA:128,22,1,0
BRDA:130,23,0,0
BRDA:130,23,1,0
BRDA:133,24,0,0
BRDA:133,24,1,0
BRDA:134,25,0,0
BRDA:134,25,1,0
BRDA:134,25,2,0
BRDA:157,26,0,0
BRDA:157,26,1,0
BRDA:160,27,0,0
BRDA:160,27,1,0
BRDA:161,28,0,0
BRDA:161,28,1,0
BRDA:161,28,2,0
BRDA:170,29,0,0
BRDA:170,29,1,0
BRDA:176,30,0,0
BRDA:176,30,1,0
BRDA:180,31,0,0
BRDA:180,31,1,0
BRDA:182,32,0,0
BRDA:182,32,1,0
BRDA:184,33,0,0
BRDA:184,33,1,0
BRDA:186,34,0,0
BRDA:186,34,1,0
BRDA:189,35,0,0
BRDA:189,35,1,0
BRDA:190,36,0,0
BRDA:190,36,1,0
BRDA:190,36,2,0
BRDA:213,37,0,0
BRDA:213,37,1,0
BRDA:213,38,0,0
BRDA:213,38,1,0
BRDA:217,39,0,0
BRDA:217,39,1,0
BRDA:231,40,0,0
BRDA:231,40,1,0
BRDA:240,41,0,0
BRDA:240,41,1,0
BRDA:243,42,0,0
BRDA:243,42,1,0
BRDA:263,43,0,0
BRDA:263,43,1,0
BRF:91
BRH:0
end_of_record
TN:
SF:src\pages\AdminPanel.jsx
FN:6,(anonymous_0)
FN:7,(anonymous_1)
FN:8,(anonymous_2)
FN:9,(anonymous_3)
FN:19,TabLoading
FN:39,AdminPanel
FN:43,(anonymous_6)
FN:45,(anonymous_7)
FN:69,(anonymous_8)
FN:72,(anonymous_9)
FNF:10
FNH:0
FNDA:0,(anonymous_0)
FNDA:0,(anonymous_1)
FNDA:0,(anonymous_2)
FNDA:0,(anonymous_3)
FNDA:0,TabLoading
FNDA:0,AdminPanel
FNDA:0,(anonymous_6)
FNDA:0,(anonymous_7)
FNDA:0,(anonymous_8)
FNDA:0,(anonymous_9)
DA:6,0
DA:7,0
DA:8,0
DA:9,0
DA:11,0
DA:20,0
DA:40,0
DA:41,0
DA:43,0
DA:44,0
DA:45,0
DA:48,0
DA:70,0
DA:72,0
LF:14
LH:0
BRDA:60,0,0,0
BRDA:60,0,1,0
BRDA:74,1,0,0
BRDA:74,1,1,0
BRDA:87,2,0,0
BRDA:87,2,1,0
BRDA:88,3,0,0
BRDA:88,3,1,0
BRDA:89,4,0,0
BRDA:89,4,1,0
BRDA:90,5,0,0
BRDA:90,5,1,0
BRF:12
BRH:0
end_of_record
TN:
SF:src\pages\AiCopilot.jsx
FN:13,(anonymous_0)
FN:15,(anonymous_1)
FN:39,AiCopilot
FNF:3
FNH:0
FNDA:0,(anonymous_0)
FNDA:0,(anonymous_1)
FNDA:0,AiCopilot
DA:13,0
DA:14,0
DA:16,0
DA:40,0
LF:4
LH:0
BRF:0
BRH:0
end_of_record
TN:
SF:src\pages\AirdropDetail.jsx
FN:12,(anonymous_0)
FN:31,(anonymous_1)
FN:41,(anonymous_2)
FN:51,(anonymous_3)
FN:59,(anonymous_4)
FN:64,(anonymous_5)
FN:67,(anonymous_6)
FN:67,(anonymous_7)
FN:76,(anonymous_8)
FN:80,(anonymous_9)
FN:85,(anonymous_10)
FN:102,(anonymous_11)
FN:103,(anonymous_12)
FN:106,(anonymous_13)
FN:108,(anonymous_14)
FN:118,(anonymous_15)
FN:121,(anonymous_16)
FN:200,(anonymous_17)
FN:202,(anonymous_18)
FN:208,(anonymous_19)
FN:237,(anonymous_20)
FN:250,(anonymous_21)
FN:268,(anonymous_22)
FN:326,(anonymous_23)
FNF:24
FNH:0
FNDA:0,(anonymous_0)
FNDA:0,(anonymous_1)
FNDA:0,(anonymous_2)
FNDA:0,(anonymous_3)
FNDA:0,(anonymous_4)
FNDA:0,(anonymous_5)
FNDA:0,(anonymous_6)
FNDA:0,(anonymous_7)
FNDA:0,(anonymous_8)
FNDA:0,(anonymous_9)
FNDA:0,(anonymous_10)
FNDA:0,(anonymous_11)
FNDA:0,(anonymous_12)
FNDA:0,(anonymous_13)
FNDA:0,(anonymous_14)
FNDA:0,(anonymous_15)
FNDA:0,(anonymous_16)
FNDA:0,(anonymous_17)
FNDA:0,(anonymous_18)
FNDA:0,(anonymous_19)
FNDA:0,(anonymous_20)
FNDA:0,(anonymous_21)
FNDA:0,(anonymous_22)
FNDA:0,(anonymous_23)
DA:12,0
DA:13,0
DA:31,0
DA:33,0
DA:34,0
DA:36,0
DA:37,0
DA:38,0
DA:41,0
DA:42,0
DA:43,0
DA:44,0
DA:47,0
DA:49,0
DA:51,0
DA:52,0
DA:53,0
DA:54,0
DA:56,0
DA:58,0
DA:60,0
DA:61,0
DA:64,0
DA:67,0
DA:70,0
DA:72,0
DA:73,0
DA:76,0
DA:77,0
DA:80,0
DA:81,0
DA:84,0
DA:85,0
DA:88,0
DA:91,0
DA:92,0
DA:93,0
DA:98,0
DA:102,0
DA:103,0
DA:106,0
DA:107,0
DA:108,0
DA:109,0
DA:115,0
DA:117,0
DA:118,0
DA:121,0
DA:122,0
DA:123,0
DA:124,0
DA:125,0
DA:126,0
DA:127,0
DA:133,0
DA:201,0
DA:202,0
DA:203,0
DA:205,0
DA:208,0
DA:238,0
DA:239,0
DA:251,0
DA:268,0
DA:326,0
DA:327,0
DA:328,0
LF:67
LH:0
BRDA:42,0,0,0
BRDA:42,0,1,0
BRDA:42,1,0,0
BRDA:42,1,1,0
BRDA:52,2,0,0
BRDA:52,2,1,0
BRDA:54,3,0,0
BRDA:54,3,1,0
BRDA:70,4,0,0
BRDA:70,4,1,0
BRDA:70,4,2,0
BRDA:72,5,0,0
BRDA:72,5,1,0
BRDA:72,6,0,0
BRDA:72,6,1,0
BRDA:77,7,0,0
BRDA:77,7,1,0
BRDA:81,8,0,0
BRDA:81,8,1,0
BRDA:84,9,0,0
BRDA:84,9,1,0
BRDA:103,10,0,0
BRDA:103,10,1,0
BRDA:108,11,0,0
BRDA:108,11,1,0
BRDA:158,12,0,0
BRDA:158,12,1,0
BRDA:163,13,0,0
BRDA:163,13,1,0
BRDA:174,14,0,0
BRDA:174,14,1,0
BRDA:179,15,0,0
BRDA:179,15,1,0
BRDA:180,16,0,0
BRDA:180,16,1,0
BRDA:194,17,0,0
BRDA:194,17,1,0
BRDA:203,18,0,0
BRDA:203,18,1,0
BRDA:213,19,0,0
BRDA:213,19,1,0
BRDA:214,20,0,0
BRDA:214,20,1,0
BRDA:214,21,0,0
BRDA:214,21,1,0
BRDA:216,22,0,0
BRDA:216,22,1,0
BRDA:216,23,0,0
BRDA:216,23,1,0
BRDA:218,24,0,0
BRDA:218,24,1,0
BRDA:224,25,0,0
BRDA:224,25,1,0
BRDA:228,26,0,0
BRDA:228,26,1,0
BRDA:232,27,0,0
BRDA:232,27,1,0
BRDA:242,28,0,0
BRDA:242,28,1,0
BRDA:246,29,0,0
BRDA:246,29,1,0
BRDA:248,30,0,0
BRDA:248,30,1,0
BRDA:266,31,0,0
BRDA:266,31,1,0
BRDA:270,32,0,0
BRDA:270,32,1,0
BRDA:274,33,0,0
BRDA:274,33,1,0
BRDA:274,34,0,0
BRDA:274,34,1,0
BRDA:276,35,0,0
BRDA:276,35,1,0
BRDA:295,36,0,0
BRDA:295,36,1,0
BRDA:326,37,0,0
BRDA:327,38,0,0
BRDA:327,38,1,0
BRF:78
BRH:0
end_of_record
TN:
SF:src\pages\AirdropHub.jsx
FN:6,(anonymous_0)
FN:11,(anonymous_1)
FN:16,(anonymous_2)
FN:18,(anonymous_3)
FN:25,(anonymous_4)
FN:29,(anonymous_5)
FN:36,(anonymous_6)
FN:71,(anonymous_7)
FN:74,(anonymous_8)
FNF:9
FNH:0
FNDA:0,(anonymous_0)
FNDA:0,(anonymous_1)
FNDA:0,(anonymous_2)
FNDA:0,(anonymous_3)
FNDA:0,(anonymous_4)
FNDA:0,(anonymous_5)
FNDA:0,(anonymous_6)
FNDA:0,(anonymous_7)
FNDA:0,(anonymous_8)
DA:6,0
DA:7,0
DA:8,0
DA:9,0
DA:11,0
DA:13,0
DA:14,0
DA:17,0
DA:18,0
DA:19,0
DA:25,0
DA:26,0
DA:27,0
DA:30,0
DA:31,0
DA:32,0
DA:36,0
DA:39,0
DA:40,0
DA:50,0
DA:51,0
DA:58,0
DA:72,0
DA:74,0
LF:24
LH:0
BRDA:39,0,0,0
BRDA:39,0,1,0
BRDA:50,1,0,0
BRDA:50,1,1,0
BRDA:65,2,0,0
BRDA:65,2,1,0
BRDA:78,3,0,0
BRDA:78,3,1,0
BRF:8
BRH:0
end_of_record
TN:
SF:src\pages\AssessorDashboard.jsx
FN:21,AccessDenied
FN:50,ClientListSection
FN:57,(anonymous_2)
FN:90,(anonymous_3)
FN:116,ClientDetailSection
FN:176,AssessorDashboard
FN:187,(anonymous_6)
FN:197,(anonymous_7)
FN:200,(anonymous_8)
FN:203,(anonymous_9)
FN:207,(anonymous_10)
FN:213,(anonymous_11)
FN:217,(anonymous_12)
FN:224,(anonymous_13)
FN:224,(anonymous_14)
FN:228,(anonymous_15)
FN:232,(anonymous_16)
FN:236,(anonymous_17)
FNF:18
FNH:0
FNDA:0,AccessDenied
FNDA:0,ClientListSection
FNDA:0,(anonymous_2)
FNDA:0,(anonymous_3)
FNDA:0,ClientDetailSection
FNDA:0,AssessorDashboard
FNDA:0,(anonymous_6)
FNDA:0,(anonymous_7)
FNDA:0,(anonymous_8)
FNDA:0,(anonymous_9)
FNDA:0,(anonymous_10)
FNDA:0,(anonymous_11)
FNDA:0,(anonymous_12)
FNDA:0,(anonymous_13)
FNDA:0,(anonymous_14)
FNDA:0,(anonymous_15)
FNDA:0,(anonymous_16)
FNDA:0,(anonymous_17)
DA:21,0
DA:22,0
DA:50,0
DA:56,0
DA:58,0
DA:63,0
DA:91,0
DA:116,0
DA:117,0
DA:177,0
DA:179,0
DA:180,0
DA:181,0
DA:182,0
DA:184,0
DA:187,0
DA:188,0
DA:190,0
DA:191,0
DA:193,0
DA:195,0
DA:196,0
DA:198,0
DA:201,0
DA:204,0
DA:207,0
DA:208,0
DA:213,0
DA:214,0
DA:215,0
DA:216,0
DA:218,0
DA:223,0
DA:224,0
DA:228,0
DA:229,0
DA:232,0
DA:233,0
DA:236,0
DA:237,0
DA:241,0
DA:242,0
DA:250,0
DA:251,0
DA:255,0
LF:45
LH:0
BRDA:78,0,0,0
BRDA:78,0,1,0
BRDA:82,1,0,0
BRDA:82,1,1,0
BRDA:133,2,0,0
BRDA:133,2,1,0
BRDA:133,2,2,0
BRDA:139,3,0,0
BRDA:139,3,1,0
BRDA:142,4,0,0
BRDA:142,4,1,0
BRDA:184,5,0,0
BRDA:184,5,1,0
BRDA:188,6,0,0
BRDA:188,6,1,0
BRDA:188,7,0,0
BRDA:188,7,1,0
BRDA:191,8,0,0
BRDA:191,8,1,0
BRDA:198,9,0,0
BRDA:198,9,1,0
BRDA:204,10,0,0
BRDA:204,10,1,0
BRDA:214,11,0,0
BRDA:214,11,1,0
BRDA:218,12,0,0
BRDA:218,12,1,0
BRDA:218,12,2,0
BRDA:224,13,0,0
BRDA:224,13,1,0
BRDA:241,14,0,0
BRDA:241,14,1,0
BRDA:250,15,0,0
BRDA:250,15,1,0
BRDA:269,16,0,0
BRDA:269,16,1,0
BRDA:273,17,0,0
BRDA:273,17,1,0
BRF:38
BRH:0
end_of_record
TN:
SF:src\pages\Auth.jsx
FN:7,Auth
FN:14,(anonymous_1)
FN:96,(anonymous_2)
FN:115,(anonymous_3)
FN:151,(anonymous_4)
FNF:5
FNH:0
FNDA:0,Auth
FNDA:0,(anonymous_1)
FNDA:0,(anonymous_2)
FNDA:0,(anonymous_3)
FNDA:0,(anonymous_4)
DA:8,0
DA:9,0
DA:10,0
DA:11,0
DA:12,0
DA:14,0
DA:15,0
DA:16,0
DA:17,0
DA:19,0
DA:20,0
DA:21,0
DA:23,0
DA:24,0
DA:27,0
DA:35,0
DA:36,0
DA:37,0
DA:38,0
DA:39,0
DA:40,0
DA:41,0
DA:42,0
DA:43,0
DA:44,0
DA:45,0
DA:48,0
DA:51,0
DA:55,0
DA:96,0
DA:115,0
DA:152,0
DA:153,0
LF:33
LH:0
BRDA:20,0,0,0
BRDA:20,0,1,0
BRDA:36,1,0,0
BRDA:36,1,1,0
BRDA:38,2,0,0
BRDA:38,2,1,0
BRDA:40,3,0,0
BRDA:40,3,1,0
BRDA:42,4,0,0
BRDA:42,4,1,0
BRDA:44,5,0,0
BRDA:44,5,1,0
BRDA:69,6,0,0
BRDA:69,6,1,0
BRDA:76,7,0,0
BRDA:76,7,1,0
BRDA:127,8,0,0
BRDA:127,8,1,0
BRDA:129,9,0,0
BRDA:129,9,1,0
BRDA:157,10,0,0
BRDA:157,10,1,0
BRF:22
BRH:0
end_of_record
TN:
SF:src\pages\Dashboard.jsx
FN:25,DashboardContent
FN:29,(anonymous_1)
FN:121,Dashboard
FNF:3
FNH:0
FNDA:0,DashboardContent
FNDA:0,(anonymous_1)
[...]
BRDA:121,21,0,0
BRDA:121,21,1,0
BRDA:122,22,0,0
BRDA:122,22,1,0
BRDA:123,23,0,0
BRDA:123,23,1,0
BRDA:123,24,0,0
BRDA:123,24,1,0
BRDA:128,25,0,0
BRDA:128,25,1,0
BRDA:158,26,0,0
BRDA:158,26,1,0
BRDA:167,27,0,0
BRDA:167,27,1,0
BRDA:167,28,0,0
BRDA:167,28,1,0
BRDA:173,29,0,0
BRDA:173,29,1,0
BRDA:180,30,0,0
BRDA:180,30,1,0
BRDA:185,31,0,0
BRDA:185,31,1,0
BRDA:190,32,0,0
BRDA:190,32,1,0
BRDA:194,33,0,0
BRDA:194,33,1,0
BRDA:199,34,0,0
BRDA:199,34,1,0
BRDA:206,35,0,0
BRDA:206,35,1,0
BRDA:211,36,0,0
BRDA:211,36,1,0
BRDA:216,37,0,0
BRDA:216,37,1,0
BRDA:225,38,0,0
BRDA:225,38,1,0
BRDA:281,39,0,0
BRDA:281,39,1,0
BRDA:282,40,0,0
BRDA:282,40,1,0
BRDA:293,41,0,0
BRDA:293,41,1,0
BRDA:293,42,0,0
BRDA:293,42,1,0
BRDA:297,43,0,0
BRDA:297,43,1,0
BRDA:298,44,0,0
BRDA:298,44,1,0
BRDA:300,45,0,0
BRDA:300,45,1,0
BRDA:305,46,0,0
BRDA:305,46,1,0
BRDA:336,47,0,0
BRDA:336,47,1,0
BRDA:346,48,0,0
BRDA:346,48,1,0
BRF:99
BRH:0
end_of_record
TN:
SF:src\pages\UniswapCalc.jsx
FN:51,(anonymous_0)
FN:58,(anonymous_1)
FN:59,(anonymous_2)
FN:60,(anonymous_3)
FN:75,(anonymous_4)
FN:114,(anonymous_5)
FN:124,UniswapCalc
FN:156,(anonymous_7)
FN:157,(anonymous_8)
FN:166,(anonymous_9)
FN:167,(anonymous_10)
FN:194,(anonymous_11)
FN:203,(anonymous_12)
FN:217,(anonymous_13)
FN:224,(anonymous_14)
FN:225,(anonymous_15)
FN:250,(anonymous_16)
FN:251,(anonymous_17)
FN:263,(anonymous_18)
FN:288,(anonymous_19)
FN:297,(anonymous_20)
FN:305,(anonymous_21)
FN:317,(anonymous_22)
FN:346,(anonymous_23)
FN:424,(anonymous_24)
FN:424,(anonymous_25)
FN:429,(anonymous_26)
FN:431,(anonymous_27)
FN:465,(anonymous_28)
FN:513,(anonymous_29)
FN:520,(anonymous_30)
FN:588,(anonymous_31)
FN:602,(anonymous_32)
FN:617,(anonymous_33)
FN:623,(anonymous_34)
FN:625,(anonymous_35)
FN:626,(anonymous_36)
FN:646,(anonymous_37)
FN:647,(anonymous_38)
FN:652,(anonymous_39)
FN:653,(anonymous_40)
FN:664,(anonymous_41)
FN:768,(anonymous_42)
FN:769,(anonymous_43)
FN:772,(anonymous_44)
FN:773,(anonymous_45)
FNF:46
FNH:0
FNDA:0,(anonymous_0)
FNDA:0,(anonymous_1)
FNDA:0,(anonymous_2)
FNDA:0,(anonymous_3)
FNDA:0,(anonymous_4)
FNDA:0,(anonymous_5)
FNDA:0,UniswapCalc
FNDA:0,(anonymous_7)
FNDA:0,(anonymous_8)
FNDA:0,(anonymous_9)
FNDA:0,(anonymous_10)
FNDA:0,(anonymous_11)
FNDA:0,(anonymous_12)
FNDA:0,(anonymous_13)
FNDA:0,(anonymous_14)
FNDA:0,(anonymous_15)
FNDA:0,(anonymous_16)
FNDA:0,(anonymous_17)
FNDA:0,(anonymous_18)
FNDA:0,(anonymous_19)
FNDA:0,(anonymous_20)
FNDA:0,(anonymous_21)
FNDA:0,(anonymous_22)
FNDA:0,(anonymous_23)
FNDA:0,(anonymous_24)
FNDA:0,(anonymous_25)
FNDA:0,(anonymous_26)
FNDA:0,(anonymous_27)
FNDA:0,(anonymous_28)
FNDA:0,(anonymous_29)
FNDA:0,(anonymous_30)
FNDA:0,(anonymous_31)
FNDA:0,(anonymous_32)
FNDA:0,(anonymous_33)
FNDA:0,(anonymous_34)
FNDA:0,(anonymous_35)
FNDA:0,(anonymous_36)
FNDA:0,(anonymous_37)
FNDA:0,(anonymous_38)
FNDA:0,(anonymous_39)
FNDA:0,(anonymous_40)
FNDA:0,(anonymous_41)
FNDA:0,(anonymous_42)
FNDA:0,(anonymous_43)
FNDA:0,(anonymous_44)
FNDA:0,(anonymous_45)
DA:10,0
DA:33,0
DA:40,0
DA:51,0
DA:52,0
DA:53,0
DA:58,0
DA:59,0
DA:60,0
DA:75,0
DA:76,0
DA:77,0
DA:78,0
DA:107,0
DA:114,0
DA:115,0
DA:126,0
DA:127,0
DA:128,0
DA:129,0
DA:130,0
DA:131,0
DA:132,0
DA:133,0
DA:134,0
DA:135,0
DA:136,0
DA:137,0
DA:138,0
DA:139,0
DA:140,0
DA:143,0
DA:144,0
DA:145,0
DA:146,0
DA:147,0
DA:150,0
DA:151,0
DA:152,0
DA:153,0
DA:156,0
DA:157,0
DA:158,0
DA:159,0
DA:162,0
DA:163,0
DA:164,0
DA:165,0
DA:166,0
DA:167,0
DA:176,0
DA:177,0
DA:178,0
DA:179,0
DA:180,0
DA:184,0
DA:185,0
DA:186,0
DA:188,0
DA:191,0
DA:194,0
DA:195,0
DA:196,0
DA:197,0
DA:198,0
DA:199,0
DA:203,0
DA:204,0
DA:205,0
DA:208,0
DA:210,0
DA:211,0
DA:212,0
DA:215,0
DA:216,0
DA:217,0
DA:218,0
DA:220,0
DA:221,0
DA:222,0
DA:224,0
DA:225,0
DA:226,0
DA:227,0
DA:229,0
DA:230,0
DA:231,0
DA:232,0
DA:233,0
DA:235,0
DA:237,0
DA:242,0
DA:243,0
DA:244,0
DA:245,0
DA:246,0
DA:247,0
DA:250,0
DA:251,0
DA:252,0
DA:253,0
DA:254,0
DA:255,0
DA:256,0
DA:257,0
DA:258,0
DA:259,0
DA:263,0
DA:264,0
DA:265,0
DA:266,0
DA:267,0
DA:270,0
DA:271,0
DA:272,0
DA:273,0
DA:274,0
DA:276,0
DA:279,0
DA:280,0
DA:281,0
DA:283,0
DA:288,0
DA:289,0
DA:290,0
DA:291,0
DA:292,0
DA:294,0
DA:296,0
DA:297,0
DA:298,0
DA:305,0
DA:306,0
DA:307,0
DA:308,0
DA:309,0
DA:310,0
DA:311,0
DA:312,0
DA:317,0
DA:318,0
DA:321,0
DA:322,0
DA:323,0
DA:324,0
DA:325,0
DA:326,0
DA:327,0
DA:329,0
DA:332,0
DA:333,0
DA:334,0
DA:335,0
DA:336,0
DA:337,0
DA:338,0
DA:339,0
DA:341,0
DA:342,0
DA:343,0
DA:344,0
DA:346,0
DA:347,0
DA:348,0
DA:349,0
DA:351,0
DA:352,0
DA:353,0
DA:357,0
DA:358,0
DA:360,0
DA:361,0
DA:362,0
DA:363,0
DA:365,0
DA:366,0
DA:367,0
DA:370,0
DA:371,0
DA:372,0
DA:373,0
DA:374,0
DA:375,0
DA:376,0
DA:379,0
DA:380,0
DA:381,0
DA:382,0
DA:383,0
DA:384,0
DA:385,0
DA:386,0
DA:387,0
DA:388,0
DA:389,0
DA:390,0
DA:391,0
DA:392,0
DA:393,0
DA:395,0
DA:396,0
DA:397,0
DA:398,0
DA:399,0
DA:400,0
DA:401,0
DA:402,0
DA:403,0
DA:404,0
DA:413,0
DA:424,0
DA:425,0
DA:426,0
DA:429,0
DA:431,0
DA:432,0
DA:433,0
DA:434,0
DA:435,0
DA:437,0
DA:449,0
DA:450,0
DA:451,0
DA:452,0
DA:454,0
DA:464,0
DA:465,0
DA:467,0
DA:468,0
DA:470,0
DA:475,0
DA:476,0
DA:486,0
DA:513,0
DA:520,0
DA:588,0
DA:602,0
DA:617,0
DA:623,0
DA:626,0
DA:647,0
DA:652,0
DA:653,0
DA:664,0
DA:768,0
DA:769,0
DA:772,0
DA:773,0
LF:248
LH:0
BRDA:64,0,0,0
BRDA:64,0,1,0
BRDA:77,1,0,0
BRDA:77,1,1,0
BRDA:84,2,0,0
BRDA:84,2,1,0
BRDA:98,3,0,0
BRDA:98,3,1,0
BRDA:99,4,0,0
BRDA:99,4,1,0
BRDA:99,5,0,0
BRDA:99,5,1,0
BRDA:114,6,0,0
BRDA:119,7,0,0
BRDA:119,7,1,0
BRDA:120,8,0,0
BRDA:120,8,1,0
BRDA:162,9,0,0
BRDA:162,9,1,0
BRDA:166,10,0,0
BRDA:166,10,1,0
BRDA:176,11,0,0
BRDA:176,11,1,0
BRDA:178,12,0,0
BRDA:178,12,1,0
BRDA:179,13,0,0
BRDA:179,13,1,0
BRDA:179,14,0,0
BRDA:179,14,1,0
BRDA:186,15,0,0
BRDA:186,15,1,0
BRDA:195,16,0,0
BRDA:195,16,1,0
BRDA:196,17,0,0
BRDA:196,17,1,0
BRDA:197,18,0,0
BRDA:197,18,1,0
BRDA:198,19,0,0
BRDA:198,19,1,0
BRDA:203,20,0,0
BRDA:215,21,0,0
BRDA:215,21,1,0
BRDA:218,22,0,0
BRDA:218,22,1,0
BRDA:218,23,0,0
BRDA:218,23,1,0
BRDA:252,24,0,0
BRDA:252,24,1,0
BRDA:254,25,0,0
BRDA:254,25,1,0
BRDA:256,26,0,0
BRDA:256,26,1,0
BRDA:258,27,0,0
BRDA:258,27,1,0
BRDA:259,28,0,0
BRDA:259,28,1,0
BRDA:270,29,0,0
BRDA:270,29,1,0
BRDA:273,30,0,0
BRDA:273,30,1,0
BRDA:281,31,0,0
BRDA:281,31,1,0
BRDA:289,32,0,0
BRDA:289,32,1,0
BRDA:290,33,0,0
BRDA:290,33,1,0
BRDA:296,34,0,0
BRDA:296,34,1,0
BRDA:298,35,0,0
BRDA:298,35,1,0
BRDA:306,36,0,0
BRDA:306,36,1,0
BRDA:306,37,0,0
BRDA:306,37,1,0
BRDA:318,38,0,0
BRDA:318,38,1,0
BRDA:318,39,0,0
BRDA:318,39,1,0
BRDA:318,39,2,0
BRDA:318,39,3,0
BRDA:322,40,0,0
BRDA:322,40,1,0
BRDA:323,41,0,0
BRDA:323,41,1,0
BRDA:323,42,0,0
BRDA:323,42,1,0
BRDA:337,43,0,0
BRDA:337,43,1,0
BRDA:341,44,0,0
BRDA:341,44,1,0
BRDA:348,45,0,0
BRDA:348,45,1,0
BRDA:349,46,0,0
BRDA:349,46,1,0
BRDA:360,47,0,0
BRDA:360,47,1,0
BRDA:373,48,0,0
BRDA:373,48,1,0
BRDA:409,49,0,0
BRDA:409,49,1,0
BRDA:432,50,0,0
BRDA:432,50,1,0
BRDA:432,51,0,0
BRDA:432,51,1,0
BRDA:432,51,2,0
BRDA:432,51,3,0
BRDA:441,52,0,0
BRDA:441,52,1,0
BRDA:442,53,0,0
BRDA:442,53,1,0
BRDA:443,54,0,0
BRDA:443,54,1,0
BRDA:445,55,0,0
BRDA:445,55,1,0
BRDA:475,56,0,0
BRDA:475,56,1,0
BRDA:475,57,0,0
BRDA:475,57,1,0
BRDA:515,58,0,0
BRDA:515,58,1,0
BRDA:522,59,0,0
BRDA:522,59,1,0
BRDA:530,60,0,0
BRDA:530,60,1,0
BRDA:530,60,2,0
BRDA:532,61,0,0
BRDA:532,61,1,0
BRDA:536,62,0,0
BRDA:536,62,1,0
BRDA:538,63,0,0
BRDA:538,63,1,0
BRDA:541,64,0,0
BRDA:541,64,1,0
BRDA:542,65,0,0
BRDA:542,65,1,0
BRDA:545,66,0,0
BRDA:545,66,1,0
BRDA:558,67,0,0
BRDA:558,67,1,0
BRDA:575,68,0,0
BRDA:575,68,1,0
BRDA:597,69,0,0
BRDA:597,69,1,0
BRDA:626,70,0,0
BRDA:626,70,1,0
BRDA:637,71,0,0
BRDA:637,71,1,0
BRDA:639,72,0,0
BRDA:639,72,1,0
BRDA:641,73,0,0
BRDA:641,73,1,0
BRDA:647,74,0,0
BRDA:647,74,1,0
BRDA:673,75,0,0
BRDA:673,75,1,0
BRDA:679,76,0,0
BRDA:679,76,1,0
BRDA:702,77,0,0
BRDA:702,77,1,0
BRDA:738,78,0,0
BRDA:738,78,1,0
BRDA:742,79,0,0
BRDA:742,79,1,0
BRDA:748,80,0,0
BRDA:748,80,1,0
BRDA:772,81,0,0
BRDA:772,81,1,0
BRDA:792,82,0,0
BRDA:792,82,1,0
BRDA:793,83,0,0
BRDA:793,83,1,0
BRDA:793,84,0,0
BRDA:793,84,1,0
BRDA:794,85,0,0
BRDA:794,85,1,0
BRF:175
BRH:0
end_of_record
TN:
SF:src\pages\Wallets.jsx
FN:8,Wallets
FN:26,(anonymous_1)
FN:31,(anonymous_2)
FN:38,(anonymous_3)
FN:77,(anonymous_4)
FN:82,(anonymous_5)
FN:88,(anonymous_6)
FN:103,(anonymous_7)
FN:108,(anonymous_8)
FN:213,(anonymous_9)
FN:238,(anonymous_10)
FN:278,(anonymous_11)
FN:278,(anonymous_12)
FN:289,(anonymous_13)
FN:290,(anonymous_14)
FN:305,(anonymous_15)
FN:305,(anonymous_16)
FNF:17
FNH:0
FNDA:0,Wallets
FNDA:0,(anonymous_1)
FNDA:0,(anonymous_2)
FNDA:0,(anonymous_3)
FNDA:0,(anonymous_4)
FNDA:0,(anonymous_5)
FNDA:0,(anonymous_6)
FNDA:0,(anonymous_7)
FNDA:0,(anonymous_8)
FNDA:0,(anonymous_9)
FNDA:0,(anonymous_10)
FNDA:0,(anonymous_11)
FNDA:0,(anonymous_12)
FNDA:0,(anonymous_13)
FNDA:0,(anonymous_14)
FNDA:0,(anonymous_15)
FNDA:0,(anonymous_16)
DA:9,0
DA:11,0
DA:12,0
DA:17,0
DA:18,0
DA:20,0
DA:21,0
DA:22,0
DA:24,0
DA:26,0
DA:27,0
DA:28,0
DA:31,0
DA:32,0
DA:33,0
DA:34,0
DA:35,0
DA:38,0
DA:39,0
DA:40,0
DA:42,0
DA:43,0
DA:44,0
DA:47,0
DA:48,0
DA:49,0
DA:50,0
DA:53,0
DA:54,0
DA:55,0
DA:56,0
DA:58,0
DA:60,0
DA:68,0
DA:70,0
DA:71,0
DA:73,0
DA:77,0
DA:78,0
DA:79,0
DA:82,0
DA:83,0
DA:84,0
DA:85,0
DA:88,0
DA:89,0
DA:91,0
DA:92,0
DA:93,0
DA:94,0
DA:95,0
DA:97,0
DA:99,0
DA:103,0
DA:104,0
DA:105,0
DA:108,0
DA:109,0
DA:110,0
DA:113,0
DA:214,0
DA:238,0
DA:278,0
DA:290,0
DA:305,0
LF:65
LH:0
BRDA:32,0,0,0
BRDA:32,0,1,0
BRDA:42,1,0,0
BRDA:42,1,1,0
BRDA:48,2,0,0
BRDA:48,2,1,0
BRDA:63,3,0,0
BRDA:63,3,1,0
BRDA:83,4,0,0
BRDA:83,4,1,0
BRDA:89,5,0,0
BRDA:89,5,1,0
BRDA:89,6,0,0
BRDA:89,6,1,0
BRDA:104,7,0,0
BRDA:104,7,1,0
BRDA:109,8,0,0
BRDA:109,8,1,0
BRDA:109,9,0,0
BRDA:109,9,1,0
BRDA:126,10,0,0
BRDA:126,10,1,0
BRDA:131,11,0,0
BRDA:131,11,1,0
BRDA:133,12,0,0
BRDA:133,12,1,0
BRDA:135,13,0,0
BRDA:135,13,1,0
BRDA:169,14,0,0
BRDA:169,14,1,0
BRDA:202,15,0,0
BRDA:202,15,1,0
BRDA:220,16,0,0
BRDA:220,16,1,0
BRDA:228,17,0,0
BRDA:228,17,1,0
BRDA:256,18,0,0
BRDA:256,18,1,0
BRDA:265,19,0,0
BRDA:265,19,1,0
BRDA:325,20,0,0
BRDA:325,20,1,0
BRDA:333,21,0,0
BRDA:333,21,1,0
BRDA:333,21,2,0
BRDA:359,22,0,0
BRDA:359,22,1,0
BRF:47
BRH:0
end_of_record
TN:
SF:src\pages\portfolioReducer.js
FN:76,portfolioReducer
FNF:1
FNH:1
FNDA:16,portfolioReducer
DA:19,1
DA:39,1
DA:77,16
DA:80,2
DA:93,1
DA:94,1
DA:108,1
DA:117,4
DA:126,1
DA:132,1
DA:139,1
DA:148,1
DA:157,1
DA:164,1
DA:167,1
DA:170,1
LF:16
LH:16
BRDA:77,0,0,2
BRDA:77,0,1,1
BRDA:77,0,2,1
BRDA:77,0,3,4
BRDA:77,0,4,1
BRDA:77,0,5,1
BRDA:77,0,6,1
BRDA:77,0,7,1
BRDA:77,0,8,1
BRDA:77,0,9,1
BRDA:77,0,10,1
BRDA:77,0,11,1
BRF:12
BRH:12
end_of_record
TN:
SF:src\schemas\aiService.schema.js
FNF:0
FNH:0
DA:11,1
DA:32,1
DA:49,1
DA:67,1
DA:80,1
LF:5
LH:5
BRF:0
BRH:0
end_of_record
TN:
SF:src\schemas\defiPosition.schema.js
FN:72,validateDefiPosition
FN:80,safeValidateDefiPosition
FNF:2
FNH:1
FNDA:5,validateDefiPosition
FNDA:0,safeValidateDefiPosition
DA:11,1
DA:19,1
DA:21,1
DA:73,5
DA:81,0
LF:5
LH:4
BRF:0
BRH:0
end_of_record
TN:
SF:src\schemas\index.js
FNF:0
FNH:0
LF:0
LH:0
BRF:0
BRH:0
end_of_record
TN:
SF:src\schemas\modelPortfolio.schema.js
FN:74,validateModelPortfolio
FN:82,safeValidateModelPortfolio
FNF:2
FNH:1
FNDA:5,validateModelPortfolio
FNDA:0,safeValidateModelPortfolio
DA:15,1
DA:28,1
DA:30,1
DA:75,5
DA:83,0
LF:5
LH:4
BRF:0
BRH:0
end_of_record
TN:
SF:src\schemas\portfolioAsset.schema.js
FN:48,validatePortfolioAsset
FN:58,safeValidatePortfolioAsset
FNF:2
FNH:2
FNDA:7,validatePortfolioAsset
FNDA:2,safeValidatePortfolioAsset
DA:12,1
DA:49,7
DA:59,2
LF:3
LH:3
BRF:0
BRH:0
end_of_record
TN:
SF:src\schemas\research.schema.js
FN:75,validateResearch
FN:83,safeValidateResearch
FNF:2
FNH:1
FNDA:5,validateResearch
FNDA:0,safeValidateResearch
DA:12,1
DA:23,1
DA:25,1
DA:27,1
DA:76,5
DA:84,0
LF:6
LH:5
BRF:0
BRH:0
end_of_record
TN:
SF:src\schemas\strategy.schema.js
FN:74,validateStrategy
FN:82,safeValidateStrategy
FNF:2
FNH:1
FNDA:5,validateStrategy
FNDA:0,safeValidateStrategy
DA:12,1
DA:19,1
DA:24,1
DA:35,1
DA:75,5
DA:83,0
LF:6
LH:5
BRF:0
BRH:0
end_of_record
TN:
SF:src\schemas\transaction.schema.js
FN:41,validateTransaction
FN:52,safeValidateTransaction
FNF:2
FNH:2
FNDA:4,validateTransaction
FNDA:1,safeValidateTransaction
DA:9,1
DA:11,1
DA:42,4
DA:53,1
LF:4
LH:4
BRF:0
BRH:0
end_of_record
TN:
SF:src\schemas\userProfile.schema.js
FNF:0
FNH:0
DA:7,0
DA:16,0
LF:2
LH:0
BRF:0
BRH:0
end_of_record
TN:
SF:src\schemas\web3.schema.js
FN:81,safeParse
FNF:1
FNH:0
FNDA:0,safeParse
DA:11,0
DA:21,0
DA:26,0
DA:33,0
DA:41,0
DA:46,0
DA:55,0
DA:62,0
DA:67,0
DA:74,0
DA:82,0
DA:83,0
DA:84,0
DA:85,0
DA:87,0
LF:15
LH:0
BRDA:81,0,0,0
BRDA:83,1,0,0
BRDA:83,1,1,0
BRF:3
BRH:0
end_of_record
TN:
SF:src\services\aiService.js
FN:20,getFunctionsInstance
FN:40,analyzePortfolioWithAI
FN:77,extractRecommendationsFromAnalysis
FN:122,askFollowUpQuestion
FN:160,explainRecommendation
FNF:5
FNH:0
FNDA:0,getFunctionsInstance
FNDA:0,analyzePortfolioWithAI
FNDA:0,extractRecommendationsFromAnalysis
FNDA:0,askFollowUpQuestion
FNDA:0,explainRecommendation
DA:21,0
DA:22,0
DA:24,0
DA:41,0
DA:42,0
DA:44,0
DA:45,0
DA:48,0
DA:49,0
DA:50,0
DA:52,0
DA:57,0
DA:58,0
DA:59,0
DA:62,0
DA:65,0
DA:66,0
DA:78,0
DA:79,0
DA:80,0
DA:83,0
DA:85,0
DA:89,0
DA:102,0
DA:103,0
DA:104,0
DA:106,0
DA:110,0
DA:123,0
DA:124,0
DA:126,0
DA:127,0
DA:130,0
DA:131,0
DA:132,0
DA:134,0
DA:139,0
DA:140,0
DA:141,0
DA:144,0
DA:146,0
DA:147,0
DA:161,0
DA:162,0
DA:164,0
DA:165,0
DA:168,0
DA:169,0
DA:170,0
DA:172,0
DA:177,0
DA:178,0
DA:179,0
DA:182,0
DA:184,0
DA:185,0
LF:56
LH:0
BRDA:41,0,0,0
BRDA:41,0,1,0
BRDA:41,1,0,0
BRDA:41,1,1,0
BRDA:44,2,0,0
BRDA:44,2,1,0
BRDA:44,3,0,0
BRDA:44,3,1,0
BRDA:58,4,0,0
BRDA:58,4,1,0
BRDA:65,5,0,0
BRDA:65,5,1,0
BRDA:78,6,0,0
BRDA:78,6,1,0
BRDA:78,7,0,0
BRDA:78,7,1,0
BRDA:92,8,0,0
BRDA:92,8,1,0
BRDA:93,9,0,0
BRDA:93,9,1,0
BRDA:94,10,0,0
BRDA:94,10,1,0
BRDA:103,11,0,0
BRDA:103,11,1,0
BRDA:123,12,0,0
BRDA:123,12,1,0
BRDA:123,13,0,0
BRDA:123,13,1,0
BRDA:126,14,0,0
BRDA:126,14,1,0
BRDA:140,15,0,0
BRDA:140,15,1,0
BRDA:140,16,0,0
BRDA:140,16,1,0
BRDA:146,17,0,0
BRDA:146,17,1,0
BRDA:161,18,0,0
BRDA:161,18,1,0
BRDA:161,19,0,0
BRDA:161,19,1,0
BRDA:164,20,0,0
BRDA:164,20,1,0
BRDA:164,21,0,0
BRDA:164,21,1,0
BRDA:178,22,0,0
BRDA:178,22,1,0
BRDA:178,23,0,0
BRDA:178,23,1,0
BRDA:184,24,0,0
BRDA:184,24,1,0
BRF:50
BRH:0
end_of_record
TN:
SF:src\services\opportunityAnalyzer.js
FN:31,calculateSwapAmount
FN:46,getRiskMultiplier
FN:63,estimateSwapGasImpact
FN:77,calculateOpportunityScore
FN:99,findRebalancingOpportunities
FN:108,(anonymous_5)
FN:144,rankOpportunitiesByScore
FN:150,(anonymous_7)
FN:154,(anonymous_8)
FNF:9
FNH:8
FNDA:0,calculateSwapAmount
FNDA:5,getRiskMultiplier
FNDA:5,estimateSwapGasImpact
FNDA:5,calculateOpportunityScore
FNDA:5,findRebalancingOpportunities
FNDA:10,(anonymous_5)
FNDA:5,rankOpportunitiesByScore
FNDA:5,(anonymous_7)
FNDA:2,(anonymous_8)
DA:12,1
DA:33,0
DA:36,0
DA:47,5
DA:53,5
DA:65,5
DA:66,5
DA:67,5
DA:79,5
DA:80,5
DA:81,5
DA:83,5
DA:104,5
DA:105,0
DA:108,10
DA:109,5
DA:110,5
DA:111,5
DA:114,0
DA:116,0
DA:117,0
DA:118,0
DA:119,0
DA:120,0
DA:122,0
DA:123,0
DA:134,0
DA:145,5
DA:146,2
DA:149,3
DA:150,5
DA:154,2
LF:32
LH:20
BRDA:53,0,0,5
BRDA:53,0,1,1
BRDA:101,1,0,0
BRDA:102,2,0,0
BRDA:104,3,0,0
BRDA:104,3,1,5
BRDA:104,4,0,5
BRDA:104,4,1,5
BRDA:108,5,0,10
BRDA:108,5,1,10
BRDA:109,6,0,5
BRDA:109,6,1,0
BRDA:117,7,0,0
BRDA:117,7,1,0
BRDA:118,8,0,0
BRDA:118,8,1,0
BRDA:119,9,0,0
BRDA:119,9,1,0
BRDA:122,10,0,0
BRDA:122,10,1,0
BRDA:124,11,0,0
BRDA:124,11,1,0
BRDA:145,12,0,2
BRDA:145,12,1,3
BRDA:145,13,0,5
BRDA:145,13,1,5
BRF:26
BRH:12
end_of_record
TN:
SF:src\services\pricesService.js
FN:14,fetchCoinPrices
FN:35,(anonymous_1)
FNF:2
FNH:0
FNDA:0,fetchCoinPrices
FNDA:0,(anonymous_1)
DA:7,0
DA:15,0
DA:17,0
DA:18,0
DA:20,0
DA:21,0
DA:23,0
DA:26,0
DA:27,0
DA:33,0
DA:35,0
LF:11
LH:0
BRDA:15,0,0,0
BRDA:15,0,1,0
BRDA:15,1,0,0
BRDA:15,1,1,0
BRDA:21,2,0,0
BRDA:21,2,1,0
BRDA:27,3,0,0
BRDA:27,3,1,0
BRF:8
BRH:0
end_of_record
TN:
SF:src\services\swapService.js
FN:29,getSwapQuote
FN:48,(anonymous_1)
FN:77,calculateSlippageAmount
FN:93,estimateSwapGasInUsd
FN:118,getSwapTransaction
FN:150,(anonymous_5)
FN:177,executeSwap
FN:228,pollTransactionStatus
FN:260,(anonymous_8)
FN:273,(anonymous_9)
FNF:10
FNH:0
FNDA:0,getSwapQuote
FNDA:0,(anonymous_1)
FNDA:0,calculateSlippageAmount
FNDA:0,estimateSwapGasInUsd
FNDA:0,getSwapTransaction
FNDA:0,(anonymous_5)
FNDA:0,executeSwap
FNDA:0,pollTransactionStatus
FNDA:0,(anonymous_8)
FNDA:0,(anonymous_9)
DA:12,1
DA:13,1
DA:30,0
DA:31,0
DA:33,0
DA:34,0
DA:37,0
DA:38,0
DA:45,0
DA:46,0
DA:47,0
DA:48,0
DA:49,0
DA:51,0
DA:53,0
DA:56,0
DA:58,0
DA:60,0
DA:78,0
DA:80,0
DA:82,0
DA:83,0
DA:94,0
DA:95,0
DA:97,0
DA:98,0
DA:101,0
DA:102,0
DA:126,0
DA:127,0
DA:129,0
DA:130,0
DA:132,0
DA:133,0
DA:136,0
DA:137,0
DA:147,0
DA:148,0
DA:149,0
DA:150,0
DA:151,0
DA:153,0
DA:155,0
DA:158,0
DA:160,0
DA:178,0
DA:179,0
DA:181,0
DA:182,0
DA:186,0
DA:187,0
DA:198,0
DA:199,0
DA:202,0
DA:204,0
DA:207,0
DA:208,0
DA:211,0
DA:212,0
DA:215,0
DA:229,0
DA:230,0
DA:232,0
DA:233,0
DA:236,0
DA:238,0
DA:240,0
DA:241,0
DA:252,0
DA:253,0
DA:256,0
DA:259,0
DA:260,0
DA:261,0
DA:264,0
DA:265,0
DA:268,0
DA:269,0
DA:273,0
DA:276,0
LF:80
LH:2
BRDA:29,0,0,0
BRDA:30,1,0,0
BRDA:30,1,1,0
BRDA:30,2,0,0
BRDA:30,2,1,0
BRDA:33,3,0,0
BRDA:33,3,1,0
BRDA:33,4,0,0
BRDA:33,4,1,0
BRDA:37,5,0,0
BRDA:37,5,1,0
BRDA:47,6,0,0
BRDA:47,6,1,0
BRDA:77,7,0,0
BRDA:78,8,0,0
BRDA:78,8,1,0
BRDA:78,9,0,0
BRDA:78,9,1,0
BRDA:94,10,0,0
BRDA:94,10,1,0
BRDA:94,11,0,0
BRDA:94,11,1,0
BRDA:97,12,0,0
BRDA:97,12,1,0
BRDA:97,13,0,0
BRDA:97,13,1,0
BRDA:123,14,0,0
BRDA:124,15,0,0
BRDA:126,16,0,0
BRDA:126,16,1,0
BRDA:126,17,0,0
BRDA:126,17,1,0
BRDA:129,18,0,0
BRDA:129,18,1,0
BRDA:129,19,0,0
BRDA:129,19,1,0
BRDA:132,20,0,0
BRDA:132,20,1,0
BRDA:136,21,0,0
BRDA:136,21,1,0
BRDA:149,22,0,0
BRDA:149,22,1,0
BRDA:178,23,0,0
BRDA:178,23,1,0
BRDA:181,24,0,0
BRDA:181,24,1,0
BRDA:198,25,0,0
BRDA:198,25,1,0
BRDA:207,26,0,0
BRDA:207,26,1,0
BRDA:211,27,0,0
BRDA:211,27,1,0
BRDA:228,28,0,0
BRDA:229,29,0,0
BRDA:229,29,1,0
BRDA:232,30,0,0
BRDA:232,30,1,0
BRDA:252,31,0,0
BRDA:252,31,1,0
BRDA:264,32,0,0
BRDA:264,32,1,0
BRDA:268,33,0,0
BRDA:268,33,1,0
BRF:63
BRH:0
end_of_record
TN:
SF:src\services\transactionService.js
FN:41,toDate
FN:55,docToTransaction
FN:82,getTransactionsForAsset
FN:87,(anonymous_3)
FN:101,getAllTransactions
FN:153,addTransaction
FN:184,seedTransactionsIfEmpty
FNF:7
FNH:0
FNDA:0,toDate
FNDA:0,docToTransaction
FNDA:0,getTransactionsForAsset
FNDA:0,(anonymous_3)
FNDA:0,getAllTransactions
FNDA:0,addTransaction
FNDA:0,seedTransactionsIfEmpty
DA:42,0
DA:43,0
DA:44,0
DA:45,0
DA:56,0
DA:57,0
DA:83,0
DA:84,0
DA:85,0
DA:87,0
DA:106,0
DA:107,0
DA:109,0
DA:110,0
DA:111,0
DA:113,0
DA:115,0
DA:116,0
DA:117,0
DA:120,0
DA:122,0
DA:125,0
DA:128,0
DA:129,0
DA:154,0
DA:155,0
DA:168,0
DA:169,0
DA:170,0
DA:185,0
DA:186,0
DA:188,0
DA:218,0
DA:219,0
DA:220,0
DA:223,0
DA:224,0
DA:225,0
DA:227,0
DA:228,0
DA:230,0
DA:231,0
DA:232,0
DA:234,0
LF:44
LH:0
BRDA:42,0,0,0
BRDA:42,0,1,0
BRDA:43,1,0,0
BRDA:43,1,1,0
BRDA:44,2,0,0
BRDA:44,2,1,0
BRDA:59,3,0,0
BRDA:59,3,1,0
BRDA:59,3,2,0
BRDA:60,4,0,0
BRDA:60,4,1,0
BRDA:61,5,0,0
BRDA:61,5,1,0
BRDA:62,6,0,0
BRDA:62,6,1,0
BRDA:63,7,0,0
BRDA:63,7,1,0
BRDA:64,8,0,0
BRDA:64,8,1,0
BRDA:66,9,0,0
BRDA:66,9,1,0
BRDA:67,10,0,0
BRDA:67,10,1,0
BRDA:67,11,0,0
BRDA:67,11,1,0
BRDA:67,12,0,0
BRDA:67,12,1,0
BRDA:120,13,0,0
BRDA:120,13,1,0
BRDA:159,14,0,0
BRDA:159,14,1,0
BRDA:160,15,0,0
BRDA:160,15,1,0
BRDA:163,16,0,0
BRDA:163,16,1,0
BRDA:164,17,0,0
BRDA:164,17,1,0
BRDA:186,18,0,0
BRDA:186,18,1,0
BRDA:186,19,0,0
BRDA:186,19,1,0
BRDA:186,19,2,0
BRDA:219,20,0,0
BRDA:219,20,1,0
BRDA:220,21,0,0
BRDA:220,21,1,0
BRDA:225,22,0,0
BRDA:225,22,1,0
BRDA:228,23,0,0
BRDA:228,23,1,0
BRDA:240,24,0,0
BRDA:240,24,1,0
BRDA:241,25,0,0
BRDA:241,25,1,0
BRF:54
BRH:0
end_of_record
TN:
SF:src\services\walletsService.js
FN:12,fetchWalletsData
FN:30,(anonymous_1)
FN:30,(anonymous_2)
FN:31,(anonymous_3)
FNF:4
FNH:0
FNDA:0,fetchWalletsData
FNDA:0,(anonymous_1)
FNDA:0,(anonymous_2)
FNDA:0,(anonymous_3)
DA:13,0
DA:14,0
DA:17,0
DA:18,0
DA:20,0
DA:21,0
DA:28,0
DA:30,0
DA:31,0
LF:9
LH:0
BRDA:13,0,0,0
BRDA:13,0,1,0
BRDA:13,1,0,0
BRDA:13,1,1,0
BRF:4
BRH:0
end_of_record
